2024-11-11 11:55:53.983 [info] Started local extension host with pid 4770.
2024-11-11 11:55:55.470 [error] [/home/maskura/.vscode/extensions/ms-python.python-2024.16.1-linux-x64]: Extension is not compatible with Code 1.89.1. Extension requires: ^1.94.0-20240918.
2024-11-11 11:55:55.471 [error] [/home/maskura/.vscode/extensions/ms-python.python-2024.18.0-linux-x64]: Extension is not compatible with Code 1.89.1. Extension requires: ^1.94.0-20240918.
2024-11-11 11:55:55.471 [error] [/home/maskura/.vscode/extensions/ms-python.vscode-pylance-2024.10.1]: Extension is not compatible with Code 1.89.1. Extension requires: ^1.91.0.
2024-11-11 11:55:55.472 [error] [/home/maskura/.vscode/extensions/ms-python.vscode-pylance-2024.11.1]: Extension is not compatible with Code 1.89.1. Extension requires: ^1.91.0.
2024-11-11 11:55:55.474 [error] [/home/maskura/.vscode/extensions/ms-python.debugpy-2024.12.0-linux-x64]: Extension is not compatible with Code 1.89.1. Extension requires: ^1.92.0.
2024-11-11 11:55:55.475 [error] [/home/maskura/.vscode/extensions/ms-python.python-2024.18.1-linux-x64]: Extension is not compatible with Code 1.89.1. Extension requires: ^1.94.0-20240918.
2024-11-11 11:55:59.463 [info] [perf] Render performance baseline is 132ms
2024-11-11 11:56:05.838 [info] Started local extension host with pid 4838.
2024-11-11 11:56:09.047 [error] [/home/maskura/.vscode/extensions/ms-python.python-2024.16.1-linux-x64]: Extension is not compatible with Code 1.89.1. Extension requires: ^1.94.0-20240918.
2024-11-11 11:56:09.048 [error] [/home/maskura/.vscode/extensions/ms-python.vscode-pylance-2024.10.1]: Extension is not compatible with Code 1.89.1. Extension requires: ^1.91.0.
2024-11-11 11:56:09.048 [error] [/home/maskura/.vscode/extensions/ms-python.python-2024.18.0-linux-x64]: Extension is not compatible with Code 1.89.1. Extension requires: ^1.94.0-20240918.
2024-11-11 11:56:09.049 [error] [/home/maskura/.vscode/extensions/ms-python.debugpy-2024.12.0-linux-x64]: Extension is not compatible with Code 1.89.1. Extension requires: ^1.92.0.
2024-11-11 11:56:09.049 [error] [/home/maskura/.vscode/extensions/ms-python.python-2024.18.1-linux-x64]: Extension is not compatible with Code 1.89.1. Extension requires: ^1.94.0-20240918.
2024-11-11 11:56:09.049 [error] [/home/maskura/.vscode/extensions/ms-python.vscode-pylance-2024.11.1]: Extension is not compatible with Code 1.89.1. Extension requires: ^1.91.0.
2024-11-11 11:56:10.407 [info] [perf] Render performance baseline is 56ms
2024-11-11 11:56:45.094 [error] XHR timeout: undefinedms: Timeout: XHR timeout: undefinedms
    at ee.B (vscode-file://vscode-app/usr/share/code/resources/app/out/vs/workbench/workbench.desktop.main.js:792:24018)
    at async ee.z (vscode-file://vscode-app/usr/share/code/resources/app/out/vs/workbench/workbench.desktop.main.js:792:20814)
    at async ee.getExtensions (vscode-file://vscode-app/usr/share/code/resources/app/out/vs/workbench/workbench.desktop.main.js:792:17451)
    at async X.checkForUpdates (vscode-file://vscode-app/usr/share/code/resources/app/out/vs/workbench/workbench.desktop.main.js:2477:21398)
    at async vscode-file://vscode-app/usr/share/code/resources/app/out/vs/workbench/workbench.desktop.main.js:2477:22379
2024-11-11 11:56:51.394 [info] Started local extension host with pid 4945.
2024-11-11 11:56:54.308 [info] [perf] Render performance baseline is 81ms
2024-11-11 11:56:54.581 [error] [/home/maskura/.vscode/extensions/ms-python.python-2024.16.1-linux-x64]: Extension is not compatible with Code 1.89.1. Extension requires: ^1.94.0-20240918.
2024-11-11 11:56:54.636 [error] [/home/maskura/.vscode/extensions/ms-python.vscode-pylance-2024.10.1]: Extension is not compatible with Code 1.89.1. Extension requires: ^1.91.0.
2024-11-11 11:56:54.637 [error] [/home/maskura/.vscode/extensions/ms-python.python-2024.18.0-linux-x64]: Extension is not compatible with Code 1.89.1. Extension requires: ^1.94.0-20240918.
2024-11-11 11:56:54.637 [error] [/home/maskura/.vscode/extensions/ms-python.debugpy-2024.12.0-linux-x64]: Extension is not compatible with Code 1.89.1. Extension requires: ^1.92.0.
2024-11-11 11:56:54.652 [error] [/home/maskura/.vscode/extensions/ms-python.vscode-pylance-2024.11.1]: Extension is not compatible with Code 1.89.1. Extension requires: ^1.91.0.
2024-11-11 11:56:54.652 [error] [/home/maskura/.vscode/extensions/ms-python.python-2024.18.1-linux-x64]: Extension is not compatible with Code 1.89.1. Extension requires: ^1.94.0-20240918.
2024-11-11 11:56:59.206 [info] Started local extension host with pid 4995.
2024-11-11 11:57:02.463 [error] [/home/maskura/.vscode/extensions/ms-python.vscode-pylance-2024.10.1]: Extension is not compatible with Code 1.89.1. Extension requires: ^1.91.0.
2024-11-11 11:57:02.464 [error] [/home/maskura/.vscode/extensions/ms-python.python-2024.16.1-linux-x64]: Extension is not compatible with Code 1.89.1. Extension requires: ^1.94.0-20240918.
2024-11-11 11:57:02.530 [error] [/home/maskura/.vscode/extensions/ms-python.python-2024.18.0-linux-x64]: Extension is not compatible with Code 1.89.1. Extension requires: ^1.94.0-20240918.
2024-11-11 11:57:02.579 [error] [/home/maskura/.vscode/extensions/ms-python.debugpy-2024.12.0-linux-x64]: Extension is not compatible with Code 1.89.1. Extension requires: ^1.92.0.
2024-11-11 11:57:02.581 [error] [/home/maskura/.vscode/extensions/ms-python.vscode-pylance-2024.11.1]: Extension is not compatible with Code 1.89.1. Extension requires: ^1.91.0.
2024-11-11 11:57:02.587 [error] [/home/maskura/.vscode/extensions/ms-python.python-2024.18.1-linux-x64]: Extension is not compatible with Code 1.89.1. Extension requires: ^1.94.0-20240918.
2024-11-11 11:57:02.928 [info] [perf] Render performance baseline is 97ms
