2024-11-11 11:55:53.790 [info] Added views:workbench.panel.markers.view in workbench.panel.markers
2024-11-11 11:55:53.790 [info] Added views:workbench.panel.output in workbench.panel.output
2024-11-11 11:55:53.790 [info] Added views:terminal in terminal
2024-11-11 11:55:53.790 [info] Added views:outline in workbench.view.explorer
2024-11-11 11:55:53.790 [info] Added views:workbench.scm in workbench.view.scm
2024-11-11 11:55:53.790 [info] Added views:workbench.view.search in workbench.view.search
2024-11-11 11:55:53.790 [info] Added views:timeline in workbench.view.explorer
2024-11-11 11:55:53.790 [info] Added views:workbench.explorer.emptyView in workbench.view.explorer
2024-11-11 11:55:54.372 [info] Added views:workbench.debug.variablesView,workbench.debug.watchExpressionsView,workbench.debug.callStackView,workbench.debug.breakPointsView in workbench.view.debug
2024-11-11 11:55:55.990 [info] Added views:~remote.forwardedPorts in ~remote.forwardedPortsContainer
2024-11-11 11:55:56.128 [info] Added views:workbench.panel.repl.view in workbench.panel.repl
2024-11-11 11:55:56.129 [info] Removed views:workbench.debug.breakPointsView,workbench.debug.callStackView,workbench.debug.watchExpressionsView,workbench.debug.variablesView from workbench.view.debug
2024-11-11 11:55:56.132 [info] Added views:workbench.debug.welcome in workbench.view.debug
2024-11-11 11:56:05.766 [info] Added views:workbench.panel.markers.view in workbench.panel.markers
2024-11-11 11:56:05.766 [info] Added views:workbench.panel.output in workbench.panel.output
2024-11-11 11:56:05.766 [info] Added views:terminal in terminal
2024-11-11 11:56:05.766 [info] Added views:outline in workbench.view.explorer
2024-11-11 11:56:05.766 [info] Added views:workbench.scm in workbench.view.scm
2024-11-11 11:56:05.766 [info] Added views:workbench.view.search in workbench.view.search
2024-11-11 11:56:05.766 [info] Added views:timeline in workbench.view.explorer
2024-11-11 11:56:05.766 [info] Added views:workbench.explorer.emptyView in workbench.view.explorer
2024-11-11 11:56:06.674 [info] Added views:workbench.debug.welcome in workbench.view.debug
2024-11-11 11:56:06.983 [info] Added views:workbench.panel.repl.view in workbench.panel.repl
2024-11-11 11:56:07.061 [info] Added views:~remote.forwardedPorts in ~remote.forwardedPortsContainer
2024-11-11 11:56:51.221 [info] Added views:workbench.panel.markers.view in workbench.panel.markers
2024-11-11 11:56:51.221 [info] Added views:workbench.panel.output in workbench.panel.output
2024-11-11 11:56:51.221 [info] Added views:terminal in terminal
2024-11-11 11:56:51.221 [info] Added views:outline in workbench.view.explorer
2024-11-11 11:56:51.221 [info] Added views:workbench.scm in workbench.view.scm
2024-11-11 11:56:51.221 [info] Added views:workbench.view.search in workbench.view.search
2024-11-11 11:56:51.221 [info] Added views:timeline in workbench.view.explorer
2024-11-11 11:56:51.221 [info] Added views:workbench.explorer.fileView in workbench.view.explorer
2024-11-11 11:56:52.043 [info] Added views:workbench.debug.variablesView,workbench.debug.watchExpressionsView,workbench.debug.callStackView,workbench.debug.breakPointsView in workbench.view.debug
2024-11-11 11:56:52.249 [info] Added views:workbench.panel.repl.view in workbench.panel.repl
2024-11-11 11:56:52.250 [info] Removed views:workbench.debug.breakPointsView,workbench.debug.callStackView,workbench.debug.watchExpressionsView,workbench.debug.variablesView from workbench.view.debug
2024-11-11 11:56:52.253 [info] Added views:workbench.debug.welcome in workbench.view.debug
2024-11-11 11:56:52.371 [info] Added views:~remote.forwardedPorts in ~remote.forwardedPortsContainer
2024-11-11 11:56:59.105 [info] Added views:workbench.panel.markers.view in workbench.panel.markers
2024-11-11 11:56:59.105 [info] Added views:workbench.panel.output in workbench.panel.output
2024-11-11 11:56:59.105 [info] Added views:terminal in terminal
2024-11-11 11:56:59.105 [info] Added views:outline in workbench.view.explorer
2024-11-11 11:56:59.105 [info] Added views:workbench.scm in workbench.view.scm
2024-11-11 11:56:59.106 [info] Added views:workbench.view.search in workbench.view.search
2024-11-11 11:56:59.106 [info] Added views:timeline in workbench.view.explorer
2024-11-11 11:56:59.106 [info] Added views:workbench.explorer.fileView in workbench.view.explorer
2024-11-11 11:56:59.985 [info] Added views:workbench.debug.welcome in workbench.view.debug
2024-11-11 11:57:00.078 [info] Added views:workbench.panel.repl.view in workbench.panel.repl
2024-11-11 11:57:00.609 [info] Added views:~remote.forwardedPorts in ~remote.forwardedPortsContainer
2024-11-11 11:57:04.565 [info] Added views:workbench.view.testing in workbench.view.extension.test
