2024-11-14 12:05:15.296 [info] Log level: Info
2024-11-14 12:05:15.296 [info] Validating found git in: "git"
2024-11-14 12:05:15.296 [info] Using git "2.43.0" from "git"
2024-11-14 12:05:15.296 [info] > git rev-parse --show-toplevel [85ms]
2024-11-14 12:05:15.348 [info] > git rev-parse --git-dir --git-common-dir [9ms]
2024-11-14 12:05:15.374 [info] Open repository: /mnt/hdd/HDD(lost+found)/maskura/project/Edge_project/baiust
2024-11-14 12:05:15.398 [info] > git config --get commit.template [9ms]
2024-11-14 12:05:15.402 [info] > git rev-parse --show-toplevel [7ms]
2024-11-14 12:05:15.423 [info] > git rev-parse --show-toplevel [2ms]
2024-11-14 12:05:15.433 [info] > git rev-parse --show-toplevel [2ms]
2024-11-14 12:05:15.445 [info] > git rev-parse --show-toplevel [4ms]
2024-11-14 12:05:15.462 [info] > git rev-parse --show-toplevel [5ms]
2024-11-14 12:05:15.709 [info] > git for-each-ref --format=%(refname)%00%(upstream:short)%00%(objectname)%00%(upstream:track)%00%(upstream:remotename)%00%(upstream:remoteref) refs/heads/main refs/remotes/main [300ms]
2024-11-14 12:05:16.102 [info] > git status -z -uall [376ms]
2024-11-14 12:05:16.171 [info] > git check-ignore -v -z --stdin [12ms]
2024-11-14 12:05:16.174 [info] > git merge-base refs/heads/main refs/remotes/origin/main [54ms]
2024-11-14 12:05:16.189 [info] > git config --get commit.template [21ms]
2024-11-14 12:05:16.194 [info] > git rev-list --count --left-right refs/heads/main...refs/remotes/origin/main [8ms]
2024-11-14 12:05:16.277 [info] > git for-each-ref --format=%(refname)%00%(upstream:short)%00%(objectname)%00%(upstream:track)%00%(upstream:remotename)%00%(upstream:remoteref) refs/heads/main refs/remotes/main [64ms]
2024-11-14 12:05:16.277 [info] > git diff --name-status -z --diff-filter=ADMR 7f08467087fbd8de0fc444555b5fae4780b5e2e1...refs/remotes/origin/main [74ms]
2024-11-14 12:05:16.300 [info] > git show --textconv :app_edge/views/cviews.py [13ms]
2024-11-14 12:05:16.302 [info] > git ls-files --stage -- /mnt/hdd/HDD(lost+found)/maskura/project/Edge_project/baiust/app_edge/views/cviews.py [4ms]
2024-11-14 12:05:16.338 [info] > git status -z -uall [28ms]
2024-11-14 12:05:22.396 [info] Log level: Info
2024-11-14 12:05:22.396 [info] Validating found git in: "git"
2024-11-14 12:05:22.396 [info] Using git "2.43.0" from "git"
2024-11-14 12:05:22.396 [info] > git rev-parse --show-toplevel [53ms]
2024-11-14 12:05:22.396 [info] > git rev-parse --git-dir --git-common-dir [21ms]
2024-11-14 12:05:22.396 [info] Open repository: /mnt/hdd/HDD(lost+found)/maskura/project/Edge_project/baiust
2024-11-14 12:05:22.633 [info] > git rev-parse --show-toplevel [221ms]
2024-11-14 12:05:22.635 [info] > git config --get commit.template [229ms]
2024-11-14 12:05:22.697 [info] > git for-each-ref --format=%(refname)%00%(upstream:short)%00%(objectname)%00%(upstream:track)%00%(upstream:remotename)%00%(upstream:remoteref) refs/heads/main refs/remotes/main [40ms]
2024-11-14 12:05:22.697 [info] > git rev-parse --show-toplevel [47ms]
2024-11-14 12:05:22.713 [info] > git rev-parse --show-toplevel [9ms]
2024-11-14 12:05:22.738 [info] > git rev-parse --show-toplevel [3ms]
2024-11-14 12:05:22.751 [info] > git rev-parse --show-toplevel [1ms]
2024-11-14 12:05:22.760 [info] > git status -z -uall [39ms]
2024-11-14 12:05:22.829 [info] > git merge-base refs/heads/main refs/remotes/origin/main [54ms]
2024-11-14 12:05:22.843 [info] > git config --get commit.template [15ms]
2024-11-14 12:05:22.850 [info] > git rev-list --count --left-right refs/heads/main...refs/remotes/origin/main [9ms]
2024-11-14 12:05:22.928 [info] > git for-each-ref --format=%(refname)%00%(upstream:short)%00%(objectname)%00%(upstream:track)%00%(upstream:remotename)%00%(upstream:remoteref) refs/heads/main refs/remotes/main [62ms]
2024-11-14 12:05:22.929 [info] > git diff --name-status -z --diff-filter=ADMR 7f08467087fbd8de0fc444555b5fae4780b5e2e1...refs/remotes/origin/main [70ms]
2024-11-14 12:05:22.988 [info] > git status -z -uall [44ms]
2024-11-14 12:05:23.162 [info] > git check-ignore -v -z --stdin [4ms]
2024-11-14 12:05:23.811 [info] > git show --textconv :app_edge/views/cviews.py [38ms]
2024-11-14 12:05:23.811 [info] > git ls-files --stage -- /mnt/hdd/HDD(lost+found)/maskura/project/Edge_project/baiust/app_edge/views/cviews.py [24ms]
2024-11-14 12:05:27.732 [info] > git config --get commit.template [10ms]
2024-11-14 12:05:27.734 [info] > git for-each-ref --format=%(refname)%00%(upstream:short)%00%(objectname)%00%(upstream:track)%00%(upstream:remotename)%00%(upstream:remoteref) refs/heads/main refs/remotes/main [3ms]
2024-11-14 12:05:27.764 [info] > git status -z -uall [21ms]
2024-11-14 12:05:32.794 [info] > git config --get commit.template [10ms]
2024-11-14 12:05:32.796 [info] > git for-each-ref --format=%(refname)%00%(upstream:short)%00%(objectname)%00%(upstream:track)%00%(upstream:remotename)%00%(upstream:remoteref) refs/heads/main refs/remotes/main [3ms]
2024-11-14 12:05:32.825 [info] > git status -z -uall [20ms]
2024-11-14 12:05:37.861 [info] > git config --get commit.template [10ms]
2024-11-14 12:05:37.863 [info] > git for-each-ref --format=%(refname)%00%(upstream:short)%00%(objectname)%00%(upstream:track)%00%(upstream:remotename)%00%(upstream:remoteref) refs/heads/main refs/remotes/main [3ms]
2024-11-14 12:05:37.888 [info] > git status -z -uall [17ms]
2024-11-14 12:05:42.928 [info] > git config --get commit.template [12ms]
2024-11-14 12:05:42.930 [info] > git for-each-ref --format=%(refname)%00%(upstream:short)%00%(objectname)%00%(upstream:track)%00%(upstream:remotename)%00%(upstream:remoteref) refs/heads/main refs/remotes/main [3ms]
2024-11-14 12:05:42.955 [info] > git status -z -uall [19ms]
2024-11-14 12:06:33.406 [info] > git config --get commit.template [34ms]
2024-11-14 12:06:33.414 [info] > git for-each-ref --format=%(refname)%00%(upstream:short)%00%(objectname)%00%(upstream:track)%00%(upstream:remotename)%00%(upstream:remoteref) refs/heads/main refs/remotes/main [23ms]
2024-11-14 12:06:33.522 [info] > git status -z -uall [74ms]
2024-11-14 12:06:38.579 [info] > git config --get commit.template [7ms]
2024-11-14 12:06:38.580 [info] > git for-each-ref --format=%(refname)%00%(upstream:short)%00%(objectname)%00%(upstream:track)%00%(upstream:remotename)%00%(upstream:remoteref) refs/heads/main refs/remotes/main [2ms]
2024-11-14 12:06:38.607 [info] > git status -z -uall [20ms]
2024-11-14 12:06:39.837 [info] > git ls-files --stage -- /mnt/hdd/HDD(lost+found)/maskura/project/Edge_project/baiust/app_edge/models.py [3ms]
2024-11-14 12:06:39.951 [info] > git show --textconv :app_edge/models.py [127ms]
2024-11-14 12:06:39.951 [info] > git cat-file -s 71a836239075aa6e6e4ecb700e9c42c95c022d91 [107ms]
2024-11-14 12:06:43.643 [info] > git config --get commit.template [11ms]
2024-11-14 12:06:43.645 [info] > git for-each-ref --format=%(refname)%00%(upstream:short)%00%(objectname)%00%(upstream:track)%00%(upstream:remotename)%00%(upstream:remoteref) refs/heads/main refs/remotes/main [4ms]
2024-11-14 12:06:43.674 [info] > git status -z -uall [20ms]
2024-11-14 12:06:53.157 [info] > git config --get commit.template [2ms]
2024-11-14 12:06:53.168 [info] > git for-each-ref --format=%(refname)%00%(upstream:short)%00%(objectname)%00%(upstream:track)%00%(upstream:remotename)%00%(upstream:remoteref) refs/heads/main refs/remotes/main [3ms]
2024-11-14 12:06:53.198 [info] > git status -z -uall [20ms]
2024-11-14 12:06:58.680 [info] > git config --get commit.template [7ms]
2024-11-14 12:06:58.682 [info] > git for-each-ref --format=%(refname)%00%(upstream:short)%00%(objectname)%00%(upstream:track)%00%(upstream:remotename)%00%(upstream:remoteref) refs/heads/main refs/remotes/main [2ms]
2024-11-14 12:06:58.707 [info] > git status -z -uall [19ms]
2024-11-14 12:07:03.742 [info] > git config --get commit.template [9ms]
2024-11-14 12:07:03.743 [info] > git for-each-ref --format=%(refname)%00%(upstream:short)%00%(objectname)%00%(upstream:track)%00%(upstream:remotename)%00%(upstream:remoteref) refs/heads/main refs/remotes/main [2ms]
2024-11-14 12:07:03.770 [info] > git status -z -uall [21ms]
2024-11-14 12:08:09.080 [info] > git config --get commit.template [3ms]
2024-11-14 12:08:09.095 [info] > git for-each-ref --format=%(refname)%00%(upstream:short)%00%(objectname)%00%(upstream:track)%00%(upstream:remotename)%00%(upstream:remoteref) refs/heads/main refs/remotes/main [6ms]
2024-11-14 12:08:09.136 [info] > git status -z -uall [27ms]
2024-11-14 12:08:11.267 [info] > git show --textconv :app_edge/views/cviews.py [7ms]
2024-11-14 12:08:11.269 [info] > git ls-files --stage -- /mnt/hdd/HDD(lost+found)/maskura/project/Edge_project/baiust/app_edge/views/cviews.py [3ms]
2024-11-14 12:08:14.173 [info] > git config --get commit.template [10ms]
2024-11-14 12:08:14.175 [info] > git for-each-ref --format=%(refname)%00%(upstream:short)%00%(objectname)%00%(upstream:track)%00%(upstream:remotename)%00%(upstream:remoteref) refs/heads/main refs/remotes/main [3ms]
2024-11-14 12:08:14.203 [info] > git status -z -uall [20ms]
2024-11-14 12:08:19.236 [info] > git config --get commit.template [7ms]
2024-11-14 12:08:19.251 [info] > git for-each-ref --format=%(refname)%00%(upstream:short)%00%(objectname)%00%(upstream:track)%00%(upstream:remotename)%00%(upstream:remoteref) refs/heads/main refs/remotes/main [3ms]
2024-11-14 12:08:19.280 [info] > git status -z -uall [19ms]
2024-11-14 12:08:24.311 [info] > git config --get commit.template [10ms]
2024-11-14 12:08:24.313 [info] > git for-each-ref --format=%(refname)%00%(upstream:short)%00%(objectname)%00%(upstream:track)%00%(upstream:remotename)%00%(upstream:remoteref) refs/heads/main refs/remotes/main [3ms]
2024-11-14 12:08:24.340 [info] > git status -z -uall [20ms]
2024-11-14 12:08:29.375 [info] > git config --get commit.template [11ms]
2024-11-14 12:08:29.377 [info] > git for-each-ref --format=%(refname)%00%(upstream:short)%00%(objectname)%00%(upstream:track)%00%(upstream:remotename)%00%(upstream:remoteref) refs/heads/main refs/remotes/main [3ms]
2024-11-14 12:08:29.405 [info] > git status -z -uall [20ms]
2024-11-14 12:08:53.156 [info] > git config --get commit.template [9ms]
2024-11-14 12:08:53.157 [info] > git for-each-ref --format=%(refname)%00%(upstream:short)%00%(objectname)%00%(upstream:track)%00%(upstream:remotename)%00%(upstream:remoteref) refs/heads/main refs/remotes/main [2ms]
2024-11-14 12:08:53.182 [info] > git status -z -uall [17ms]
2024-11-14 12:09:01.959 [info] > git show --textconv :app_edge/models.py [9ms]
2024-11-14 12:09:01.960 [info] > git ls-files --stage -- /mnt/hdd/HDD(lost+found)/maskura/project/Edge_project/baiust/app_edge/models.py [2ms]
2024-11-14 12:09:01.970 [info] > git cat-file -s 71a836239075aa6e6e4ecb700e9c42c95c022d91 [3ms]
2024-11-14 12:09:04.056 [info] > git show --textconv :app_edge/views/cviews.py [6ms]
2024-11-14 12:09:04.058 [info] > git ls-files --stage -- /mnt/hdd/HDD(lost+found)/maskura/project/Edge_project/baiust/app_edge/views/cviews.py [3ms]
2024-11-14 12:09:09.266 [info] > git config --get commit.template [10ms]
2024-11-14 12:09:09.268 [info] > git for-each-ref --format=%(refname)%00%(upstream:short)%00%(objectname)%00%(upstream:track)%00%(upstream:remotename)%00%(upstream:remoteref) refs/heads/main refs/remotes/main [3ms]
2024-11-14 12:09:09.296 [info] > git status -z -uall [20ms]
2024-11-14 12:09:14.329 [info] > git config --get commit.template [9ms]
2024-11-14 12:09:14.330 [info] > git for-each-ref --format=%(refname)%00%(upstream:short)%00%(objectname)%00%(upstream:track)%00%(upstream:remotename)%00%(upstream:remoteref) refs/heads/main refs/remotes/main [3ms]
2024-11-14 12:09:14.354 [info] > git status -z -uall [16ms]
2024-11-14 12:09:19.387 [info] > git config --get commit.template [9ms]
2024-11-14 12:09:19.389 [info] > git for-each-ref --format=%(refname)%00%(upstream:short)%00%(objectname)%00%(upstream:track)%00%(upstream:remotename)%00%(upstream:remoteref) refs/heads/main refs/remotes/main [2ms]
2024-11-14 12:09:19.415 [info] > git status -z -uall [20ms]
2024-11-14 12:09:24.448 [info] > git config --get commit.template [9ms]
2024-11-14 12:09:24.450 [info] > git for-each-ref --format=%(refname)%00%(upstream:short)%00%(objectname)%00%(upstream:track)%00%(upstream:remotename)%00%(upstream:remoteref) refs/heads/main refs/remotes/main [4ms]
2024-11-14 12:09:24.478 [info] > git status -z -uall [20ms]
2024-11-14 12:09:29.503 [info] > git config --get commit.template [9ms]
2024-11-14 12:09:29.505 [info] > git for-each-ref --format=%(refname)%00%(upstream:short)%00%(objectname)%00%(upstream:track)%00%(upstream:remotename)%00%(upstream:remoteref) refs/heads/main refs/remotes/main [3ms]
2024-11-14 12:09:29.532 [info] > git status -z -uall [20ms]
2024-11-14 12:09:34.565 [info] > git config --get commit.template [10ms]
2024-11-14 12:09:34.567 [info] > git for-each-ref --format=%(refname)%00%(upstream:short)%00%(objectname)%00%(upstream:track)%00%(upstream:remotename)%00%(upstream:remoteref) refs/heads/main refs/remotes/main [3ms]
2024-11-14 12:09:34.596 [info] > git status -z -uall [21ms]
2024-11-14 12:09:40.467 [info] > git config --get commit.template [6ms]
2024-11-14 12:09:40.469 [info] > git for-each-ref --format=%(refname)%00%(upstream:short)%00%(objectname)%00%(upstream:track)%00%(upstream:remotename)%00%(upstream:remoteref) refs/heads/main refs/remotes/main [1ms]
2024-11-14 12:09:40.490 [info] > git status -z -uall [16ms]
2024-11-14 12:10:19.923 [info] > git config --get commit.template [9ms]
2024-11-14 12:10:19.926 [info] > git for-each-ref --format=%(refname)%00%(upstream:short)%00%(objectname)%00%(upstream:track)%00%(upstream:remotename)%00%(upstream:remoteref) refs/heads/main refs/remotes/main [4ms]
2024-11-14 12:10:19.954 [info] > git status -z -uall [20ms]
2024-11-14 12:10:27.244 [info] > git config --get commit.template [9ms]
2024-11-14 12:10:27.246 [info] > git for-each-ref --format=%(refname)%00%(upstream:short)%00%(objectname)%00%(upstream:track)%00%(upstream:remotename)%00%(upstream:remoteref) refs/heads/main refs/remotes/main [3ms]
2024-11-14 12:10:27.279 [info] > git status -z -uall [25ms]
2024-11-14 12:10:47.208 [info] > git config --get commit.template [10ms]
2024-11-14 12:10:47.210 [info] > git for-each-ref --format=%(refname)%00%(upstream:short)%00%(objectname)%00%(upstream:track)%00%(upstream:remotename)%00%(upstream:remoteref) refs/heads/main refs/remotes/main [3ms]
2024-11-14 12:10:47.239 [info] > git status -z -uall [20ms]
2024-11-14 12:11:07.606 [info] > git config --get commit.template [8ms]
2024-11-14 12:11:07.608 [info] > git for-each-ref --format=%(refname)%00%(upstream:short)%00%(objectname)%00%(upstream:track)%00%(upstream:remotename)%00%(upstream:remoteref) refs/heads/main refs/remotes/main [2ms]
2024-11-14 12:11:07.637 [info] > git status -z -uall [20ms]
2024-11-14 12:11:17.940 [info] > git config --get commit.template [10ms]
2024-11-14 12:11:17.942 [info] > git for-each-ref --format=%(refname)%00%(upstream:short)%00%(objectname)%00%(upstream:track)%00%(upstream:remotename)%00%(upstream:remoteref) refs/heads/main refs/remotes/main [3ms]
2024-11-14 12:11:17.966 [info] > git status -z -uall [16ms]
2024-11-14 12:11:22.994 [info] > git config --get commit.template [8ms]
2024-11-14 12:11:22.995 [info] > git for-each-ref --format=%(refname)%00%(upstream:short)%00%(objectname)%00%(upstream:track)%00%(upstream:remotename)%00%(upstream:remoteref) refs/heads/main refs/remotes/main [2ms]
2024-11-14 12:11:23.024 [info] > git status -z -uall [21ms]
2024-11-14 12:11:41.788 [info] > git show --textconv :app_edge/views/url.py [11ms]
2024-11-14 12:11:41.790 [info] > git ls-files --stage -- /mnt/hdd/HDD(lost+found)/maskura/project/Edge_project/baiust/app_edge/views/url.py [3ms]
2024-11-14 12:11:42.026 [info] > git check-ignore -v -z --stdin [3ms]
2024-11-14 12:11:42.534 [info] > git config --get commit.template [8ms]
2024-11-14 12:11:42.536 [info] > git for-each-ref --format=%(refname)%00%(upstream:short)%00%(objectname)%00%(upstream:track)%00%(upstream:remotename)%00%(upstream:remoteref) refs/heads/main refs/remotes/main [3ms]
2024-11-14 12:11:42.564 [info] > git status -z -uall [20ms]
2024-11-14 12:11:59.703 [info] > git config --get commit.template [19ms]
2024-11-14 12:11:59.706 [info] > git for-each-ref --format=%(refname)%00%(upstream:short)%00%(objectname)%00%(upstream:track)%00%(upstream:remotename)%00%(upstream:remoteref) refs/heads/main refs/remotes/main [10ms]
2024-11-14 12:11:59.762 [info] > git status -z -uall [43ms]
2024-11-14 12:12:04.803 [info] > git config --get commit.template [13ms]
2024-11-14 12:12:04.805 [info] > git for-each-ref --format=%(refname)%00%(upstream:short)%00%(objectname)%00%(upstream:track)%00%(upstream:remotename)%00%(upstream:remoteref) refs/heads/main refs/remotes/main [4ms]
2024-11-14 12:12:04.834 [info] > git status -z -uall [20ms]
2024-11-14 12:12:09.866 [info] > git config --get commit.template [9ms]
2024-11-14 12:12:09.868 [info] > git for-each-ref --format=%(refname)%00%(upstream:short)%00%(objectname)%00%(upstream:track)%00%(upstream:remotename)%00%(upstream:remoteref) refs/heads/main refs/remotes/main [3ms]
2024-11-14 12:12:09.898 [info] > git status -z -uall [21ms]
2024-11-14 12:12:14.931 [info] > git config --get commit.template [10ms]
2024-11-14 12:12:14.933 [info] > git for-each-ref --format=%(refname)%00%(upstream:short)%00%(objectname)%00%(upstream:track)%00%(upstream:remotename)%00%(upstream:remoteref) refs/heads/main refs/remotes/main [3ms]
2024-11-14 12:12:14.960 [info] > git status -z -uall [19ms]
2024-11-14 12:12:19.990 [info] > git config --get commit.template [10ms]
2024-11-14 12:12:19.992 [info] > git for-each-ref --format=%(refname)%00%(upstream:short)%00%(objectname)%00%(upstream:track)%00%(upstream:remotename)%00%(upstream:remoteref) refs/heads/main refs/remotes/main [3ms]
2024-11-14 12:12:20.017 [info] > git status -z -uall [17ms]
2024-11-14 12:12:32.126 [info] > git show --textconv :app_edge/views/cviews.py [9ms]
2024-11-14 12:12:32.128 [info] > git ls-files --stage -- /mnt/hdd/HDD(lost+found)/maskura/project/Edge_project/baiust/app_edge/views/cviews.py [3ms]
2024-11-14 12:12:45.099 [info] > git config --get commit.template [10ms]
2024-11-14 12:12:45.101 [info] > git for-each-ref --format=%(refname)%00%(upstream:short)%00%(objectname)%00%(upstream:track)%00%(upstream:remotename)%00%(upstream:remoteref) refs/heads/main refs/remotes/main [3ms]
2024-11-14 12:12:45.130 [info] > git status -z -uall [20ms]
2024-11-14 12:13:05.807 [info] > git show --textconv :app_edge/views/url.py [8ms]
2024-11-14 12:13:05.809 [info] > git ls-files --stage -- /mnt/hdd/HDD(lost+found)/maskura/project/Edge_project/baiust/app_edge/views/url.py [3ms]
2024-11-14 12:13:36.777 [info] > git config --get commit.template [11ms]
2024-11-14 12:13:36.779 [info] > git for-each-ref --format=%(refname)%00%(upstream:short)%00%(objectname)%00%(upstream:track)%00%(upstream:remotename)%00%(upstream:remoteref) refs/heads/main refs/remotes/main [3ms]
2024-11-14 12:13:36.820 [info] > git status -z -uall [31ms]
2024-11-14 12:13:41.855 [info] > git config --get commit.template [10ms]
2024-11-14 12:13:41.857 [info] > git for-each-ref --format=%(refname)%00%(upstream:short)%00%(objectname)%00%(upstream:track)%00%(upstream:remotename)%00%(upstream:remoteref) refs/heads/main refs/remotes/main [3ms]
2024-11-14 12:13:41.886 [info] > git status -z -uall [20ms]
2024-11-14 12:13:50.604 [info] > git config --get commit.template [1ms]
2024-11-14 12:13:50.616 [info] > git for-each-ref --format=%(refname)%00%(upstream:short)%00%(objectname)%00%(upstream:track)%00%(upstream:remotename)%00%(upstream:remoteref) refs/heads/main refs/remotes/main [2ms]
2024-11-14 12:13:50.655 [info] > git status -z -uall [27ms]
2024-11-14 12:13:55.685 [info] > git config --get commit.template [8ms]
2024-11-14 12:13:55.686 [info] > git for-each-ref --format=%(refname)%00%(upstream:short)%00%(objectname)%00%(upstream:track)%00%(upstream:remotename)%00%(upstream:remoteref) refs/heads/main refs/remotes/main [2ms]
2024-11-14 12:13:55.713 [info] > git status -z -uall [20ms]
2024-11-14 12:14:00.745 [info] > git config --get commit.template [9ms]
2024-11-14 12:14:00.745 [info] > git for-each-ref --format=%(refname)%00%(upstream:short)%00%(objectname)%00%(upstream:track)%00%(upstream:remotename)%00%(upstream:remoteref) refs/heads/main refs/remotes/main [2ms]
2024-11-14 12:14:00.768 [info] > git status -z -uall [17ms]
2024-11-14 12:14:05.797 [info] > git config --get commit.template [7ms]
2024-11-14 12:14:05.799 [info] > git for-each-ref --format=%(refname)%00%(upstream:short)%00%(objectname)%00%(upstream:track)%00%(upstream:remotename)%00%(upstream:remoteref) refs/heads/main refs/remotes/main [3ms]
2024-11-14 12:14:05.822 [info] > git status -z -uall [17ms]
2024-11-14 12:14:10.848 [info] > git config --get commit.template [9ms]
2024-11-14 12:14:10.850 [info] > git for-each-ref --format=%(refname)%00%(upstream:short)%00%(objectname)%00%(upstream:track)%00%(upstream:remotename)%00%(upstream:remoteref) refs/heads/main refs/remotes/main [3ms]
2024-11-14 12:14:10.875 [info] > git status -z -uall [19ms]
2024-11-14 12:14:19.665 [info] > git config --get commit.template [9ms]
2024-11-14 12:14:19.667 [info] > git for-each-ref --format=%(refname)%00%(upstream:short)%00%(objectname)%00%(upstream:track)%00%(upstream:remotename)%00%(upstream:remoteref) refs/heads/main refs/remotes/main [3ms]
2024-11-14 12:14:19.694 [info] > git status -z -uall [16ms]
2024-11-14 12:14:34.439 [info] > git config --get commit.template [9ms]
2024-11-14 12:14:34.440 [info] > git for-each-ref --format=%(refname)%00%(upstream:short)%00%(objectname)%00%(upstream:track)%00%(upstream:remotename)%00%(upstream:remoteref) refs/heads/main refs/remotes/main [3ms]
2024-11-14 12:14:34.470 [info] > git status -z -uall [20ms]
2024-11-14 12:14:39.501 [info] > git config --get commit.template [9ms]
2024-11-14 12:14:39.503 [info] > git for-each-ref --format=%(refname)%00%(upstream:short)%00%(objectname)%00%(upstream:track)%00%(upstream:remotename)%00%(upstream:remoteref) refs/heads/main refs/remotes/main [3ms]
2024-11-14 12:14:39.533 [info] > git status -z -uall [20ms]
2024-11-14 12:14:45.669 [info] > git config --get commit.template [12ms]
2024-11-14 12:14:45.671 [info] > git for-each-ref --format=%(refname)%00%(upstream:short)%00%(objectname)%00%(upstream:track)%00%(upstream:remotename)%00%(upstream:remoteref) refs/heads/main refs/remotes/main [4ms]
2024-11-14 12:14:45.700 [info] > git status -z -uall [20ms]
2024-11-14 12:14:50.731 [info] > git config --get commit.template [10ms]
2024-11-14 12:14:50.733 [info] > git for-each-ref --format=%(refname)%00%(upstream:short)%00%(objectname)%00%(upstream:track)%00%(upstream:remotename)%00%(upstream:remoteref) refs/heads/main refs/remotes/main [2ms]
2024-11-14 12:14:50.763 [info] > git status -z -uall [21ms]
2024-11-14 12:14:55.794 [info] > git config --get commit.template [10ms]
2024-11-14 12:14:55.796 [info] > git for-each-ref --format=%(refname)%00%(upstream:short)%00%(objectname)%00%(upstream:track)%00%(upstream:remotename)%00%(upstream:remoteref) refs/heads/main refs/remotes/main [3ms]
2024-11-14 12:14:55.825 [info] > git status -z -uall [21ms]
2024-11-14 12:15:00.857 [info] > git config --get commit.template [10ms]
2024-11-14 12:15:00.859 [info] > git for-each-ref --format=%(refname)%00%(upstream:short)%00%(objectname)%00%(upstream:track)%00%(upstream:remotename)%00%(upstream:remoteref) refs/heads/main refs/remotes/main [3ms]
2024-11-14 12:15:00.884 [info] > git status -z -uall [16ms]
2024-11-14 12:15:05.918 [info] > git config --get commit.template [9ms]
2024-11-14 12:15:05.920 [info] > git for-each-ref --format=%(refname)%00%(upstream:short)%00%(objectname)%00%(upstream:track)%00%(upstream:remotename)%00%(upstream:remoteref) refs/heads/main refs/remotes/main [3ms]
2024-11-14 12:15:05.947 [info] > git status -z -uall [19ms]
2024-11-14 12:15:42.062 [info] > git config --get commit.template [14ms]
2024-11-14 12:15:42.064 [info] > git for-each-ref --format=%(refname)%00%(upstream:short)%00%(objectname)%00%(upstream:track)%00%(upstream:remotename)%00%(upstream:remoteref) refs/heads/main refs/remotes/main [3ms]
2024-11-14 12:15:42.123 [info] > git status -z -uall [37ms]
2024-11-14 12:15:43.918 [info] > git ls-files --stage -- /mnt/hdd/HDD(lost+found)/maskura/project/Edge_project/baiust/baiust/urls.py [3ms]
2024-11-14 12:15:43.979 [info] > git show --textconv :baiust/urls.py [70ms]
2024-11-14 12:15:43.980 [info] > git cat-file -s 60d622f8620c3f1f37242df0da95abbe8bf0906e [54ms]
2024-11-14 12:15:47.156 [info] > git config --get commit.template [8ms]
2024-11-14 12:15:47.157 [info] > git for-each-ref --format=%(refname)%00%(upstream:short)%00%(objectname)%00%(upstream:track)%00%(upstream:remotename)%00%(upstream:remoteref) refs/heads/main refs/remotes/main [2ms]
2024-11-14 12:15:47.181 [info] > git status -z -uall [16ms]
2024-11-14 12:15:52.216 [info] > git config --get commit.template [10ms]
2024-11-14 12:15:52.217 [info] > git for-each-ref --format=%(refname)%00%(upstream:short)%00%(objectname)%00%(upstream:track)%00%(upstream:remotename)%00%(upstream:remoteref) refs/heads/main refs/remotes/main [3ms]
2024-11-14 12:15:52.246 [info] > git status -z -uall [20ms]
2024-11-14 12:15:57.276 [info] > git config --get commit.template [9ms]
2024-11-14 12:15:57.278 [info] > git for-each-ref --format=%(refname)%00%(upstream:short)%00%(objectname)%00%(upstream:track)%00%(upstream:remotename)%00%(upstream:remoteref) refs/heads/main refs/remotes/main [3ms]
2024-11-14 12:15:57.306 [info] > git status -z -uall [19ms]
2024-11-14 12:16:20.768 [info] > git config --get commit.template [1ms]
2024-11-14 12:16:20.783 [info] > git for-each-ref --format=%(refname)%00%(upstream:short)%00%(objectname)%00%(upstream:track)%00%(upstream:remotename)%00%(upstream:remoteref) refs/heads/main refs/remotes/main [1ms]
2024-11-14 12:16:20.839 [info] > git status -z -uall [42ms]
2024-11-14 12:16:25.872 [info] > git config --get commit.template [9ms]
2024-11-14 12:16:25.874 [info] > git for-each-ref --format=%(refname)%00%(upstream:short)%00%(objectname)%00%(upstream:track)%00%(upstream:remotename)%00%(upstream:remoteref) refs/heads/main refs/remotes/main [2ms]
2024-11-14 12:16:25.901 [info] > git status -z -uall [20ms]
2024-11-14 12:16:30.930 [info] > git config --get commit.template [10ms]
2024-11-14 12:16:30.932 [info] > git for-each-ref --format=%(refname)%00%(upstream:short)%00%(objectname)%00%(upstream:track)%00%(upstream:remotename)%00%(upstream:remoteref) refs/heads/main refs/remotes/main [3ms]
2024-11-14 12:16:30.962 [info] > git status -z -uall [21ms]
2024-11-14 12:16:35.998 [info] > git config --get commit.template [10ms]
2024-11-14 12:16:36.001 [info] > git for-each-ref --format=%(refname)%00%(upstream:short)%00%(objectname)%00%(upstream:track)%00%(upstream:remotename)%00%(upstream:remoteref) refs/heads/main refs/remotes/main [4ms]
2024-11-14 12:16:36.028 [info] > git status -z -uall [16ms]
2024-11-14 12:16:53.254 [info] > git config --get commit.template [15ms]
2024-11-14 12:16:53.260 [info] > git for-each-ref --format=%(refname)%00%(upstream:short)%00%(objectname)%00%(upstream:track)%00%(upstream:remotename)%00%(upstream:remoteref) refs/heads/main refs/remotes/main [7ms]
2024-11-14 12:16:53.296 [info] > git status -z -uall [26ms]
2024-11-14 12:16:58.325 [info] > git config --get commit.template [9ms]
2024-11-14 12:16:58.327 [info] > git for-each-ref --format=%(refname)%00%(upstream:short)%00%(objectname)%00%(upstream:track)%00%(upstream:remotename)%00%(upstream:remoteref) refs/heads/main refs/remotes/main [3ms]
2024-11-14 12:16:58.352 [info] > git status -z -uall [20ms]
2024-11-14 12:17:03.385 [info] > git config --get commit.template [9ms]
2024-11-14 12:17:03.387 [info] > git for-each-ref --format=%(refname)%00%(upstream:short)%00%(objectname)%00%(upstream:track)%00%(upstream:remotename)%00%(upstream:remoteref) refs/heads/main refs/remotes/main [3ms]
2024-11-14 12:17:03.416 [info] > git status -z -uall [20ms]
2024-11-14 12:17:11.328 [info] > git config --get commit.template [9ms]
2024-11-14 12:17:11.330 [info] > git for-each-ref --format=%(refname)%00%(upstream:short)%00%(objectname)%00%(upstream:track)%00%(upstream:remotename)%00%(upstream:remoteref) refs/heads/main refs/remotes/main [4ms]
2024-11-14 12:17:11.358 [info] > git status -z -uall [20ms]
2024-11-14 12:17:19.676 [info] > git config --get commit.template [9ms]
2024-11-14 12:17:19.678 [info] > git for-each-ref --format=%(refname)%00%(upstream:short)%00%(objectname)%00%(upstream:track)%00%(upstream:remotename)%00%(upstream:remoteref) refs/heads/main refs/remotes/main [3ms]
2024-11-14 12:17:19.707 [info] > git status -z -uall [20ms]
2024-11-14 12:17:51.306 [info] > git config --get commit.template [9ms]
2024-11-14 12:17:51.308 [info] > git for-each-ref --format=%(refname)%00%(upstream:short)%00%(objectname)%00%(upstream:track)%00%(upstream:remotename)%00%(upstream:remoteref) refs/heads/main refs/remotes/main [3ms]
2024-11-14 12:17:51.338 [info] > git status -z -uall [19ms]
2024-11-14 12:18:18.594 [info] > git show --textconv :app_edge/views/url.py [8ms]
2024-11-14 12:18:18.597 [info] > git ls-files --stage -- /mnt/hdd/HDD(lost+found)/maskura/project/Edge_project/baiust/app_edge/views/url.py [4ms]
2024-11-14 12:18:30.653 [info] > git show --textconv :app_edge/views/cviews.py [10ms]
2024-11-14 12:18:30.655 [info] > git ls-files --stage -- /mnt/hdd/HDD(lost+found)/maskura/project/Edge_project/baiust/app_edge/views/cviews.py [3ms]
2024-11-14 12:18:32.472 [info] > git config --get commit.template [9ms]
2024-11-14 12:18:32.475 [info] > git for-each-ref --format=%(refname)%00%(upstream:short)%00%(objectname)%00%(upstream:track)%00%(upstream:remotename)%00%(upstream:remoteref) refs/heads/main refs/remotes/main [4ms]
2024-11-14 12:18:32.503 [info] > git status -z -uall [19ms]
2024-11-14 12:18:43.996 [info] > git config --get commit.template [9ms]
2024-11-14 12:18:43.998 [info] > git for-each-ref --format=%(refname)%00%(upstream:short)%00%(objectname)%00%(upstream:track)%00%(upstream:remotename)%00%(upstream:remoteref) refs/heads/main refs/remotes/main [2ms]
2024-11-14 12:18:44.025 [info] > git status -z -uall [19ms]
2024-11-14 12:19:19.963 [info] > git config --get commit.template [9ms]
2024-11-14 12:19:19.965 [info] > git for-each-ref --format=%(refname)%00%(upstream:short)%00%(objectname)%00%(upstream:track)%00%(upstream:remotename)%00%(upstream:remoteref) refs/heads/main refs/remotes/main [3ms]
2024-11-14 12:19:19.994 [info] > git status -z -uall [20ms]
2024-11-14 12:19:33.899 [info] > git show --textconv :app_edge/models.py [9ms]
2024-11-14 12:19:33.901 [info] > git ls-files --stage -- /mnt/hdd/HDD(lost+found)/maskura/project/Edge_project/baiust/app_edge/models.py [3ms]
2024-11-14 12:19:33.912 [info] > git cat-file -s 71a836239075aa6e6e4ecb700e9c42c95c022d91 [3ms]
2024-11-14 12:19:36.922 [info] > git show --textconv :app_edge/views/cviews.py [12ms]
2024-11-14 12:19:36.923 [info] > git ls-files --stage -- /mnt/hdd/HDD(lost+found)/maskura/project/Edge_project/baiust/app_edge/views/cviews.py [2ms]
2024-11-14 12:19:45.083 [info] > git show --textconv :baiust/urls.py [9ms]
2024-11-14 12:19:45.085 [info] > git ls-files --stage -- /mnt/hdd/HDD(lost+found)/maskura/project/Edge_project/baiust/baiust/urls.py [3ms]
2024-11-14 12:19:45.094 [info] > git cat-file -s 60d622f8620c3f1f37242df0da95abbe8bf0906e [4ms]
2024-11-14 12:19:47.214 [info] > git config --get commit.template [6ms]
2024-11-14 12:19:47.216 [info] > git for-each-ref --format=%(refname)%00%(upstream:short)%00%(objectname)%00%(upstream:track)%00%(upstream:remotename)%00%(upstream:remoteref) refs/heads/main refs/remotes/main [3ms]
2024-11-14 12:19:47.238 [info] > git status -z -uall [17ms]
2024-11-14 12:53:52.397 [info] > git config --get commit.template [1ms]
2024-11-14 12:53:52.409 [info] > git for-each-ref --format=%(refname)%00%(upstream:short)%00%(objectname)%00%(upstream:track)%00%(upstream:remotename)%00%(upstream:remoteref) refs/heads/main refs/remotes/main [2ms]
2024-11-14 12:53:52.443 [info] > git status -z -uall [23ms]
2024-11-14 12:53:57.375 [info] > git show --textconv :app_edge/views/url.py [10ms]
2024-11-14 12:53:57.378 [info] > git ls-files --stage -- /mnt/hdd/HDD(lost+found)/maskura/project/Edge_project/baiust/app_edge/views/url.py [5ms]
2024-11-14 12:53:57.467 [info] > git config --get commit.template [9ms]
2024-11-14 12:53:57.468 [info] > git for-each-ref --format=%(refname)%00%(upstream:short)%00%(objectname)%00%(upstream:track)%00%(upstream:remotename)%00%(upstream:remoteref) refs/heads/main refs/remotes/main [2ms]
2024-11-14 12:53:57.495 [info] > git status -z -uall [19ms]
2024-11-14 12:54:04.206 [info] > git config --get commit.template [7ms]
2024-11-14 12:54:04.208 [info] > git for-each-ref --format=%(refname)%00%(upstream:short)%00%(objectname)%00%(upstream:track)%00%(upstream:remotename)%00%(upstream:remoteref) refs/heads/main refs/remotes/main [3ms]
2024-11-14 12:54:04.233 [info] > git status -z -uall [18ms]
2024-11-14 12:54:12.535 [info] > git config --get commit.template [4ms]
2024-11-14 12:54:12.548 [info] > git for-each-ref --format=%(refname)%00%(upstream:short)%00%(objectname)%00%(upstream:track)%00%(upstream:remotename)%00%(upstream:remoteref) refs/heads/main refs/remotes/main [1ms]
2024-11-14 12:54:12.586 [info] > git status -z -uall [28ms]
2024-11-14 12:54:17.620 [info] > git config --get commit.template [9ms]
2024-11-14 12:54:17.621 [info] > git for-each-ref --format=%(refname)%00%(upstream:short)%00%(objectname)%00%(upstream:track)%00%(upstream:remotename)%00%(upstream:remoteref) refs/heads/main refs/remotes/main [3ms]
2024-11-14 12:54:17.657 [info] > git status -z -uall [27ms]
2024-11-14 12:54:22.687 [info] > git config --get commit.template [9ms]
2024-11-14 12:54:22.688 [info] > git for-each-ref --format=%(refname)%00%(upstream:short)%00%(objectname)%00%(upstream:track)%00%(upstream:remotename)%00%(upstream:remoteref) refs/heads/main refs/remotes/main [2ms]
2024-11-14 12:54:22.715 [info] > git status -z -uall [20ms]
2024-11-14 12:55:30.105 [info] > git config --get commit.template [9ms]
2024-11-14 12:55:30.107 [info] > git for-each-ref --format=%(refname)%00%(upstream:short)%00%(objectname)%00%(upstream:track)%00%(upstream:remotename)%00%(upstream:remoteref) refs/heads/main refs/remotes/main [3ms]
2024-11-14 12:55:30.136 [info] > git status -z -uall [19ms]
2024-11-14 12:55:50.041 [info] > git config --get commit.template [1ms]
2024-11-14 12:55:50.050 [info] > git for-each-ref --format=%(refname)%00%(upstream:short)%00%(objectname)%00%(upstream:track)%00%(upstream:remotename)%00%(upstream:remoteref) refs/heads/main refs/remotes/main [2ms]
2024-11-14 12:55:50.072 [info] > git status -z -uall [15ms]
2024-11-14 12:56:05.795 [info] > git config --get commit.template [9ms]
2024-11-14 12:56:05.797 [info] > git for-each-ref --format=%(refname)%00%(upstream:short)%00%(objectname)%00%(upstream:track)%00%(upstream:remotename)%00%(upstream:remoteref) refs/heads/main refs/remotes/main [3ms]
2024-11-14 12:56:05.825 [info] > git status -z -uall [20ms]
2024-11-14 12:56:19.084 [info] > git config --get commit.template [10ms]
2024-11-14 12:56:19.086 [info] > git for-each-ref --format=%(refname)%00%(upstream:short)%00%(objectname)%00%(upstream:track)%00%(upstream:remotename)%00%(upstream:remoteref) refs/heads/main refs/remotes/main [3ms]
2024-11-14 12:56:19.114 [info] > git status -z -uall [20ms]
2024-11-14 12:56:54.398 [info] > git config --get commit.template [10ms]
2024-11-14 12:56:54.400 [info] > git for-each-ref --format=%(refname)%00%(upstream:short)%00%(objectname)%00%(upstream:track)%00%(upstream:remotename)%00%(upstream:remoteref) refs/heads/main refs/remotes/main [2ms]
2024-11-14 12:56:54.428 [info] > git status -z -uall [20ms]
2024-11-14 12:57:13.311 [info] > git config --get commit.template [8ms]
2024-11-14 12:57:13.313 [info] > git for-each-ref --format=%(refname)%00%(upstream:short)%00%(objectname)%00%(upstream:track)%00%(upstream:remotename)%00%(upstream:remoteref) refs/heads/main refs/remotes/main [3ms]
2024-11-14 12:57:13.344 [info] > git status -z -uall [23ms]
2024-11-14 12:57:14.124 [info] > git show --textconv :app_edge/models.py [9ms]
2024-11-14 12:57:14.127 [info] > git ls-files --stage -- /mnt/hdd/HDD(lost+found)/maskura/project/Edge_project/baiust/app_edge/models.py [4ms]
2024-11-14 12:57:14.137 [info] > git cat-file -s 71a836239075aa6e6e4ecb700e9c42c95c022d91 [2ms]
2024-11-14 12:57:19.771 [info] > git config --get commit.template [10ms]
2024-11-14 12:57:19.772 [info] > git for-each-ref --format=%(refname)%00%(upstream:short)%00%(objectname)%00%(upstream:track)%00%(upstream:remotename)%00%(upstream:remoteref) refs/heads/main refs/remotes/main [2ms]
2024-11-14 12:57:19.800 [info] > git status -z -uall [22ms]
2024-11-14 12:57:24.827 [info] > git config --get commit.template [9ms]
2024-11-14 12:57:24.830 [info] > git for-each-ref --format=%(refname)%00%(upstream:short)%00%(objectname)%00%(upstream:track)%00%(upstream:remotename)%00%(upstream:remoteref) refs/heads/main refs/remotes/main [3ms]
2024-11-14 12:57:24.858 [info] > git status -z -uall [19ms]
2024-11-14 12:57:29.888 [info] > git config --get commit.template [9ms]
2024-11-14 12:57:29.890 [info] > git for-each-ref --format=%(refname)%00%(upstream:short)%00%(objectname)%00%(upstream:track)%00%(upstream:remotename)%00%(upstream:remoteref) refs/heads/main refs/remotes/main [3ms]
2024-11-14 12:57:29.920 [info] > git status -z -uall [20ms]
2024-11-14 12:57:49.211 [info] > git config --get commit.template [14ms]
2024-11-14 12:57:49.215 [info] > git for-each-ref --format=%(refname)%00%(upstream:short)%00%(objectname)%00%(upstream:track)%00%(upstream:remotename)%00%(upstream:remoteref) refs/heads/main refs/remotes/main [5ms]
2024-11-14 12:57:49.270 [info] > git status -z -uall [38ms]
2024-11-14 12:57:54.307 [info] > git config --get commit.template [10ms]
2024-11-14 12:57:54.309 [info] > git for-each-ref --format=%(refname)%00%(upstream:short)%00%(objectname)%00%(upstream:track)%00%(upstream:remotename)%00%(upstream:remoteref) refs/heads/main refs/remotes/main [3ms]
2024-11-14 12:57:54.338 [info] > git status -z -uall [19ms]
2024-11-14 12:57:59.367 [info] > git config --get commit.template [11ms]
2024-11-14 12:57:59.368 [info] > git for-each-ref --format=%(refname)%00%(upstream:short)%00%(objectname)%00%(upstream:track)%00%(upstream:remotename)%00%(upstream:remoteref) refs/heads/main refs/remotes/main [2ms]
2024-11-14 12:57:59.394 [info] > git status -z -uall [20ms]
2024-11-14 12:58:08.800 [info] > git config --get commit.template [10ms]
2024-11-14 12:58:08.802 [info] > git for-each-ref --format=%(refname)%00%(upstream:short)%00%(objectname)%00%(upstream:track)%00%(upstream:remotename)%00%(upstream:remoteref) refs/heads/main refs/remotes/main [3ms]
2024-11-14 12:58:08.831 [info] > git status -z -uall [20ms]
2024-11-14 12:58:20.528 [info] > git config --get commit.template [10ms]
2024-11-14 12:58:20.530 [info] > git for-each-ref --format=%(refname)%00%(upstream:short)%00%(objectname)%00%(upstream:track)%00%(upstream:remotename)%00%(upstream:remoteref) refs/heads/main refs/remotes/main [3ms]
2024-11-14 12:58:20.558 [info] > git status -z -uall [20ms]
2024-11-14 12:58:25.582 [info] > git config --get commit.template [8ms]
2024-11-14 12:58:25.584 [info] > git for-each-ref --format=%(refname)%00%(upstream:short)%00%(objectname)%00%(upstream:track)%00%(upstream:remotename)%00%(upstream:remoteref) refs/heads/main refs/remotes/main [3ms]
2024-11-14 12:58:25.605 [info] > git status -z -uall [16ms]
2024-11-14 12:58:35.383 [info] > git config --get commit.template [9ms]
2024-11-14 12:58:35.385 [info] > git for-each-ref --format=%(refname)%00%(upstream:short)%00%(objectname)%00%(upstream:track)%00%(upstream:remotename)%00%(upstream:remoteref) refs/heads/main refs/remotes/main [3ms]
2024-11-14 12:58:35.415 [info] > git status -z -uall [20ms]
2024-11-14 12:59:02.633 [info] > git config --get commit.template [10ms]
2024-11-14 12:59:02.635 [info] > git for-each-ref --format=%(refname)%00%(upstream:short)%00%(objectname)%00%(upstream:track)%00%(upstream:remotename)%00%(upstream:remoteref) refs/heads/main refs/remotes/main [3ms]
2024-11-14 12:59:02.662 [info] > git status -z -uall [17ms]
2024-11-14 12:59:20.043 [info] > git config --get commit.template [10ms]
2024-11-14 12:59:20.045 [info] > git for-each-ref --format=%(refname)%00%(upstream:short)%00%(objectname)%00%(upstream:track)%00%(upstream:remotename)%00%(upstream:remoteref) refs/heads/main refs/remotes/main [3ms]
2024-11-14 12:59:20.073 [info] > git status -z -uall [19ms]
2024-11-14 13:01:17.821 [info] > git config --get commit.template [12ms]
2024-11-14 13:01:17.822 [info] > git for-each-ref --format=%(refname)%00%(upstream:short)%00%(objectname)%00%(upstream:track)%00%(upstream:remotename)%00%(upstream:remoteref) refs/heads/main refs/remotes/main [2ms]
2024-11-14 13:01:17.853 [info] > git status -z -uall [18ms]
2024-11-14 13:01:22.885 [info] > git config --get commit.template [8ms]
2024-11-14 13:01:22.887 [info] > git for-each-ref --format=%(refname)%00%(upstream:short)%00%(objectname)%00%(upstream:track)%00%(upstream:remotename)%00%(upstream:remoteref) refs/heads/main refs/remotes/main [3ms]
2024-11-14 13:01:22.912 [info] > git status -z -uall [19ms]
2024-11-14 13:01:29.383 [info] > git config --get commit.template [9ms]
2024-11-14 13:01:29.385 [info] > git for-each-ref --format=%(refname)%00%(upstream:short)%00%(objectname)%00%(upstream:track)%00%(upstream:remotename)%00%(upstream:remoteref) refs/heads/main refs/remotes/main [3ms]
2024-11-14 13:01:29.414 [info] > git status -z -uall [20ms]
2024-11-14 13:01:51.015 [info] > git config --get commit.template [8ms]
2024-11-14 13:01:51.017 [info] > git for-each-ref --format=%(refname)%00%(upstream:short)%00%(objectname)%00%(upstream:track)%00%(upstream:remotename)%00%(upstream:remoteref) refs/heads/main refs/remotes/main [3ms]
2024-11-14 13:01:51.045 [info] > git status -z -uall [20ms]
2024-11-14 13:01:56.078 [info] > git config --get commit.template [9ms]
2024-11-14 13:01:56.080 [info] > git for-each-ref --format=%(refname)%00%(upstream:short)%00%(objectname)%00%(upstream:track)%00%(upstream:remotename)%00%(upstream:remoteref) refs/heads/main refs/remotes/main [3ms]
2024-11-14 13:01:56.107 [info] > git status -z -uall [19ms]
2024-11-14 13:02:01.432 [info] > git config --get commit.template [9ms]
2024-11-14 13:02:01.434 [info] > git for-each-ref --format=%(refname)%00%(upstream:short)%00%(objectname)%00%(upstream:track)%00%(upstream:remotename)%00%(upstream:remoteref) refs/heads/main refs/remotes/main [3ms]
2024-11-14 13:02:01.463 [info] > git status -z -uall [20ms]
2024-11-14 13:02:13.520 [info] > git config --get commit.template [10ms]
2024-11-14 13:02:13.521 [info] > git for-each-ref --format=%(refname)%00%(upstream:short)%00%(objectname)%00%(upstream:track)%00%(upstream:remotename)%00%(upstream:remoteref) refs/heads/main refs/remotes/main [3ms]
2024-11-14 13:02:13.550 [info] > git status -z -uall [19ms]
2024-11-14 13:02:28.162 [info] > git check-ignore -v -z --stdin [3ms]
2024-11-14 13:02:29.242 [info] > git config --get commit.template [10ms]
2024-11-14 13:02:29.243 [info] > git for-each-ref --format=%(refname)%00%(upstream:short)%00%(objectname)%00%(upstream:track)%00%(upstream:remotename)%00%(upstream:remoteref) refs/heads/main refs/remotes/main [3ms]
2024-11-14 13:02:29.271 [info] > git status -z -uall [20ms]
2024-11-14 13:02:43.097 [info] > git config --get commit.template [10ms]
2024-11-14 13:02:43.099 [info] > git for-each-ref --format=%(refname)%00%(upstream:short)%00%(objectname)%00%(upstream:track)%00%(upstream:remotename)%00%(upstream:remoteref) refs/heads/main refs/remotes/main [4ms]
2024-11-14 13:02:43.125 [info] > git status -z -uall [17ms]
2024-11-14 13:02:59.930 [info] > git config --get commit.template [9ms]
2024-11-14 13:02:59.932 [info] > git for-each-ref --format=%(refname)%00%(upstream:short)%00%(objectname)%00%(upstream:track)%00%(upstream:remotename)%00%(upstream:remoteref) refs/heads/main refs/remotes/main [3ms]
2024-11-14 13:02:59.961 [info] > git status -z -uall [20ms]
2024-11-14 13:03:04.991 [info] > git config --get commit.template [9ms]
2024-11-14 13:03:04.993 [info] > git for-each-ref --format=%(refname)%00%(upstream:short)%00%(objectname)%00%(upstream:track)%00%(upstream:remotename)%00%(upstream:remoteref) refs/heads/main refs/remotes/main [3ms]
2024-11-14 13:03:05.023 [info] > git status -z -uall [19ms]
2024-11-14 13:03:10.046 [info] > git config --get commit.template [3ms]
2024-11-14 13:03:10.057 [info] > git for-each-ref --format=%(refname)%00%(upstream:short)%00%(objectname)%00%(upstream:track)%00%(upstream:remotename)%00%(upstream:remoteref) refs/heads/main refs/remotes/main [3ms]
2024-11-14 13:03:10.083 [info] > git status -z -uall [19ms]
2024-11-14 13:03:17.737 [info] > git config --get commit.template [9ms]
2024-11-14 13:03:17.739 [info] > git for-each-ref --format=%(refname)%00%(upstream:short)%00%(objectname)%00%(upstream:track)%00%(upstream:remotename)%00%(upstream:remoteref) refs/heads/main refs/remotes/main [4ms]
2024-11-14 13:03:17.766 [info] > git status -z -uall [19ms]
2024-11-14 13:03:22.799 [info] > git config --get commit.template [10ms]
2024-11-14 13:03:22.801 [info] > git for-each-ref --format=%(refname)%00%(upstream:short)%00%(objectname)%00%(upstream:track)%00%(upstream:remotename)%00%(upstream:remoteref) refs/heads/main refs/remotes/main [3ms]
2024-11-14 13:03:22.829 [info] > git status -z -uall [19ms]
2024-11-14 13:03:27.862 [info] > git config --get commit.template [11ms]
2024-11-14 13:03:27.864 [info] > git for-each-ref --format=%(refname)%00%(upstream:short)%00%(objectname)%00%(upstream:track)%00%(upstream:remotename)%00%(upstream:remoteref) refs/heads/main refs/remotes/main [3ms]
2024-11-14 13:03:27.893 [info] > git status -z -uall [20ms]
2024-11-14 13:03:41.426 [info] > git config --get commit.template [7ms]
2024-11-14 13:03:41.427 [info] > git for-each-ref --format=%(refname)%00%(upstream:short)%00%(objectname)%00%(upstream:track)%00%(upstream:remotename)%00%(upstream:remoteref) refs/heads/main refs/remotes/main [2ms]
2024-11-14 13:03:41.450 [info] > git status -z -uall [16ms]
2024-11-14 13:03:46.479 [info] > git config --get commit.template [9ms]
2024-11-14 13:03:46.482 [info] > git for-each-ref --format=%(refname)%00%(upstream:short)%00%(objectname)%00%(upstream:track)%00%(upstream:remotename)%00%(upstream:remoteref) refs/heads/main refs/remotes/main [3ms]
2024-11-14 13:03:46.509 [info] > git status -z -uall [20ms]
2024-11-14 13:03:53.511 [info] > git config --get commit.template [9ms]
2024-11-14 13:03:53.512 [info] > git for-each-ref --format=%(refname)%00%(upstream:short)%00%(objectname)%00%(upstream:track)%00%(upstream:remotename)%00%(upstream:remoteref) refs/heads/main refs/remotes/main [3ms]
2024-11-14 13:03:53.541 [info] > git status -z -uall [20ms]
2024-11-14 13:04:19.802 [info] > git config --get commit.template [9ms]
2024-11-14 13:04:19.804 [info] > git for-each-ref --format=%(refname)%00%(upstream:short)%00%(objectname)%00%(upstream:track)%00%(upstream:remotename)%00%(upstream:remoteref) refs/heads/main refs/remotes/main [3ms]
2024-11-14 13:04:19.834 [info] > git status -z -uall [20ms]
2024-11-14 13:05:30.393 [info] > git config --get commit.template [10ms]
2024-11-14 13:05:30.395 [info] > git for-each-ref --format=%(refname)%00%(upstream:short)%00%(objectname)%00%(upstream:track)%00%(upstream:remotename)%00%(upstream:remoteref) refs/heads/main refs/remotes/main [3ms]
2024-11-14 13:05:30.424 [info] > git status -z -uall [20ms]
2024-11-14 13:05:50.349 [info] > git config --get commit.template [10ms]
2024-11-14 13:05:50.350 [info] > git for-each-ref --format=%(refname)%00%(upstream:short)%00%(objectname)%00%(upstream:track)%00%(upstream:remotename)%00%(upstream:remoteref) refs/heads/main refs/remotes/main [3ms]
2024-11-14 13:05:50.379 [info] > git status -z -uall [20ms]
2024-11-14 13:07:13.767 [info] > git config --get commit.template [10ms]
2024-11-14 13:07:13.769 [info] > git for-each-ref --format=%(refname)%00%(upstream:short)%00%(objectname)%00%(upstream:track)%00%(upstream:remotename)%00%(upstream:remoteref) refs/heads/main refs/remotes/main [3ms]
2024-11-14 13:07:13.798 [info] > git status -z -uall [20ms]
2024-11-14 13:08:40.966 [info] > git config --get commit.template [9ms]
2024-11-14 13:08:40.968 [info] > git for-each-ref --format=%(refname)%00%(upstream:short)%00%(objectname)%00%(upstream:track)%00%(upstream:remotename)%00%(upstream:remoteref) refs/heads/main refs/remotes/main [3ms]
2024-11-14 13:08:40.997 [info] > git status -z -uall [19ms]
2024-11-14 13:10:19.975 [info] > git show --textconv :app_edge/views/url.py [8ms]
2024-11-14 13:10:19.978 [info] > git ls-files --stage -- /mnt/hdd/HDD(lost+found)/maskura/project/Edge_project/baiust/app_edge/views/url.py [4ms]
2024-11-14 13:10:30.593 [info] > git config --get commit.template [8ms]
2024-11-14 13:10:30.595 [info] > git for-each-ref --format=%(refname)%00%(upstream:short)%00%(objectname)%00%(upstream:track)%00%(upstream:remotename)%00%(upstream:remoteref) refs/heads/main refs/remotes/main [2ms]
2024-11-14 13:10:30.618 [info] > git status -z -uall [17ms]
2024-11-14 13:10:31.503 [info] > git show --textconv :baiust/urls.py [10ms]
2024-11-14 13:10:31.505 [info] > git ls-files --stage -- /mnt/hdd/HDD(lost+found)/maskura/project/Edge_project/baiust/baiust/urls.py [4ms]
2024-11-14 13:10:31.513 [info] > git cat-file -s 60d622f8620c3f1f37242df0da95abbe8bf0906e [2ms]
2024-11-14 13:10:45.647 [info] > git config --get commit.template [10ms]
2024-11-14 13:10:45.649 [info] > git for-each-ref --format=%(refname)%00%(upstream:short)%00%(objectname)%00%(upstream:track)%00%(upstream:remotename)%00%(upstream:remoteref) refs/heads/main refs/remotes/main [3ms]
2024-11-14 13:10:45.679 [info] > git status -z -uall [20ms]
2024-11-14 13:10:50.713 [info] > git config --get commit.template [9ms]
2024-11-14 13:10:50.715 [info] > git for-each-ref --format=%(refname)%00%(upstream:short)%00%(objectname)%00%(upstream:track)%00%(upstream:remotename)%00%(upstream:remoteref) refs/heads/main refs/remotes/main [3ms]
2024-11-14 13:10:50.746 [info] > git status -z -uall [22ms]
2024-11-14 13:10:55.781 [info] > git config --get commit.template [9ms]
2024-11-14 13:10:55.783 [info] > git for-each-ref --format=%(refname)%00%(upstream:short)%00%(objectname)%00%(upstream:track)%00%(upstream:remotename)%00%(upstream:remoteref) refs/heads/main refs/remotes/main [2ms]
2024-11-14 13:10:55.813 [info] > git status -z -uall [20ms]
2024-11-14 13:11:00.840 [info] > git config --get commit.template [2ms]
2024-11-14 13:11:00.848 [info] > git for-each-ref --format=%(refname)%00%(upstream:short)%00%(objectname)%00%(upstream:track)%00%(upstream:remotename)%00%(upstream:remoteref) refs/heads/main refs/remotes/main [2ms]
2024-11-14 13:11:00.870 [info] > git status -z -uall [16ms]
2024-11-14 13:11:02.629 [info] > git show --textconv :app_edge/views/url.py [9ms]
2024-11-14 13:11:02.631 [info] > git ls-files --stage -- /mnt/hdd/HDD(lost+found)/maskura/project/Edge_project/baiust/app_edge/views/url.py [3ms]
2024-11-14 13:11:16.373 [info] > git config --get commit.template [9ms]
2024-11-14 13:11:16.374 [info] > git for-each-ref --format=%(refname)%00%(upstream:short)%00%(objectname)%00%(upstream:track)%00%(upstream:remotename)%00%(upstream:remoteref) refs/heads/main refs/remotes/main [2ms]
2024-11-14 13:11:16.403 [info] > git status -z -uall [22ms]
2024-11-14 13:11:17.049 [info] > git show --textconv :app_edge/views/cviews.py [9ms]
2024-11-14 13:11:17.050 [info] > git ls-files --stage -- /mnt/hdd/HDD(lost+found)/maskura/project/Edge_project/baiust/app_edge/views/cviews.py [3ms]
2024-11-14 13:11:21.431 [info] > git config --get commit.template [3ms]
2024-11-14 13:11:21.442 [info] > git for-each-ref --format=%(refname)%00%(upstream:short)%00%(objectname)%00%(upstream:track)%00%(upstream:remotename)%00%(upstream:remoteref) refs/heads/main refs/remotes/main [3ms]
2024-11-14 13:11:21.469 [info] > git status -z -uall [20ms]
2024-11-14 13:11:25.156 [info] > git show --textconv :baiust/urls.py [9ms]
2024-11-14 13:11:25.158 [info] > git ls-files --stage -- /mnt/hdd/HDD(lost+found)/maskura/project/Edge_project/baiust/baiust/urls.py [3ms]
2024-11-14 13:11:25.169 [info] > git cat-file -s 60d622f8620c3f1f37242df0da95abbe8bf0906e [4ms]
2024-11-14 13:11:29.261 [info] > git config --get commit.template [9ms]
2024-11-14 13:11:29.263 [info] > git for-each-ref --format=%(refname)%00%(upstream:short)%00%(objectname)%00%(upstream:track)%00%(upstream:remotename)%00%(upstream:remoteref) refs/heads/main refs/remotes/main [2ms]
2024-11-14 13:11:29.288 [info] > git status -z -uall [17ms]
2024-11-14 13:11:34.324 [info] > git config --get commit.template [10ms]
2024-11-14 13:11:34.325 [info] > git for-each-ref --format=%(refname)%00%(upstream:short)%00%(objectname)%00%(upstream:track)%00%(upstream:remotename)%00%(upstream:remoteref) refs/heads/main refs/remotes/main [3ms]
2024-11-14 13:11:34.353 [info] > git status -z -uall [20ms]
2024-11-14 13:11:39.382 [info] > git config --get commit.template [9ms]
2024-11-14 13:11:39.385 [info] > git for-each-ref --format=%(refname)%00%(upstream:short)%00%(objectname)%00%(upstream:track)%00%(upstream:remotename)%00%(upstream:remoteref) refs/heads/main refs/remotes/main [4ms]
2024-11-14 13:11:39.414 [info] > git status -z -uall [20ms]
2024-11-14 13:11:44.448 [info] > git config --get commit.template [10ms]
2024-11-14 13:11:44.450 [info] > git for-each-ref --format=%(refname)%00%(upstream:short)%00%(objectname)%00%(upstream:track)%00%(upstream:remotename)%00%(upstream:remoteref) refs/heads/main refs/remotes/main [3ms]
2024-11-14 13:11:44.479 [info] > git status -z -uall [21ms]
2024-11-14 13:11:48.314 [info] > git check-ignore -v -z --stdin [2ms]
2024-11-14 13:11:49.502 [info] > git config --get commit.template [3ms]
2024-11-14 13:11:49.513 [info] > git for-each-ref --format=%(refname)%00%(upstream:short)%00%(objectname)%00%(upstream:track)%00%(upstream:remotename)%00%(upstream:remoteref) refs/heads/main refs/remotes/main [3ms]
2024-11-14 13:11:49.543 [info] > git status -z -uall [20ms]
2024-11-14 13:11:54.573 [info] > git config --get commit.template [11ms]
2024-11-14 13:11:54.575 [info] > git for-each-ref --format=%(refname)%00%(upstream:short)%00%(objectname)%00%(upstream:track)%00%(upstream:remotename)%00%(upstream:remoteref) refs/heads/main refs/remotes/main [4ms]
2024-11-14 13:11:54.604 [info] > git status -z -uall [21ms]
2024-11-14 13:11:59.635 [info] > git config --get commit.template [10ms]
2024-11-14 13:11:59.637 [info] > git for-each-ref --format=%(refname)%00%(upstream:short)%00%(objectname)%00%(upstream:track)%00%(upstream:remotename)%00%(upstream:remoteref) refs/heads/main refs/remotes/main [3ms]
2024-11-14 13:11:59.669 [info] > git status -z -uall [22ms]
2024-11-14 13:12:02.376 [info] > git show --textconv :app_edge/views/urls.py [13ms]
2024-11-14 13:12:02.378 [info] > git ls-files --stage -- /mnt/hdd/HDD(lost+found)/maskura/project/Edge_project/baiust/app_edge/views/urls.py [4ms]
2024-11-14 13:12:04.700 [info] > git config --get commit.template [9ms]
2024-11-14 13:12:04.702 [info] > git for-each-ref --format=%(refname)%00%(upstream:short)%00%(objectname)%00%(upstream:track)%00%(upstream:remotename)%00%(upstream:remoteref) refs/heads/main refs/remotes/main [3ms]
2024-11-14 13:12:04.735 [info] > git status -z -uall [24ms]
2024-11-14 13:12:09.439 [info] > git show --textconv :baiust/urls.py [9ms]
2024-11-14 13:12:09.441 [info] > git ls-files --stage -- /mnt/hdd/HDD(lost+found)/maskura/project/Edge_project/baiust/baiust/urls.py [3ms]
2024-11-14 13:12:09.449 [info] > git cat-file -s 60d622f8620c3f1f37242df0da95abbe8bf0906e [2ms]
2024-11-14 13:12:13.989 [info] > git config --get commit.template [9ms]
2024-11-14 13:12:13.991 [info] > git for-each-ref --format=%(refname)%00%(upstream:short)%00%(objectname)%00%(upstream:track)%00%(upstream:remotename)%00%(upstream:remoteref) refs/heads/main refs/remotes/main [2ms]
2024-11-14 13:12:14.019 [info] > git status -z -uall [20ms]
2024-11-14 13:12:38.525 [info] > git config --get commit.template [2ms]
2024-11-14 13:12:38.541 [info] > git for-each-ref --format=%(refname)%00%(upstream:short)%00%(objectname)%00%(upstream:track)%00%(upstream:remotename)%00%(upstream:remoteref) refs/heads/main refs/remotes/main [2ms]
2024-11-14 13:12:38.581 [info] > git status -z -uall [29ms]
2024-11-14 13:12:43.624 [info] > git config --get commit.template [10ms]
2024-11-14 13:12:43.626 [info] > git for-each-ref --format=%(refname)%00%(upstream:short)%00%(objectname)%00%(upstream:track)%00%(upstream:remotename)%00%(upstream:remoteref) refs/heads/main refs/remotes/main [3ms]
2024-11-14 13:12:43.656 [info] > git status -z -uall [20ms]
2024-11-14 13:12:49.805 [info] > git ls-files --stage -- /mnt/hdd/HDD(lost+found)/maskura/project/Edge_project/baiust/baiust/settings.py [2ms]
2024-11-14 13:12:49.959 [info] > git cat-file -s a170bd4bf3e964da01099d02b160d7bc548bd233 [146ms]
2024-11-14 13:12:49.961 [info] > git show --textconv :baiust/settings.py [166ms]
2024-11-14 13:12:59.710 [info] > git show --textconv :app_edge/views/urls.py [9ms]
2024-11-14 13:12:59.711 [info] > git ls-files --stage -- /mnt/hdd/HDD(lost+found)/maskura/project/Edge_project/baiust/app_edge/views/urls.py [2ms]
2024-11-14 13:13:03.166 [info] > git config --get commit.template [8ms]
2024-11-14 13:13:03.168 [info] > git for-each-ref --format=%(refname)%00%(upstream:short)%00%(objectname)%00%(upstream:track)%00%(upstream:remotename)%00%(upstream:remoteref) refs/heads/main refs/remotes/main [3ms]
2024-11-14 13:13:03.194 [info] > git status -z -uall [18ms]
2024-11-14 13:13:08.867 [info] > git config --get commit.template [9ms]
2024-11-14 13:13:08.868 [info] > git for-each-ref --format=%(refname)%00%(upstream:short)%00%(objectname)%00%(upstream:track)%00%(upstream:remotename)%00%(upstream:remoteref) refs/heads/main refs/remotes/main [2ms]
2024-11-14 13:13:08.895 [info] > git status -z -uall [20ms]
2024-11-14 13:13:13.925 [info] > git config --get commit.template [10ms]
2024-11-14 13:13:13.926 [info] > git for-each-ref --format=%(refname)%00%(upstream:short)%00%(objectname)%00%(upstream:track)%00%(upstream:remotename)%00%(upstream:remoteref) refs/heads/main refs/remotes/main [3ms]
2024-11-14 13:13:13.956 [info] > git status -z -uall [21ms]
2024-11-14 13:13:16.165 [info] > git show --textconv :baiust/urls.py [12ms]
2024-11-14 13:13:16.167 [info] > git ls-files --stage -- /mnt/hdd/HDD(lost+found)/maskura/project/Edge_project/baiust/baiust/urls.py [3ms]
2024-11-14 13:13:16.177 [info] > git cat-file -s 60d622f8620c3f1f37242df0da95abbe8bf0906e [3ms]
2024-11-14 13:13:19.817 [info] > git config --get commit.template [9ms]
2024-11-14 13:13:19.819 [info] > git for-each-ref --format=%(refname)%00%(upstream:short)%00%(objectname)%00%(upstream:track)%00%(upstream:remotename)%00%(upstream:remoteref) refs/heads/main refs/remotes/main [3ms]
2024-11-14 13:13:19.848 [info] > git status -z -uall [20ms]
2024-11-14 13:13:46.105 [info] > git config --get commit.template [15ms]
2024-11-14 13:13:46.112 [info] > git for-each-ref --format=%(refname)%00%(upstream:short)%00%(objectname)%00%(upstream:track)%00%(upstream:remotename)%00%(upstream:remoteref) refs/heads/main refs/remotes/main [8ms]
2024-11-14 13:13:46.147 [info] > git status -z -uall [24ms]
2024-11-14 13:13:53.441 [info] > git show --textconv :app_edge/views/urls.py [8ms]
2024-11-14 13:13:53.442 [info] > git ls-files --stage -- /mnt/hdd/HDD(lost+found)/maskura/project/Edge_project/baiust/app_edge/views/urls.py [2ms]
2024-11-14 13:14:26.299 [info] > git config --get commit.template [1ms]
2024-11-14 13:14:26.320 [info] > git for-each-ref --format=%(refname)%00%(upstream:short)%00%(objectname)%00%(upstream:track)%00%(upstream:remotename)%00%(upstream:remoteref) refs/heads/main refs/remotes/main [3ms]
2024-11-14 13:14:26.377 [info] > git status -z -uall [40ms]
2024-11-14 13:14:27.953 [info] > git show --textconv :baiust/urls.py [10ms]
2024-11-14 13:14:27.955 [info] > git ls-files --stage -- /mnt/hdd/HDD(lost+found)/maskura/project/Edge_project/baiust/baiust/urls.py [3ms]
2024-11-14 13:14:27.965 [info] > git cat-file -s 60d622f8620c3f1f37242df0da95abbe8bf0906e [3ms]
2024-11-14 13:14:31.415 [info] > git config --get commit.template [9ms]
2024-11-14 13:14:31.417 [info] > git for-each-ref --format=%(refname)%00%(upstream:short)%00%(objectname)%00%(upstream:track)%00%(upstream:remotename)%00%(upstream:remoteref) refs/heads/main refs/remotes/main [3ms]
2024-11-14 13:14:31.447 [info] > git status -z -uall [19ms]
2024-11-14 13:14:41.327 [info] > git config --get commit.template [10ms]
2024-11-14 13:14:41.328 [info] > git for-each-ref --format=%(refname)%00%(upstream:short)%00%(objectname)%00%(upstream:track)%00%(upstream:remotename)%00%(upstream:remoteref) refs/heads/main refs/remotes/main [3ms]
2024-11-14 13:14:41.355 [info] > git status -z -uall [21ms]
2024-11-14 13:14:42.668 [info] > git show --textconv :app_edge/views/urls.py [9ms]
2024-11-14 13:14:42.670 [info] > git ls-files --stage -- /mnt/hdd/HDD(lost+found)/maskura/project/Edge_project/baiust/app_edge/views/urls.py [3ms]
2024-11-14 13:14:53.136 [info] > git show --textconv :app_edge/views/cviews.py [9ms]
2024-11-14 13:14:53.138 [info] > git ls-files --stage -- /mnt/hdd/HDD(lost+found)/maskura/project/Edge_project/baiust/app_edge/views/cviews.py [3ms]
2024-11-14 13:14:56.069 [info] > git config --get commit.template [9ms]
2024-11-14 13:14:56.071 [info] > git for-each-ref --format=%(refname)%00%(upstream:short)%00%(objectname)%00%(upstream:track)%00%(upstream:remotename)%00%(upstream:remoteref) refs/heads/main refs/remotes/main [3ms]
2024-11-14 13:14:56.098 [info] > git status -z -uall [19ms]
2024-11-14 13:15:01.086 [info] > git show --textconv :baiust/urls.py [8ms]
2024-11-14 13:15:01.087 [info] > git ls-files --stage -- /mnt/hdd/HDD(lost+found)/maskura/project/Edge_project/baiust/baiust/urls.py [2ms]
2024-11-14 13:15:01.095 [info] > git cat-file -s 60d622f8620c3f1f37242df0da95abbe8bf0906e [2ms]
2024-11-14 13:15:02.794 [info] > git show --textconv :app_edge/views/urls.py [8ms]
2024-11-14 13:15:02.796 [info] > git ls-files --stage -- /mnt/hdd/HDD(lost+found)/maskura/project/Edge_project/baiust/app_edge/views/urls.py [3ms]
2024-11-14 13:15:06.287 [info] > git config --get commit.template [9ms]
2024-11-14 13:15:06.289 [info] > git for-each-ref --format=%(refname)%00%(upstream:short)%00%(objectname)%00%(upstream:track)%00%(upstream:remotename)%00%(upstream:remoteref) refs/heads/main refs/remotes/main [2ms]
2024-11-14 13:15:06.317 [info] > git status -z -uall [20ms]
2024-11-14 13:15:11.353 [info] > git config --get commit.template [9ms]
2024-11-14 13:15:11.355 [info] > git for-each-ref --format=%(refname)%00%(upstream:short)%00%(objectname)%00%(upstream:track)%00%(upstream:remotename)%00%(upstream:remoteref) refs/heads/main refs/remotes/main [2ms]
2024-11-14 13:15:11.383 [info] > git status -z -uall [19ms]
2024-11-14 13:15:19.836 [info] > git config --get commit.template [9ms]
2024-11-14 13:15:19.838 [info] > git for-each-ref --format=%(refname)%00%(upstream:short)%00%(objectname)%00%(upstream:track)%00%(upstream:remotename)%00%(upstream:remoteref) refs/heads/main refs/remotes/main [3ms]
2024-11-14 13:15:19.868 [info] > git status -z -uall [20ms]
2024-11-14 13:15:24.893 [info] > git config --get commit.template [8ms]
2024-11-14 13:15:24.895 [info] > git for-each-ref --format=%(refname)%00%(upstream:short)%00%(objectname)%00%(upstream:track)%00%(upstream:remotename)%00%(upstream:remoteref) refs/heads/main refs/remotes/main [2ms]
2024-11-14 13:15:24.923 [info] > git status -z -uall [20ms]
2024-11-14 13:15:31.146 [info] > git config --get commit.template [9ms]
2024-11-14 13:15:31.148 [info] > git for-each-ref --format=%(refname)%00%(upstream:short)%00%(objectname)%00%(upstream:track)%00%(upstream:remotename)%00%(upstream:remoteref) refs/heads/main refs/remotes/main [3ms]
2024-11-14 13:15:31.175 [info] > git status -z -uall [18ms]
2024-11-14 13:15:38.485 [info] > git config --get commit.template [9ms]
2024-11-14 13:15:38.487 [info] > git for-each-ref --format=%(refname)%00%(upstream:short)%00%(objectname)%00%(upstream:track)%00%(upstream:remotename)%00%(upstream:remoteref) refs/heads/main refs/remotes/main [3ms]
2024-11-14 13:15:38.516 [info] > git status -z -uall [20ms]
2024-11-14 13:15:51.032 [info] > git config --get commit.template [10ms]
2024-11-14 13:15:51.033 [info] > git for-each-ref --format=%(refname)%00%(upstream:short)%00%(objectname)%00%(upstream:track)%00%(upstream:remotename)%00%(upstream:remoteref) refs/heads/main refs/remotes/main [2ms]
2024-11-14 13:15:51.063 [info] > git status -z -uall [20ms]
2024-11-14 13:15:56.544 [info] > git config --get commit.template [3ms]
2024-11-14 13:15:56.556 [info] > git for-each-ref --format=%(refname)%00%(upstream:short)%00%(objectname)%00%(upstream:track)%00%(upstream:remotename)%00%(upstream:remoteref) refs/heads/main refs/remotes/main [2ms]
2024-11-14 13:15:56.584 [info] > git status -z -uall [22ms]
2024-11-14 13:16:50.349 [info] > git config --get commit.template [1ms]
2024-11-14 13:16:50.381 [info] > git for-each-ref --format=%(refname)%00%(upstream:short)%00%(objectname)%00%(upstream:track)%00%(upstream:remotename)%00%(upstream:remoteref) refs/heads/main refs/remotes/main [10ms]
2024-11-14 13:16:50.425 [info] > git status -z -uall [30ms]
2024-11-14 13:16:55.466 [info] > git config --get commit.template [8ms]
2024-11-14 13:16:55.467 [info] > git for-each-ref --format=%(refname)%00%(upstream:short)%00%(objectname)%00%(upstream:track)%00%(upstream:remotename)%00%(upstream:remoteref) refs/heads/main refs/remotes/main [2ms]
2024-11-14 13:16:55.497 [info] > git status -z -uall [21ms]
2024-11-14 13:16:55.514 [info] > git show --textconv :baiust/urls.py [17ms]
2024-11-14 13:16:55.521 [info] > git ls-files --stage -- /mnt/hdd/HDD(lost+found)/maskura/project/Edge_project/baiust/baiust/urls.py [8ms]
2024-11-14 13:16:55.530 [info] > git cat-file -s 60d622f8620c3f1f37242df0da95abbe8bf0906e [2ms]
