2024-11-29 19:42:03.478 [info] Added views:workbench.panel.markers.view in workbench.panel.markers
2024-11-29 19:42:03.478 [info] Added views:workbench.panel.output in workbench.panel.output
2024-11-29 19:42:03.478 [info] Added views:terminal in terminal
2024-11-29 19:42:03.478 [info] Added views:outline in workbench.view.explorer
2024-11-29 19:42:03.478 [info] Added views:workbench.scm in workbench.view.scm
2024-11-29 19:42:03.478 [info] Added views:workbench.view.search in workbench.view.search
2024-11-29 19:42:03.478 [info] Added views:timeline in workbench.view.explorer
2024-11-29 19:42:03.478 [info] Added views:workbench.explorer.emptyView in workbench.view.explorer
2024-11-29 19:42:04.292 [info] Added views:workbench.debug.variablesView,workbench.debug.watchExpressionsView,workbench.debug.callStackView,workbench.debug.breakPointsView in workbench.view.debug
2024-11-29 19:42:04.534 [info] Added views:workbench.panel.repl.view in workbench.panel.repl
2024-11-29 19:42:04.536 [info] Removed views:workbench.debug.breakPointsView,workbench.debug.callStackView,workbench.debug.watchExpressionsView,workbench.debug.variablesView from workbench.view.debug
2024-11-29 19:42:04.537 [info] Added views:workbench.debug.welcome in workbench.view.debug
2024-11-29 19:42:04.773 [info] Added views:~remote.forwardedPorts in ~remote.forwardedPortsContainer
2024-11-29 19:42:09.295 [info] Added views:workbench.panel.markers.view in workbench.panel.markers
2024-11-29 19:42:09.296 [info] Added views:workbench.panel.output in workbench.panel.output
2024-11-29 19:42:09.296 [info] Added views:terminal in terminal
2024-11-29 19:42:09.296 [info] Added views:outline in workbench.view.explorer
2024-11-29 19:42:09.296 [info] Added views:workbench.scm in workbench.view.scm
2024-11-29 19:42:09.296 [info] Added views:workbench.view.search in workbench.view.search
2024-11-29 19:42:09.296 [info] Added views:timeline in workbench.view.explorer
2024-11-29 19:42:09.296 [info] Added views:workbench.explorer.emptyView in workbench.view.explorer
2024-11-29 19:42:10.010 [info] Added views:workbench.debug.welcome in workbench.view.debug
2024-11-29 19:42:10.104 [info] Added views:workbench.panel.repl.view in workbench.panel.repl
2024-11-29 19:42:10.521 [info] Added views:~remote.forwardedPorts in ~remote.forwardedPortsContainer
2024-11-29 19:42:26.896 [info] Added views:workbench.panel.markers.view in workbench.panel.markers
2024-11-29 19:42:26.896 [info] Added views:workbench.panel.output in workbench.panel.output
2024-11-29 19:42:26.896 [info] Added views:terminal in terminal
2024-11-29 19:42:26.896 [info] Added views:outline in workbench.view.explorer
2024-11-29 19:42:26.896 [info] Added views:workbench.scm in workbench.view.scm
2024-11-29 19:42:26.896 [info] Added views:workbench.view.search in workbench.view.search
2024-11-29 19:42:26.896 [info] Added views:timeline in workbench.view.explorer
2024-11-29 19:42:26.896 [info] Added views:workbench.explorer.fileView in workbench.view.explorer
2024-11-29 19:42:27.500 [info] Added views:workbench.debug.welcome in workbench.view.debug
2024-11-29 19:42:28.433 [info] Added views:workbench.panel.repl.view in workbench.panel.repl
2024-11-29 19:42:32.165 [info] Added views:~remote.forwardedPorts in ~remote.forwardedPortsContainer
2024-11-29 19:42:35.206 [info] Added views:workbench.panel.markers.view in workbench.panel.markers
2024-11-29 19:42:35.206 [info] Added views:workbench.panel.output in workbench.panel.output
2024-11-29 19:42:35.206 [info] Added views:terminal in terminal
2024-11-29 19:42:35.206 [info] Added views:outline in workbench.view.explorer
2024-11-29 19:42:35.206 [info] Added views:workbench.scm in workbench.view.scm
2024-11-29 19:42:35.206 [info] Added views:workbench.view.search in workbench.view.search
2024-11-29 19:42:35.206 [info] Added views:timeline in workbench.view.explorer
2024-11-29 19:42:35.206 [info] Added views:workbench.explorer.fileView in workbench.view.explorer
2024-11-29 19:42:35.625 [info] Added views:workbench.debug.welcome in workbench.view.debug
2024-11-29 19:42:36.627 [info] Added views:workbench.panel.repl.view in workbench.panel.repl
2024-11-29 19:42:37.778 [info] Added views:workbench.view.testing in workbench.view.extension.test
2024-11-29 19:42:38.689 [info] Added views:~remote.forwardedPorts in ~remote.forwardedPortsContainer
