2024-11-28 22:02:28.656 [info] Extension host with pid 8615 started
2024-11-28 22:02:28.656 [info] Skipping acquiring lock for /mnt/hdd/HDD(lost+found)/maskura/project/Edge_project/baiust/~/vscode-safe-mode/User/workspaceStorage/1fd1ab19eb0ef8cab4074d768e9aaa1f.
2024-11-28 22:02:28.948 [info] ExtensionService#_doActivateExtension vscode.emmet, startup: false, activationEvent: 'onLanguage'
2024-11-28 22:02:29.616 [info] ExtensionService#_doActivateExtension vscode.git-base, startup: true, activationEvent: '*', root cause: vscode.git
2024-11-28 22:02:29.692 [info] ExtensionService#_doActivateExtension vscode.git, startup: true, activationEvent: '*'
2024-11-28 22:02:29.855 [info] ExtensionService#_doActivateExtension vscode.github, startup: true, activationEvent: '*'
2024-11-28 22:02:30.110 [info] Eager extensions activated
2024-11-28 22:02:30.458 [warning] [Decorations] CAPPING events from decorations provider vscode.git 310
2024-11-28 22:02:30.523 [info] ExtensionService#_doActivateExtension vscode.debug-auto-launch, startup: false, activationEvent: 'onStartupFinished'
2024-11-28 22:02:30.545 [info] ExtensionService#_doActivateExtension vscode.merge-conflict, startup: false, activationEvent: 'onStartupFinished'
2024-11-28 22:02:30.913 [warning] [Decorations] CAPPING events from decorations provider vscode.git 310
2024-11-28 22:02:31.173 [info] ExtensionService#_doActivateExtension vscode.github-authentication, startup: false, activationEvent: 'onAuthenticationRequest:github'
2024-11-28 22:03:00.215 [info] Extension host terminating: renderer closed the MessagePort
2024-11-28 22:03:00.265 [error] Canceled: Canceled
	at new O (/usr/share/code/resources/app/out/vs/workbench/api/node/extensionHostProcess.js:143:47131)
	at c.U (/usr/share/code/resources/app/out/vs/workbench/api/node/extensionHostProcess.js:150:5542)
	at F.<computed>.z.charCodeAt.F.<computed> (/usr/share/code/resources/app/out/vs/workbench/api/node/extensionHostProcess.js:150:2993)
	at r.g (/usr/share/code/resources/app/out/vs/workbench/api/node/extensionHostProcess.js:153:188926)
	at r.executeCommand (/usr/share/code/resources/app/out/vs/workbench/api/node/extensionHostProcess.js:153:188364)
	at k.registerCommand.description (/usr/share/code/resources/app/out/vs/workbench/api/node/extensionHostProcess.js:153:187688)
	at r.h (/usr/share/code/resources/app/out/vs/workbench/api/node/extensionHostProcess.js:153:189465)
	at r.g (/usr/share/code/resources/app/out/vs/workbench/api/node/extensionHostProcess.js:153:188457)
	at r.executeCommand (/usr/share/code/resources/app/out/vs/workbench/api/node/extensionHostProcess.js:153:188364)
	at Object.executeCommand (/usr/share/code/resources/app/out/vs/workbench/api/node/extensionHostProcess.js:163:22673)
	at a.O [as value] (/usr/share/code/resources/app/extensions/git/dist/main.js:2:945138)
	at o.y (/usr/share/code/resources/app/out/vs/workbench/api/node/extensionHostProcess.js:82:660)
	at o.z (/usr/share/code/resources/app/out/vs/workbench/api/node/extensionHostProcess.js:82:730)
	at o.fire (/usr/share/code/resources/app/out/vs/workbench/api/node/extensionHostProcess.js:82:946)
	at Object.p [as dispose] (/usr/share/code/resources/app/extensions/git/dist/main.js:2:964222)
	at /usr/share/code/resources/app/extensions/git/dist/main.js:2:970260
	at Array.forEach (<anonymous>)
	at f.dispose (/usr/share/code/resources/app/extensions/git/dist/main.js:2:970246)
	at h.<anonymous> (/usr/share/code/resources/app/out/vs/workbench/api/node/extensionHostProcess.js:151:3955)
	at h.dispose (/usr/share/code/resources/app/out/vs/workbench/api/node/extensionHostProcess.js:151:4052)
	at h.<anonymous> (/usr/share/code/resources/app/extensions/git/dist/main.js:2:947395)
	at h.dispose (/usr/share/code/resources/app/out/vs/workbench/api/node/extensionHostProcess.js:151:4052)
	at a (/usr/share/code/resources/app/out/vs/workbench/api/node/extensionHostProcess.js:30:744)
	at f.eb (/usr/share/code/resources/app/out/vs/workbench/api/node/extensionHostProcess.js:159:9975)
	at /usr/share/code/resources/app/out/vs/workbench/api/node/extensionHostProcess.js:159:7824
	at Array.map (<anonymous>)
	at f.$ (/usr/share/code/resources/app/out/vs/workbench/api/node/extensionHostProcess.js:159:7811)
	at f.terminate (/usr/share/code/resources/app/out/vs/workbench/api/node/extensionHostProcess.js:159:8085)
	at a.terminate (/usr/share/code/resources/app/out/vs/workbench/api/node/extensionHostProcess.js:163:1513)
	at t (/usr/share/code/resources/app/out/vs/workbench/api/node/extensionHostProcess.js:176:9922)
	at MessagePortMain.<anonymous> (/usr/share/code/resources/app/out/vs/workbench/api/node/extensionHostProcess.js:176:6347)
	at MessagePortMain.emit (node:events:517:28)
	at MessagePortMain._internalPort.emit (node:electron/js2c/utility_init:2:2285) setContext undefined
2024-11-28 22:03:00.266 [error] Canceled: Canceled
	at new O (/usr/share/code/resources/app/out/vs/workbench/api/node/extensionHostProcess.js:143:47131)
	at c.U (/usr/share/code/resources/app/out/vs/workbench/api/node/extensionHostProcess.js:150:5542)
	at F.<computed>.z.charCodeAt.F.<computed> (/usr/share/code/resources/app/out/vs/workbench/api/node/extensionHostProcess.js:150:2993)
	at r.g (/usr/share/code/resources/app/out/vs/workbench/api/node/extensionHostProcess.js:153:188926)
	at r.executeCommand (/usr/share/code/resources/app/out/vs/workbench/api/node/extensionHostProcess.js:153:188364)
	at k.registerCommand.description (/usr/share/code/resources/app/out/vs/workbench/api/node/extensionHostProcess.js:153:187688)
	at r.h (/usr/share/code/resources/app/out/vs/workbench/api/node/extensionHostProcess.js:153:189465)
	at r.g (/usr/share/code/resources/app/out/vs/workbench/api/node/extensionHostProcess.js:153:188457)
	at r.executeCommand (/usr/share/code/resources/app/out/vs/workbench/api/node/extensionHostProcess.js:153:188364)
	at Object.executeCommand (/usr/share/code/resources/app/out/vs/workbench/api/node/extensionHostProcess.js:163:22673)
	at set hasGitHubRepositories [as hasGitHubRepositories] (/usr/share/code/resources/app/extensions/github/dist/extension.js:2:322969)
	at /usr/share/code/resources/app/extensions/github/dist/extension.js:2:323928
	at a.value (/usr/share/code/resources/app/extensions/git/dist/main.js:2:1050711)
	at o.y (/usr/share/code/resources/app/out/vs/workbench/api/node/extensionHostProcess.js:82:660)
	at o.z (/usr/share/code/resources/app/out/vs/workbench/api/node/extensionHostProcess.js:82:730)
	at o.fire (/usr/share/code/resources/app/out/vs/workbench/api/node/extensionHostProcess.js:82:946)
	at Object.p [as dispose] (/usr/share/code/resources/app/extensions/git/dist/main.js:2:964222)
	at /usr/share/code/resources/app/extensions/git/dist/main.js:2:970260
	at Array.forEach (<anonymous>)
	at f.dispose (/usr/share/code/resources/app/extensions/git/dist/main.js:2:970246)
	at h.<anonymous> (/usr/share/code/resources/app/out/vs/workbench/api/node/extensionHostProcess.js:151:3955)
	at h.dispose (/usr/share/code/resources/app/out/vs/workbench/api/node/extensionHostProcess.js:151:4052)
	at h.<anonymous> (/usr/share/code/resources/app/extensions/git/dist/main.js:2:947395)
	at h.dispose (/usr/share/code/resources/app/out/vs/workbench/api/node/extensionHostProcess.js:151:4052)
	at a (/usr/share/code/resources/app/out/vs/workbench/api/node/extensionHostProcess.js:30:744)
	at f.eb (/usr/share/code/resources/app/out/vs/workbench/api/node/extensionHostProcess.js:159:9975)
	at /usr/share/code/resources/app/out/vs/workbench/api/node/extensionHostProcess.js:159:7824
	at Array.map (<anonymous>)
	at f.$ (/usr/share/code/resources/app/out/vs/workbench/api/node/extensionHostProcess.js:159:7811)
	at f.terminate (/usr/share/code/resources/app/out/vs/workbench/api/node/extensionHostProcess.js:159:8085)
	at a.terminate (/usr/share/code/resources/app/out/vs/workbench/api/node/extensionHostProcess.js:163:1513)
	at t (/usr/share/code/resources/app/out/vs/workbench/api/node/extensionHostProcess.js:176:9922)
	at MessagePortMain.<anonymous> (/usr/share/code/resources/app/out/vs/workbench/api/node/extensionHostProcess.js:176:6347)
	at MessagePortMain.emit (node:events:517:28)
	at MessagePortMain._internalPort.emit (node:electron/js2c/utility_init:2:2285) setContext undefined
2024-11-28 22:03:00.267 [info] Extension host with pid 8615 exiting with code 0
2024-11-28 22:03:02.849 [info] Extension host with pid 8915 started
2024-11-28 22:03:02.849 [info] Skipping acquiring lock for /mnt/hdd/HDD(lost+found)/maskura/project/Edge_project/baiust/~/vscode-safe-mode/User/workspaceStorage/1fd1ab19eb0ef8cab4074d768e9aaa1f.
2024-11-28 22:03:03.211 [info] ExtensionService#_doActivateExtension vscode.emmet, startup: false, activationEvent: 'onLanguage'
2024-11-28 22:03:03.224 [info] ExtensionService#_doActivateExtension batisteo.vscode-django, startup: false, activationEvent: 'onLanguage:python'
2024-11-28 22:03:03.272 [info] ExtensionService#_doActivateExtension ms-python.python, startup: false, activationEvent: 'onLanguage:python', root cause: ms-python.debugpy
2024-11-28 22:03:04.277 [info] ExtensionService#_doActivateExtension vscode.git-base, startup: true, activationEvent: '*', root cause: vscode.git
2024-11-28 22:03:04.283 [info] ExtensionService#_doActivateExtension mcright.auto-save, startup: true, activationEvent: '*'
2024-11-28 22:03:04.374 [info] ExtensionService#_doActivateExtension ms-python.debugpy, startup: false, activationEvent: 'onLanguage:python'
2024-11-28 22:03:04.453 [info] ExtensionService#_doActivateExtension ms-python.vscode-pylance, startup: false, activationEvent: 'onLanguage:python'
2024-11-28 22:03:05.395 [info] ExtensionService#_doActivateExtension vscode.git, startup: true, activationEvent: '*'
2024-11-28 22:03:05.437 [info] ExtensionService#_doActivateExtension vscode.github, startup: true, activationEvent: '*'
2024-11-28 22:03:05.696 [info] Eager extensions activated
2024-11-28 22:03:05.933 [warning] [Decorations] CAPPING events from decorations provider vscode.git 310
2024-11-28 22:03:06.237 [info] ExtensionService#_doActivateExtension vscode.debug-auto-launch, startup: false, activationEvent: 'onStartupFinished'
2024-11-28 22:03:06.241 [info] ExtensionService#_doActivateExtension vscode.merge-conflict, startup: false, activationEvent: 'onStartupFinished'
2024-11-28 22:03:06.253 [info] ExtensionService#_doActivateExtension bradlc.vscode-tailwindcss, startup: false, activationEvent: 'onStartupFinished'
2024-11-28 22:03:06.306 [info] ExtensionService#_doActivateExtension ritwickdey.LiveServer, startup: false, activationEvent: 'onStartupFinished'
2024-11-28 22:03:06.602 [warning] [Decorations] CAPPING events from decorations provider vscode.git 310
2024-11-28 22:03:06.836 [error] Error: The language client requires VS Code version ^1.91.0 but received version 1.89.1
	at P.checkVersion (/home/maskura/.vscode/extensions/ms-python.python-2024.14.0-linux-x64/out/client/extension.js:2:2307252)
	at new P (/home/maskura/.vscode/extensions/ms-python.python-2024.14.0-linux-x64/out/client/extension.js:2:2306957)
	at Object.createClient (/home/maskura/.vscode/extensions/ms-python.python-2024.14.0-linux-x64/out/client/extension.js:2:52239)
	at _0x500d80 (/home/maskura/.vscode/extensions/ms-python.vscode-pylance-2024.8.2/dist/extension.bundle.js:1:214371)
	at async _0x5446db (/home/maskura/.vscode/extensions/ms-python.vscode-pylance-2024.8.2/dist/extension.bundle.js:1:218069)
	at async _0x1d21da._startClient (/home/maskura/.vscode/extensions/ms-python.vscode-pylance-2024.8.2/dist/extension.bundle.js:1:167360)
	at async _0x1d21da._createNewRequest (/home/maskura/.vscode/extensions/ms-python.vscode-pylance-2024.8.2/dist/extension.bundle.js:1:166885)
	at async _0x1d21da._enqueueRequestAndWaitForRun (/home/maskura/.vscode/extensions/ms-python.vscode-pylance-2024.8.2/dist/extension.bundle.js:1:166089)
	at async _0x1d21da.startClient (/home/maskura/.vscode/extensions/ms-python.vscode-pylance-2024.8.2/dist/extension.bundle.js:1:165605)
	at async h.start (/home/maskura/.vscode/extensions/ms-python.python-2024.14.0-linux-x64/out/client/extension.js:2:39659)
2024-11-28 22:03:06.840 [info] ExtensionService#_doActivateExtension vscode.github-authentication, startup: false, activationEvent: 'onAuthenticationRequest:github'
2024-11-28 22:03:26.201 [info] Extension host terminating: renderer closed the MessagePort
2024-11-28 22:03:26.261 [error] Canceled: Canceled
	at new O (/usr/share/code/resources/app/out/vs/workbench/api/node/extensionHostProcess.js:143:47131)
	at c.U (/usr/share/code/resources/app/out/vs/workbench/api/node/extensionHostProcess.js:150:5542)
	at F.<computed>.z.charCodeAt.F.<computed> (/usr/share/code/resources/app/out/vs/workbench/api/node/extensionHostProcess.js:150:2993)
	at r.g (/usr/share/code/resources/app/out/vs/workbench/api/node/extensionHostProcess.js:153:188926)
	at r.executeCommand (/usr/share/code/resources/app/out/vs/workbench/api/node/extensionHostProcess.js:153:188364)
	at k.registerCommand.description (/usr/share/code/resources/app/out/vs/workbench/api/node/extensionHostProcess.js:153:187688)
	at r.h (/usr/share/code/resources/app/out/vs/workbench/api/node/extensionHostProcess.js:153:189465)
	at r.g (/usr/share/code/resources/app/out/vs/workbench/api/node/extensionHostProcess.js:153:188457)
	at r.executeCommand (/usr/share/code/resources/app/out/vs/workbench/api/node/extensionHostProcess.js:153:188364)
	at Object.executeCommand (/usr/share/code/resources/app/out/vs/workbench/api/node/extensionHostProcess.js:163:22673)
	at a.O [as value] (/usr/share/code/resources/app/extensions/git/dist/main.js:2:945138)
	at o.y (/usr/share/code/resources/app/out/vs/workbench/api/node/extensionHostProcess.js:82:660)
	at o.z (/usr/share/code/resources/app/out/vs/workbench/api/node/extensionHostProcess.js:82:730)
	at o.fire (/usr/share/code/resources/app/out/vs/workbench/api/node/extensionHostProcess.js:82:946)
	at Object.p [as dispose] (/usr/share/code/resources/app/extensions/git/dist/main.js:2:964222)
	at /usr/share/code/resources/app/extensions/git/dist/main.js:2:970260
	at Array.forEach (<anonymous>)
	at f.dispose (/usr/share/code/resources/app/extensions/git/dist/main.js:2:970246)
	at h.<anonymous> (/usr/share/code/resources/app/out/vs/workbench/api/node/extensionHostProcess.js:151:3955)
	at h.dispose (/usr/share/code/resources/app/out/vs/workbench/api/node/extensionHostProcess.js:151:4052)
	at h.<anonymous> (/usr/share/code/resources/app/extensions/git/dist/main.js:2:947395)
	at h.dispose (/usr/share/code/resources/app/out/vs/workbench/api/node/extensionHostProcess.js:151:4052)
	at a (/usr/share/code/resources/app/out/vs/workbench/api/node/extensionHostProcess.js:30:744)
	at f.eb (/usr/share/code/resources/app/out/vs/workbench/api/node/extensionHostProcess.js:159:9975)
	at /usr/share/code/resources/app/out/vs/workbench/api/node/extensionHostProcess.js:159:7824
	at Array.map (<anonymous>)
	at f.$ (/usr/share/code/resources/app/out/vs/workbench/api/node/extensionHostProcess.js:159:7811)
	at f.terminate (/usr/share/code/resources/app/out/vs/workbench/api/node/extensionHostProcess.js:159:8085)
	at a.terminate (/usr/share/code/resources/app/out/vs/workbench/api/node/extensionHostProcess.js:163:1513)
	at t (/usr/share/code/resources/app/out/vs/workbench/api/node/extensionHostProcess.js:176:9922)
	at MessagePortMain.<anonymous> (/usr/share/code/resources/app/out/vs/workbench/api/node/extensionHostProcess.js:176:6347)
	at MessagePortMain.emit (node:events:517:28)
	at MessagePortMain._internalPort.emit (node:electron/js2c/utility_init:2:2285) setContext undefined
2024-11-28 22:03:26.263 [error] Canceled: Canceled
	at new O (/usr/share/code/resources/app/out/vs/workbench/api/node/extensionHostProcess.js:143:47131)
	at c.U (/usr/share/code/resources/app/out/vs/workbench/api/node/extensionHostProcess.js:150:5542)
	at F.<computed>.z.charCodeAt.F.<computed> (/usr/share/code/resources/app/out/vs/workbench/api/node/extensionHostProcess.js:150:2993)
	at r.g (/usr/share/code/resources/app/out/vs/workbench/api/node/extensionHostProcess.js:153:188926)
	at r.executeCommand (/usr/share/code/resources/app/out/vs/workbench/api/node/extensionHostProcess.js:153:188364)
	at k.registerCommand.description (/usr/share/code/resources/app/out/vs/workbench/api/node/extensionHostProcess.js:153:187688)
	at r.h (/usr/share/code/resources/app/out/vs/workbench/api/node/extensionHostProcess.js:153:189465)
	at r.g (/usr/share/code/resources/app/out/vs/workbench/api/node/extensionHostProcess.js:153:188457)
	at r.executeCommand (/usr/share/code/resources/app/out/vs/workbench/api/node/extensionHostProcess.js:153:188364)
	at Object.executeCommand (/usr/share/code/resources/app/out/vs/workbench/api/node/extensionHostProcess.js:163:22673)
	at set hasGitHubRepositories [as hasGitHubRepositories] (/usr/share/code/resources/app/extensions/github/dist/extension.js:2:322969)
	at /usr/share/code/resources/app/extensions/github/dist/extension.js:2:323928
	at a.value (/usr/share/code/resources/app/extensions/git/dist/main.js:2:1050711)
	at o.y (/usr/share/code/resources/app/out/vs/workbench/api/node/extensionHostProcess.js:82:660)
	at o.z (/usr/share/code/resources/app/out/vs/workbench/api/node/extensionHostProcess.js:82:730)
	at o.fire (/usr/share/code/resources/app/out/vs/workbench/api/node/extensionHostProcess.js:82:946)
	at Object.p [as dispose] (/usr/share/code/resources/app/extensions/git/dist/main.js:2:964222)
	at /usr/share/code/resources/app/extensions/git/dist/main.js:2:970260
	at Array.forEach (<anonymous>)
	at f.dispose (/usr/share/code/resources/app/extensions/git/dist/main.js:2:970246)
	at h.<anonymous> (/usr/share/code/resources/app/out/vs/workbench/api/node/extensionHostProcess.js:151:3955)
	at h.dispose (/usr/share/code/resources/app/out/vs/workbench/api/node/extensionHostProcess.js:151:4052)
	at h.<anonymous> (/usr/share/code/resources/app/extensions/git/dist/main.js:2:947395)
	at h.dispose (/usr/share/code/resources/app/out/vs/workbench/api/node/extensionHostProcess.js:151:4052)
	at a (/usr/share/code/resources/app/out/vs/workbench/api/node/extensionHostProcess.js:30:744)
	at f.eb (/usr/share/code/resources/app/out/vs/workbench/api/node/extensionHostProcess.js:159:9975)
	at /usr/share/code/resources/app/out/vs/workbench/api/node/extensionHostProcess.js:159:7824
	at Array.map (<anonymous>)
	at f.$ (/usr/share/code/resources/app/out/vs/workbench/api/node/extensionHostProcess.js:159:7811)
	at f.terminate (/usr/share/code/resources/app/out/vs/workbench/api/node/extensionHostProcess.js:159:8085)
	at a.terminate (/usr/share/code/resources/app/out/vs/workbench/api/node/extensionHostProcess.js:163:1513)
	at t (/usr/share/code/resources/app/out/vs/workbench/api/node/extensionHostProcess.js:176:9922)
	at MessagePortMain.<anonymous> (/usr/share/code/resources/app/out/vs/workbench/api/node/extensionHostProcess.js:176:6347)
	at MessagePortMain.emit (node:events:517:28)
	at MessagePortMain._internalPort.emit (node:electron/js2c/utility_init:2:2285) setContext undefined
2024-11-28 22:03:26.265 [error] Error: The language client requires VS Code version ^1.91.0 but received version 1.89.1
	at P.checkVersion (/home/maskura/.vscode/extensions/ms-python.python-2024.14.0-linux-x64/out/client/extension.js:2:2307252)
	at new P (/home/maskura/.vscode/extensions/ms-python.python-2024.14.0-linux-x64/out/client/extension.js:2:2306957)
	at Object.createClient (/home/maskura/.vscode/extensions/ms-python.python-2024.14.0-linux-x64/out/client/extension.js:2:52239)
	at _0x500d80 (/home/maskura/.vscode/extensions/ms-python.vscode-pylance-2024.8.2/dist/extension.bundle.js:1:214371)
	at async _0x5446db (/home/maskura/.vscode/extensions/ms-python.vscode-pylance-2024.8.2/dist/extension.bundle.js:1:218069)
	at async _0x1d21da._startClient (/home/maskura/.vscode/extensions/ms-python.vscode-pylance-2024.8.2/dist/extension.bundle.js:1:167360)
	at async _0x1d21da._createNewRequest (/home/maskura/.vscode/extensions/ms-python.vscode-pylance-2024.8.2/dist/extension.bundle.js:1:166885)
	at async _0x1d21da._enqueueRequestAndWaitForRun (/home/maskura/.vscode/extensions/ms-python.vscode-pylance-2024.8.2/dist/extension.bundle.js:1:166089)
	at async _0x1d21da.startClient (/home/maskura/.vscode/extensions/ms-python.vscode-pylance-2024.8.2/dist/extension.bundle.js:1:165605)
	at async h.start (/home/maskura/.vscode/extensions/ms-python.python-2024.14.0-linux-x64/out/client/extension.js:2:39659)
2024-11-28 22:03:26.265 [error] Error: The language client requires VS Code version ^1.91.0 but received version 1.89.1
	at P.checkVersion (/home/maskura/.vscode/extensions/ms-python.python-2024.14.0-linux-x64/out/client/extension.js:2:2307252)
	at new P (/home/maskura/.vscode/extensions/ms-python.python-2024.14.0-linux-x64/out/client/extension.js:2:2306957)
	at Object.createClient (/home/maskura/.vscode/extensions/ms-python.python-2024.14.0-linux-x64/out/client/extension.js:2:52239)
	at _0x500d80 (/home/maskura/.vscode/extensions/ms-python.vscode-pylance-2024.8.2/dist/extension.bundle.js:1:214371)
	at async _0x5446db (/home/maskura/.vscode/extensions/ms-python.vscode-pylance-2024.8.2/dist/extension.bundle.js:1:218069)
	at async _0x1d21da._startClient (/home/maskura/.vscode/extensions/ms-python.vscode-pylance-2024.8.2/dist/extension.bundle.js:1:167360)
	at async _0x1d21da._createNewRequest (/home/maskura/.vscode/extensions/ms-python.vscode-pylance-2024.8.2/dist/extension.bundle.js:1:166885)
	at async _0x1d21da._enqueueRequestAndWaitForRun (/home/maskura/.vscode/extensions/ms-python.vscode-pylance-2024.8.2/dist/extension.bundle.js:1:166089)
	at async _0x1d21da.startClient (/home/maskura/.vscode/extensions/ms-python.vscode-pylance-2024.8.2/dist/extension.bundle.js:1:165605)
	at async h.start (/home/maskura/.vscode/extensions/ms-python.python-2024.14.0-linux-x64/out/client/extension.js:2:39659)
2024-11-28 22:03:26.266 [info] Extension host with pid 8915 exiting with code 0
2024-11-28 22:03:28.234 [info] Extension host with pid 9492 started
2024-11-28 22:03:28.234 [info] Skipping acquiring lock for /mnt/hdd/HDD(lost+found)/maskura/project/Edge_project/baiust/~/vscode-safe-mode/User/workspaceStorage/63183d9655ba2003e860cb602198bc81.
2024-11-28 22:03:28.532 [info] ExtensionService#_doActivateExtension vscode.emmet, startup: false, activationEvent: 'onLanguage'
2024-11-28 22:03:28.846 [info] ExtensionService#_doActivateExtension vscode.git-base, startup: true, activationEvent: '*', root cause: vscode.git
2024-11-28 22:03:29.065 [info] ExtensionService#_doActivateExtension vscode.git, startup: true, activationEvent: '*'
2024-11-28 22:03:29.111 [info] ExtensionService#_doActivateExtension vscode.github, startup: true, activationEvent: '*'
2024-11-28 22:03:29.337 [info] Eager extensions activated
2024-11-28 22:03:29.564 [info] ExtensionService#_doActivateExtension vscode.debug-auto-launch, startup: false, activationEvent: 'onStartupFinished'
2024-11-28 22:03:29.569 [info] ExtensionService#_doActivateExtension vscode.merge-conflict, startup: false, activationEvent: 'onStartupFinished'
2024-11-28 22:03:30.001 [info] ExtensionService#_doActivateExtension vscode.github-authentication, startup: false, activationEvent: 'onAuthenticationRequest:github'
2024-11-28 22:03:32.172 [info] Extension host terminating: renderer closed the MessagePort
2024-11-28 22:03:32.215 [error] Canceled: Canceled
	at new O (/usr/share/code/resources/app/out/vs/workbench/api/node/extensionHostProcess.js:143:47131)
	at c.U (/usr/share/code/resources/app/out/vs/workbench/api/node/extensionHostProcess.js:150:5542)
	at F.<computed>.z.charCodeAt.F.<computed> (/usr/share/code/resources/app/out/vs/workbench/api/node/extensionHostProcess.js:150:2993)
	at r.g (/usr/share/code/resources/app/out/vs/workbench/api/node/extensionHostProcess.js:153:188926)
	at r.executeCommand (/usr/share/code/resources/app/out/vs/workbench/api/node/extensionHostProcess.js:153:188364)
	at k.registerCommand.description (/usr/share/code/resources/app/out/vs/workbench/api/node/extensionHostProcess.js:153:187688)
	at r.h (/usr/share/code/resources/app/out/vs/workbench/api/node/extensionHostProcess.js:153:189465)
	at r.g (/usr/share/code/resources/app/out/vs/workbench/api/node/extensionHostProcess.js:153:188457)
	at r.executeCommand (/usr/share/code/resources/app/out/vs/workbench/api/node/extensionHostProcess.js:153:188364)
	at Object.executeCommand (/usr/share/code/resources/app/out/vs/workbench/api/node/extensionHostProcess.js:163:22673)
	at a.O [as value] (/usr/share/code/resources/app/extensions/git/dist/main.js:2:945138)
	at o.y (/usr/share/code/resources/app/out/vs/workbench/api/node/extensionHostProcess.js:82:660)
	at o.z (/usr/share/code/resources/app/out/vs/workbench/api/node/extensionHostProcess.js:82:730)
	at o.fire (/usr/share/code/resources/app/out/vs/workbench/api/node/extensionHostProcess.js:82:946)
	at Object.p [as dispose] (/usr/share/code/resources/app/extensions/git/dist/main.js:2:964222)
	at /usr/share/code/resources/app/extensions/git/dist/main.js:2:970260
	at Array.forEach (<anonymous>)
	at f.dispose (/usr/share/code/resources/app/extensions/git/dist/main.js:2:970246)
	at h.<anonymous> (/usr/share/code/resources/app/out/vs/workbench/api/node/extensionHostProcess.js:151:3955)
	at h.dispose (/usr/share/code/resources/app/out/vs/workbench/api/node/extensionHostProcess.js:151:4052)
	at h.<anonymous> (/usr/share/code/resources/app/extensions/git/dist/main.js:2:947395)
	at h.dispose (/usr/share/code/resources/app/out/vs/workbench/api/node/extensionHostProcess.js:151:4052)
	at a (/usr/share/code/resources/app/out/vs/workbench/api/node/extensionHostProcess.js:30:744)
	at f.eb (/usr/share/code/resources/app/out/vs/workbench/api/node/extensionHostProcess.js:159:9975)
	at /usr/share/code/resources/app/out/vs/workbench/api/node/extensionHostProcess.js:159:7824
	at Array.map (<anonymous>)
	at f.$ (/usr/share/code/resources/app/out/vs/workbench/api/node/extensionHostProcess.js:159:7811)
	at f.terminate (/usr/share/code/resources/app/out/vs/workbench/api/node/extensionHostProcess.js:159:8085)
	at a.terminate (/usr/share/code/resources/app/out/vs/workbench/api/node/extensionHostProcess.js:163:1513)
	at t (/usr/share/code/resources/app/out/vs/workbench/api/node/extensionHostProcess.js:176:9922)
	at MessagePortMain.<anonymous> (/usr/share/code/resources/app/out/vs/workbench/api/node/extensionHostProcess.js:176:6347)
	at MessagePortMain.emit (node:events:517:28)
	at MessagePortMain._internalPort.emit (node:electron/js2c/utility_init:2:2285) setContext undefined
2024-11-28 22:03:32.216 [error] Canceled: Canceled
	at new O (/usr/share/code/resources/app/out/vs/workbench/api/node/extensionHostProcess.js:143:47131)
	at c.U (/usr/share/code/resources/app/out/vs/workbench/api/node/extensionHostProcess.js:150:5542)
	at F.<computed>.z.charCodeAt.F.<computed> (/usr/share/code/resources/app/out/vs/workbench/api/node/extensionHostProcess.js:150:2993)
	at r.g (/usr/share/code/resources/app/out/vs/workbench/api/node/extensionHostProcess.js:153:188926)
	at r.executeCommand (/usr/share/code/resources/app/out/vs/workbench/api/node/extensionHostProcess.js:153:188364)
	at k.registerCommand.description (/usr/share/code/resources/app/out/vs/workbench/api/node/extensionHostProcess.js:153:187688)
	at r.h (/usr/share/code/resources/app/out/vs/workbench/api/node/extensionHostProcess.js:153:189465)
	at r.g (/usr/share/code/resources/app/out/vs/workbench/api/node/extensionHostProcess.js:153:188457)
	at r.executeCommand (/usr/share/code/resources/app/out/vs/workbench/api/node/extensionHostProcess.js:153:188364)
	at Object.executeCommand (/usr/share/code/resources/app/out/vs/workbench/api/node/extensionHostProcess.js:163:22673)
	at set hasGitHubRepositories [as hasGitHubRepositories] (/usr/share/code/resources/app/extensions/github/dist/extension.js:2:322969)
	at /usr/share/code/resources/app/extensions/github/dist/extension.js:2:323928
	at a.value (/usr/share/code/resources/app/extensions/git/dist/main.js:2:1050711)
	at o.y (/usr/share/code/resources/app/out/vs/workbench/api/node/extensionHostProcess.js:82:660)
	at o.z (/usr/share/code/resources/app/out/vs/workbench/api/node/extensionHostProcess.js:82:730)
	at o.fire (/usr/share/code/resources/app/out/vs/workbench/api/node/extensionHostProcess.js:82:946)
	at Object.p [as dispose] (/usr/share/code/resources/app/extensions/git/dist/main.js:2:964222)
	at /usr/share/code/resources/app/extensions/git/dist/main.js:2:970260
	at Array.forEach (<anonymous>)
	at f.dispose (/usr/share/code/resources/app/extensions/git/dist/main.js:2:970246)
	at h.<anonymous> (/usr/share/code/resources/app/out/vs/workbench/api/node/extensionHostProcess.js:151:3955)
	at h.dispose (/usr/share/code/resources/app/out/vs/workbench/api/node/extensionHostProcess.js:151:4052)
	at h.<anonymous> (/usr/share/code/resources/app/extensions/git/dist/main.js:2:947395)
	at h.dispose (/usr/share/code/resources/app/out/vs/workbench/api/node/extensionHostProcess.js:151:4052)
	at a (/usr/share/code/resources/app/out/vs/workbench/api/node/extensionHostProcess.js:30:744)
	at f.eb (/usr/share/code/resources/app/out/vs/workbench/api/node/extensionHostProcess.js:159:9975)
	at /usr/share/code/resources/app/out/vs/workbench/api/node/extensionHostProcess.js:159:7824
	at Array.map (<anonymous>)
	at f.$ (/usr/share/code/resources/app/out/vs/workbench/api/node/extensionHostProcess.js:159:7811)
	at f.terminate (/usr/share/code/resources/app/out/vs/workbench/api/node/extensionHostProcess.js:159:8085)
	at a.terminate (/usr/share/code/resources/app/out/vs/workbench/api/node/extensionHostProcess.js:163:1513)
	at t (/usr/share/code/resources/app/out/vs/workbench/api/node/extensionHostProcess.js:176:9922)
	at MessagePortMain.<anonymous> (/usr/share/code/resources/app/out/vs/workbench/api/node/extensionHostProcess.js:176:6347)
	at MessagePortMain.emit (node:events:517:28)
	at MessagePortMain._internalPort.emit (node:electron/js2c/utility_init:2:2285) setContext undefined
2024-11-28 22:03:32.216 [info] Extension host with pid 9492 exiting with code 0
2024-11-28 22:03:33.963 [info] Extension host with pid 9930 started
2024-11-28 22:03:33.963 [info] Skipping acquiring lock for /mnt/hdd/HDD(lost+found)/maskura/project/Edge_project/baiust/~/vscode-safe-mode/User/workspaceStorage/63183d9655ba2003e860cb602198bc81.
2024-11-28 22:03:34.376 [info] ExtensionService#_doActivateExtension vscode.emmet, startup: false, activationEvent: 'onLanguage'
2024-11-28 22:03:34.400 [info] ExtensionService#_doActivateExtension batisteo.vscode-django, startup: false, activationEvent: 'onLanguage:python'
2024-11-28 22:03:34.426 [info] ExtensionService#_doActivateExtension ms-python.python, startup: false, activationEvent: 'onLanguage:python', root cause: ms-python.debugpy
2024-11-28 22:03:35.420 [info] ExtensionService#_doActivateExtension ms-python.debugpy, startup: false, activationEvent: 'onLanguage:python'
2024-11-28 22:03:35.490 [info] ExtensionService#_doActivateExtension ms-python.vscode-pylance, startup: false, activationEvent: 'onLanguage:python'
2024-11-28 22:03:35.895 [info] ExtensionService#_doActivateExtension vscode.git-base, startup: true, activationEvent: '*', root cause: vscode.git
2024-11-28 22:03:35.903 [info] ExtensionService#_doActivateExtension mcright.auto-save, startup: true, activationEvent: '*'
2024-11-28 22:03:36.326 [info] ExtensionService#_doActivateExtension vscode.git, startup: true, activationEvent: '*'
2024-11-28 22:03:36.370 [info] ExtensionService#_doActivateExtension vscode.github, startup: true, activationEvent: '*'
2024-11-28 22:03:36.524 [info] Eager extensions activated
2024-11-28 22:03:36.620 [info] ExtensionService#_doActivateExtension vscode.debug-auto-launch, startup: false, activationEvent: 'onStartupFinished'
2024-11-28 22:03:36.625 [info] ExtensionService#_doActivateExtension vscode.merge-conflict, startup: false, activationEvent: 'onStartupFinished'
2024-11-28 22:03:36.646 [info] ExtensionService#_doActivateExtension bradlc.vscode-tailwindcss, startup: false, activationEvent: 'onStartupFinished'
2024-11-28 22:03:36.678 [info] ExtensionService#_doActivateExtension ritwickdey.LiveServer, startup: false, activationEvent: 'onStartupFinished'
2024-11-28 22:03:37.600 [error] Error: The language client requires VS Code version ^1.91.0 but received version 1.89.1
	at P.checkVersion (/home/maskura/.vscode/extensions/ms-python.python-2024.14.0-linux-x64/out/client/extension.js:2:2307252)
	at new P (/home/maskura/.vscode/extensions/ms-python.python-2024.14.0-linux-x64/out/client/extension.js:2:2306957)
	at Object.createClient (/home/maskura/.vscode/extensions/ms-python.python-2024.14.0-linux-x64/out/client/extension.js:2:52239)
	at _0x500d80 (/home/maskura/.vscode/extensions/ms-python.vscode-pylance-2024.8.2/dist/extension.bundle.js:1:214371)
	at async _0x5446db (/home/maskura/.vscode/extensions/ms-python.vscode-pylance-2024.8.2/dist/extension.bundle.js:1:218069)
	at async _0x1d21da._startClient (/home/maskura/.vscode/extensions/ms-python.vscode-pylance-2024.8.2/dist/extension.bundle.js:1:167360)
	at async _0x1d21da._createNewRequest (/home/maskura/.vscode/extensions/ms-python.vscode-pylance-2024.8.2/dist/extension.bundle.js:1:166885)
	at async _0x1d21da._enqueueRequestAndWaitForRun (/home/maskura/.vscode/extensions/ms-python.vscode-pylance-2024.8.2/dist/extension.bundle.js:1:166089)
	at async _0x1d21da.startClient (/home/maskura/.vscode/extensions/ms-python.vscode-pylance-2024.8.2/dist/extension.bundle.js:1:165605)
	at async h.start (/home/maskura/.vscode/extensions/ms-python.python-2024.14.0-linux-x64/out/client/extension.js:2:39659)
2024-11-28 22:03:38.197 [info] ExtensionService#_doActivateExtension vscode.github-authentication, startup: false, activationEvent: 'onAuthenticationRequest:github'
2024-11-28 22:05:57.253 [info] ExtensionService#_doActivateExtension vscode.npm, startup: false, activationEvent: 'onTerminalQuickFixRequest:ms-vscode.npm-command'
2024-11-29 20:17:11.027 [warning] [Decorations] CAPPING events from decorations provider vscode.git 251
2024-11-29 20:17:21.167 [warning] [Decorations] CAPPING events from decorations provider vscode.git 251
2024-11-29 20:17:26.238 [warning] [Decorations] CAPPING events from decorations provider vscode.git 251
2024-11-29 20:17:31.307 [warning] [Decorations] CAPPING events from decorations provider vscode.git 251
2024-11-29 20:17:36.374 [warning] [Decorations] CAPPING events from decorations provider vscode.git 251
2024-11-29 20:17:41.450 [warning] [Decorations] CAPPING events from decorations provider vscode.git 251
2024-11-29 20:17:46.520 [warning] [Decorations] CAPPING events from decorations provider vscode.git 251
2024-11-29 20:17:51.585 [warning] [Decorations] CAPPING events from decorations provider vscode.git 251
2024-11-29 20:17:56.647 [warning] [Decorations] CAPPING events from decorations provider vscode.git 251
2024-11-29 20:18:01.712 [warning] [Decorations] CAPPING events from decorations provider vscode.git 251
2024-11-29 20:18:06.777 [warning] [Decorations] CAPPING events from decorations provider vscode.git 251
2024-11-29 20:18:11.836 [warning] [Decorations] CAPPING events from decorations provider vscode.git 251
2024-11-29 20:18:16.903 [warning] [Decorations] CAPPING events from decorations provider vscode.git 251
2024-11-29 20:18:21.970 [warning] [Decorations] CAPPING events from decorations provider vscode.git 251
2024-11-29 20:18:27.038 [warning] [Decorations] CAPPING events from decorations provider vscode.git 251
2024-11-29 20:18:32.112 [warning] [Decorations] CAPPING events from decorations provider vscode.git 251
2024-11-29 20:18:37.173 [warning] [Decorations] CAPPING events from decorations provider vscode.git 252
2024-11-29 20:18:42.237 [warning] [Decorations] CAPPING events from decorations provider vscode.git 252
2024-11-29 20:18:47.307 [warning] [Decorations] CAPPING events from decorations provider vscode.git 251
2024-11-29 20:18:52.376 [warning] [Decorations] CAPPING events from decorations provider vscode.git 251
2024-11-29 20:18:57.477 [warning] [Decorations] CAPPING events from decorations provider vscode.git 251
2024-11-29 20:19:02.544 [warning] [Decorations] CAPPING events from decorations provider vscode.git 251
2024-11-29 20:19:23.033 [warning] [Decorations] CAPPING events from decorations provider vscode.git 253
2024-11-29 20:19:28.102 [warning] [Decorations] CAPPING events from decorations provider vscode.git 252
2024-11-29 20:19:33.168 [warning] [Decorations] CAPPING events from decorations provider vscode.git 252
2024-11-29 20:19:38.239 [warning] [Decorations] CAPPING events from decorations provider vscode.git 252
2024-11-29 20:19:43.310 [warning] [Decorations] CAPPING events from decorations provider vscode.git 252
2024-11-29 20:19:48.379 [warning] [Decorations] CAPPING events from decorations provider vscode.git 253
2024-11-29 20:19:53.443 [warning] [Decorations] CAPPING events from decorations provider vscode.git 252
2024-11-29 20:19:58.509 [warning] [Decorations] CAPPING events from decorations provider vscode.git 252
2024-11-29 20:20:03.583 [warning] [Decorations] CAPPING events from decorations provider vscode.git 252
2024-11-29 20:20:08.660 [warning] [Decorations] CAPPING events from decorations provider vscode.git 252
2024-11-29 20:20:13.730 [warning] [Decorations] CAPPING events from decorations provider vscode.git 254
2024-11-29 20:20:18.794 [warning] [Decorations] CAPPING events from decorations provider vscode.git 254
2024-11-29 20:20:23.863 [warning] [Decorations] CAPPING events from decorations provider vscode.git 254
2024-11-29 20:20:28.928 [warning] [Decorations] CAPPING events from decorations provider vscode.git 254
2024-11-29 20:20:33.992 [warning] [Decorations] CAPPING events from decorations provider vscode.git 254
2024-11-29 20:20:39.051 [warning] [Decorations] CAPPING events from decorations provider vscode.git 255
2024-11-29 20:20:44.114 [warning] [Decorations] CAPPING events from decorations provider vscode.git 255
2024-11-29 20:20:49.181 [warning] [Decorations] CAPPING events from decorations provider vscode.git 255
2024-11-29 20:20:54.275 [warning] [Decorations] CAPPING events from decorations provider vscode.git 256
2024-11-29 20:20:59.342 [warning] [Decorations] CAPPING events from decorations provider vscode.git 256
2024-11-29 20:21:04.409 [warning] [Decorations] CAPPING events from decorations provider vscode.git 256
2024-11-29 20:21:09.476 [warning] [Decorations] CAPPING events from decorations provider vscode.git 256
2024-11-29 20:21:14.548 [warning] [Decorations] CAPPING events from decorations provider vscode.git 256
2024-11-29 20:21:19.613 [warning] [Decorations] CAPPING events from decorations provider vscode.git 256
2024-11-29 20:21:24.683 [warning] [Decorations] CAPPING events from decorations provider vscode.git 256
2024-11-29 20:21:29.745 [warning] [Decorations] CAPPING events from decorations provider vscode.git 256
2024-11-29 20:21:34.814 [warning] [Decorations] CAPPING events from decorations provider vscode.git 256
2024-11-29 20:21:39.881 [warning] [Decorations] CAPPING events from decorations provider vscode.git 256
2024-11-29 20:21:44.943 [warning] [Decorations] CAPPING events from decorations provider vscode.git 256
2024-11-29 20:21:50.013 [warning] [Decorations] CAPPING events from decorations provider vscode.git 256
2024-11-29 20:21:55.088 [warning] [Decorations] CAPPING events from decorations provider vscode.git 256
2024-11-29 20:22:00.153 [warning] [Decorations] CAPPING events from decorations provider vscode.git 256
2024-11-29 20:22:05.225 [warning] [Decorations] CAPPING events from decorations provider vscode.git 256
2024-11-29 20:22:10.294 [warning] [Decorations] CAPPING events from decorations provider vscode.git 256
2024-11-29 20:22:25.168 [warning] [Decorations] CAPPING events from decorations provider vscode.git 257
2024-11-29 20:22:30.245 [warning] [Decorations] CAPPING events from decorations provider vscode.git 257
2024-11-29 20:22:35.315 [warning] [Decorations] CAPPING events from decorations provider vscode.git 257
2024-11-29 20:22:40.388 [warning] [Decorations] CAPPING events from decorations provider vscode.git 257
2024-11-29 20:22:45.454 [warning] [Decorations] CAPPING events from decorations provider vscode.git 257
2024-11-29 20:22:50.520 [warning] [Decorations] CAPPING events from decorations provider vscode.git 257
2024-11-29 20:22:55.587 [warning] [Decorations] CAPPING events from decorations provider vscode.git 257
2024-11-29 20:23:00.661 [warning] [Decorations] CAPPING events from decorations provider vscode.git 257
2024-11-29 20:23:05.721 [warning] [Decorations] CAPPING events from decorations provider vscode.git 258
2024-11-29 20:23:30.174 [warning] [Decorations] CAPPING events from decorations provider vscode.git 258
2024-11-29 20:23:35.246 [warning] [Decorations] CAPPING events from decorations provider vscode.git 257
2024-11-29 20:23:40.312 [warning] [Decorations] CAPPING events from decorations provider vscode.git 257
2024-11-29 20:23:45.389 [warning] [Decorations] CAPPING events from decorations provider vscode.git 257
2024-11-29 20:23:50.467 [warning] [Decorations] CAPPING events from decorations provider vscode.git 258
2024-11-29 20:23:55.536 [warning] [Decorations] CAPPING events from decorations provider vscode.git 258
2024-11-29 20:24:00.607 [warning] [Decorations] CAPPING events from decorations provider vscode.git 258
2024-11-29 20:24:05.672 [warning] [Decorations] CAPPING events from decorations provider vscode.git 259
2024-11-29 20:24:34.043 [warning] [Decorations] CAPPING events from decorations provider vscode.git 259
2024-11-29 20:24:45.186 [warning] [Decorations] CAPPING events from decorations provider vscode.git 260
2024-11-29 20:24:50.251 [warning] [Decorations] CAPPING events from decorations provider vscode.git 260
2024-11-29 20:24:55.315 [warning] [Decorations] CAPPING events from decorations provider vscode.git 260
2024-11-29 20:25:00.388 [warning] [Decorations] CAPPING events from decorations provider vscode.git 260
2024-11-29 20:25:21.708 [warning] [Decorations] CAPPING events from decorations provider vscode.git 261
2024-11-29 20:25:53.454 [warning] [Decorations] CAPPING events from decorations provider vscode.git 260
2024-11-29 20:25:58.528 [warning] [Decorations] CAPPING events from decorations provider vscode.git 260
2024-11-29 20:26:03.600 [warning] [Decorations] CAPPING events from decorations provider vscode.git 261
2024-11-29 20:26:08.671 [warning] [Decorations] CAPPING events from decorations provider vscode.git 262
2024-11-29 20:27:25.073 [warning] [Decorations] CAPPING events from decorations provider vscode.git 261
2024-11-29 20:27:30.136 [warning] [Decorations] CAPPING events from decorations provider vscode.git 261
2024-11-29 20:27:35.202 [warning] [Decorations] CAPPING events from decorations provider vscode.git 261
2024-11-29 20:28:05.016 [warning] [Decorations] CAPPING events from decorations provider vscode.git 261
2024-11-29 20:28:10.088 [warning] [Decorations] CAPPING events from decorations provider vscode.git 261
2024-11-29 20:28:15.156 [warning] [Decorations] CAPPING events from decorations provider vscode.git 261
2024-11-29 20:28:20.227 [warning] [Decorations] CAPPING events from decorations provider vscode.git 261
2024-11-29 20:28:25.288 [warning] [Decorations] CAPPING events from decorations provider vscode.git 261
2024-11-29 20:28:30.354 [warning] [Decorations] CAPPING events from decorations provider vscode.git 261
2024-11-29 20:28:55.515 [warning] [Decorations] CAPPING events from decorations provider vscode.git 261
2024-11-29 20:29:00.593 [warning] [Decorations] CAPPING events from decorations provider vscode.git 261
2024-11-29 20:29:05.661 [warning] [Decorations] CAPPING events from decorations provider vscode.git 261
2024-11-29 20:29:10.727 [warning] [Decorations] CAPPING events from decorations provider vscode.git 262
2024-11-29 20:29:35.850 [warning] [Decorations] CAPPING events from decorations provider vscode.git 263
2024-11-29 20:29:40.923 [warning] [Decorations] CAPPING events from decorations provider vscode.git 262
2024-11-29 20:29:45.995 [warning] [Decorations] CAPPING events from decorations provider vscode.git 262
2024-11-29 20:29:51.055 [warning] [Decorations] CAPPING events from decorations provider vscode.git 262
2024-11-29 20:29:56.117 [warning] [Decorations] CAPPING events from decorations provider vscode.git 262
2024-11-29 20:30:18.677 [warning] [Decorations] CAPPING events from decorations provider vscode.git 263
2024-11-29 20:30:23.756 [warning] [Decorations] CAPPING events from decorations provider vscode.git 264
2024-11-29 20:30:28.813 [warning] [Decorations] CAPPING events from decorations provider vscode.git 263
2024-11-29 20:30:55.787 [warning] [Decorations] CAPPING events from decorations provider vscode.git 264
2024-11-29 20:31:00.860 [warning] [Decorations] CAPPING events from decorations provider vscode.git 263
2024-11-29 20:31:05.932 [warning] [Decorations] CAPPING events from decorations provider vscode.git 263
2024-11-29 20:31:11.003 [warning] [Decorations] CAPPING events from decorations provider vscode.git 264
2024-11-29 20:31:16.072 [warning] [Decorations] CAPPING events from decorations provider vscode.git 264
2024-11-29 20:31:21.145 [warning] [Decorations] CAPPING events from decorations provider vscode.git 264
2024-11-29 20:31:26.219 [warning] [Decorations] CAPPING events from decorations provider vscode.git 264
2024-11-29 20:31:31.289 [warning] [Decorations] CAPPING events from decorations provider vscode.git 264
2024-11-29 20:31:36.357 [warning] [Decorations] CAPPING events from decorations provider vscode.git 264
2024-11-29 20:31:41.464 [warning] [Decorations] CAPPING events from decorations provider vscode.git 265
2024-11-29 20:31:52.697 [warning] [Decorations] CAPPING events from decorations provider vscode.git 264
2024-11-29 20:31:57.766 [warning] [Decorations] CAPPING events from decorations provider vscode.git 264
2024-11-29 20:32:02.846 [warning] [Decorations] CAPPING events from decorations provider vscode.git 265
2024-11-29 20:32:07.916 [warning] [Decorations] CAPPING events from decorations provider vscode.git 265
2024-11-29 20:32:12.980 [warning] [Decorations] CAPPING events from decorations provider vscode.git 265
2024-11-29 20:32:18.049 [warning] [Decorations] CAPPING events from decorations provider vscode.git 265
2024-11-29 20:32:23.119 [warning] [Decorations] CAPPING events from decorations provider vscode.git 265
2024-11-29 20:32:42.934 [warning] [Decorations] CAPPING events from decorations provider vscode.git 266
2024-11-29 20:32:47.999 [warning] [Decorations] CAPPING events from decorations provider vscode.git 265
2024-11-29 20:32:53.115 [warning] [Decorations] CAPPING events from decorations provider vscode.git 266
2024-11-29 20:32:58.181 [warning] [Decorations] CAPPING events from decorations provider vscode.git 266
2024-11-29 20:33:03.257 [warning] [Decorations] CAPPING events from decorations provider vscode.git 266
2024-11-29 20:33:50.552 [warning] [Decorations] CAPPING events from decorations provider vscode.git 267
2024-11-29 20:33:55.615 [warning] [Decorations] CAPPING events from decorations provider vscode.git 266
2024-11-29 20:34:00.683 [warning] [Decorations] CAPPING events from decorations provider vscode.git 266
2024-11-29 20:34:05.775 [warning] [Decorations] CAPPING events from decorations provider vscode.git 266
2024-11-29 20:35:05.261 [warning] [Decorations] CAPPING events from decorations provider vscode.git 266
2024-11-29 20:35:10.324 [warning] [Decorations] CAPPING events from decorations provider vscode.git 266
2024-11-29 20:35:33.137 [warning] [Decorations] CAPPING events from decorations provider vscode.git 267
2024-11-29 20:35:38.214 [warning] [Decorations] CAPPING events from decorations provider vscode.git 267
2024-11-29 20:35:43.274 [warning] [Decorations] CAPPING events from decorations provider vscode.git 267
2024-11-29 20:35:48.350 [warning] [Decorations] CAPPING events from decorations provider vscode.git 268
2024-11-29 20:35:53.424 [warning] [Decorations] CAPPING events from decorations provider vscode.git 268
2024-11-29 20:35:58.508 [warning] [Decorations] CAPPING events from decorations provider vscode.git 268
2024-11-29 20:36:03.585 [warning] [Decorations] CAPPING events from decorations provider vscode.git 268
2024-11-29 20:36:08.658 [warning] [Decorations] CAPPING events from decorations provider vscode.git 268
2024-11-29 20:36:13.726 [warning] [Decorations] CAPPING events from decorations provider vscode.git 268
2024-11-29 20:36:18.800 [warning] [Decorations] CAPPING events from decorations provider vscode.git 268
2024-11-29 20:36:23.870 [warning] [Decorations] CAPPING events from decorations provider vscode.git 268
2024-11-29 20:38:24.114 [warning] [Decorations] CAPPING events from decorations provider vscode.git 270
2024-11-29 20:38:29.185 [warning] [Decorations] CAPPING events from decorations provider vscode.git 269
2024-11-29 20:38:34.257 [warning] [Decorations] CAPPING events from decorations provider vscode.git 269
2024-11-29 20:38:39.329 [warning] [Decorations] CAPPING events from decorations provider vscode.git 269
2024-11-29 20:38:44.400 [warning] [Decorations] CAPPING events from decorations provider vscode.git 269
2024-11-29 20:38:49.471 [warning] [Decorations] CAPPING events from decorations provider vscode.git 269
2024-11-29 20:38:54.537 [warning] [Decorations] CAPPING events from decorations provider vscode.git 270
2024-11-29 20:39:43.800 [warning] [Decorations] CAPPING events from decorations provider vscode.git 271
2024-11-29 20:39:48.875 [warning] [Decorations] CAPPING events from decorations provider vscode.git 272
2024-11-29 20:39:53.946 [warning] [Decorations] CAPPING events from decorations provider vscode.git 271
2024-11-29 20:39:59.016 [warning] [Decorations] CAPPING events from decorations provider vscode.git 271
2024-11-29 20:40:10.067 [warning] [Decorations] CAPPING events from decorations provider vscode.git 272
2024-11-29 20:40:15.136 [warning] [Decorations] CAPPING events from decorations provider vscode.git 271
2024-11-29 20:40:20.200 [warning] [Decorations] CAPPING events from decorations provider vscode.git 271
2024-11-29 20:40:25.267 [warning] [Decorations] CAPPING events from decorations provider vscode.git 272
2024-11-29 20:40:30.340 [warning] [Decorations] CAPPING events from decorations provider vscode.git 272
2024-11-29 20:40:35.418 [warning] [Decorations] CAPPING events from decorations provider vscode.git 272
2024-11-29 20:40:40.507 [warning] [Decorations] CAPPING events from decorations provider vscode.git 273
2024-11-29 20:40:45.574 [warning] [Decorations] CAPPING events from decorations provider vscode.git 273
2024-11-29 20:40:50.640 [warning] [Decorations] CAPPING events from decorations provider vscode.git 273
2024-11-29 20:40:55.710 [warning] [Decorations] CAPPING events from decorations provider vscode.git 272
2024-11-29 20:41:00.783 [warning] [Decorations] CAPPING events from decorations provider vscode.git 273
2024-11-29 20:41:05.876 [warning] [Decorations] CAPPING events from decorations provider vscode.git 274
2024-11-29 20:41:33.780 [warning] [Decorations] CAPPING events from decorations provider vscode.git 273
2024-11-29 20:41:38.858 [warning] [Decorations] CAPPING events from decorations provider vscode.git 273
2024-11-29 20:41:43.932 [warning] [Decorations] CAPPING events from decorations provider vscode.git 273
2024-11-29 20:41:52.823 [warning] [Decorations] CAPPING events from decorations provider vscode.git 273
2024-11-29 20:41:57.901 [warning] [Decorations] CAPPING events from decorations provider vscode.git 273
2024-11-29 20:42:02.975 [warning] [Decorations] CAPPING events from decorations provider vscode.git 273
2024-11-29 20:42:23.926 [warning] [Decorations] CAPPING events from decorations provider vscode.git 274
2024-11-29 20:42:28.983 [warning] [Decorations] CAPPING events from decorations provider vscode.git 274
2024-11-29 20:42:34.054 [warning] [Decorations] CAPPING events from decorations provider vscode.git 274
2024-11-29 20:42:39.111 [warning] [Decorations] CAPPING events from decorations provider vscode.git 274
2024-11-29 20:42:44.180 [warning] [Decorations] CAPPING events from decorations provider vscode.git 274
2024-11-29 20:42:49.238 [warning] [Decorations] CAPPING events from decorations provider vscode.git 274
2024-11-29 20:42:54.296 [warning] [Decorations] CAPPING events from decorations provider vscode.git 274
2024-11-29 20:43:02.558 [warning] [Decorations] CAPPING events from decorations provider vscode.git 276
2024-11-29 20:43:07.624 [warning] [Decorations] CAPPING events from decorations provider vscode.git 275
2024-11-29 20:43:12.699 [warning] [Decorations] CAPPING events from decorations provider vscode.git 275
2024-11-29 20:43:17.771 [warning] [Decorations] CAPPING events from decorations provider vscode.git 275
2024-11-29 20:43:22.842 [warning] [Decorations] CAPPING events from decorations provider vscode.git 276
2024-11-29 20:43:33.078 [warning] [Decorations] CAPPING events from decorations provider vscode.git 275
2024-11-29 20:43:38.140 [warning] [Decorations] CAPPING events from decorations provider vscode.git 275
2024-11-29 20:44:07.628 [warning] [Decorations] CAPPING events from decorations provider vscode.git 276
2024-11-29 20:44:12.707 [warning] [Decorations] CAPPING events from decorations provider vscode.git 276
2024-11-29 20:44:18.993 [warning] [Decorations] CAPPING events from decorations provider vscode.git 276
2024-11-29 20:44:24.052 [warning] [Decorations] CAPPING events from decorations provider vscode.git 276
2024-11-29 20:44:29.118 [warning] [Decorations] CAPPING events from decorations provider vscode.git 276
2024-11-29 20:44:34.192 [warning] [Decorations] CAPPING events from decorations provider vscode.git 276
2024-11-29 20:44:39.257 [warning] [Decorations] CAPPING events from decorations provider vscode.git 276
2024-11-29 20:44:44.326 [warning] [Decorations] CAPPING events from decorations provider vscode.git 276
2024-11-29 20:44:49.394 [warning] [Decorations] CAPPING events from decorations provider vscode.git 276
2024-11-29 20:44:54.543 [warning] [Decorations] CAPPING events from decorations provider vscode.git 277
2024-11-29 20:44:59.616 [warning] [Decorations] CAPPING events from decorations provider vscode.git 276
2024-11-29 20:45:04.687 [warning] [Decorations] CAPPING events from decorations provider vscode.git 276
2024-11-29 20:45:09.758 [warning] [Decorations] CAPPING events from decorations provider vscode.git 276
2024-11-29 20:45:14.827 [warning] [Decorations] CAPPING events from decorations provider vscode.git 277
2024-11-29 20:45:19.892 [warning] [Decorations] CAPPING events from decorations provider vscode.git 277
2024-11-29 20:45:24.955 [warning] [Decorations] CAPPING events from decorations provider vscode.git 277
2024-11-29 20:45:30.032 [warning] [Decorations] CAPPING events from decorations provider vscode.git 278
2024-11-29 20:45:35.107 [warning] [Decorations] CAPPING events from decorations provider vscode.git 279
2024-11-29 20:45:40.178 [warning] [Decorations] CAPPING events from decorations provider vscode.git 278
2024-11-29 20:45:45.250 [warning] [Decorations] CAPPING events from decorations provider vscode.git 278
2024-11-29 20:45:50.315 [warning] [Decorations] CAPPING events from decorations provider vscode.git 278
2024-11-29 20:45:55.379 [warning] [Decorations] CAPPING events from decorations provider vscode.git 278
2024-11-29 20:46:00.454 [warning] [Decorations] CAPPING events from decorations provider vscode.git 279
2024-11-29 20:46:05.529 [warning] [Decorations] CAPPING events from decorations provider vscode.git 278
2024-11-29 20:46:10.596 [warning] [Decorations] CAPPING events from decorations provider vscode.git 278
2024-11-29 20:46:15.665 [warning] [Decorations] CAPPING events from decorations provider vscode.git 278
2024-11-29 20:46:20.732 [warning] [Decorations] CAPPING events from decorations provider vscode.git 278
2024-11-29 20:46:25.795 [warning] [Decorations] CAPPING events from decorations provider vscode.git 278
2024-11-29 20:46:30.934 [warning] [Decorations] CAPPING events from decorations provider vscode.git 279
2024-11-29 20:46:46.789 [warning] [Decorations] CAPPING events from decorations provider vscode.git 279
2024-11-29 20:46:51.856 [warning] [Decorations] CAPPING events from decorations provider vscode.git 279
2024-11-29 20:47:12.028 [warning] [Decorations] CAPPING events from decorations provider vscode.git 280
2024-11-29 20:47:17.099 [warning] [Decorations] CAPPING events from decorations provider vscode.git 280
2024-11-29 20:47:22.172 [warning] [Decorations] CAPPING events from decorations provider vscode.git 279
2024-11-29 20:47:27.246 [warning] [Decorations] CAPPING events from decorations provider vscode.git 279
2024-11-29 20:47:32.315 [warning] [Decorations] CAPPING events from decorations provider vscode.git 280
2024-11-29 20:47:37.380 [warning] [Decorations] CAPPING events from decorations provider vscode.git 281
2024-11-29 20:47:42.454 [warning] [Decorations] CAPPING events from decorations provider vscode.git 281
2024-11-29 20:47:47.523 [warning] [Decorations] CAPPING events from decorations provider vscode.git 280
2024-11-29 20:47:52.591 [warning] [Decorations] CAPPING events from decorations provider vscode.git 280
2024-11-29 20:47:57.661 [warning] [Decorations] CAPPING events from decorations provider vscode.git 280
2024-11-29 20:48:02.734 [warning] [Decorations] CAPPING events from decorations provider vscode.git 280
2024-11-29 20:48:07.807 [warning] [Decorations] CAPPING events from decorations provider vscode.git 280
2024-11-29 20:48:12.882 [warning] [Decorations] CAPPING events from decorations provider vscode.git 280
2024-11-29 20:48:17.956 [warning] [Decorations] CAPPING events from decorations provider vscode.git 280
2024-11-29 20:48:23.033 [warning] [Decorations] CAPPING events from decorations provider vscode.git 280
2024-11-29 20:48:28.107 [warning] [Decorations] CAPPING events from decorations provider vscode.git 280
2024-11-29 20:48:33.180 [warning] [Decorations] CAPPING events from decorations provider vscode.git 280
2024-11-29 20:48:38.248 [warning] [Decorations] CAPPING events from decorations provider vscode.git 280
2024-11-29 20:48:43.320 [warning] [Decorations] CAPPING events from decorations provider vscode.git 280
2024-11-29 20:48:48.389 [warning] [Decorations] CAPPING events from decorations provider vscode.git 280
2024-11-29 20:48:53.455 [warning] [Decorations] CAPPING events from decorations provider vscode.git 280
2024-11-29 20:48:58.524 [warning] [Decorations] CAPPING events from decorations provider vscode.git 280
2024-11-29 20:49:03.597 [warning] [Decorations] CAPPING events from decorations provider vscode.git 280
2024-11-29 20:49:08.654 [warning] [Decorations] CAPPING events from decorations provider vscode.git 280
2024-11-29 20:49:13.726 [warning] [Decorations] CAPPING events from decorations provider vscode.git 280
2024-11-29 20:49:18.786 [warning] [Decorations] CAPPING events from decorations provider vscode.git 280
2024-11-29 20:49:23.857 [warning] [Decorations] CAPPING events from decorations provider vscode.git 280
2024-11-29 20:49:28.925 [warning] [Decorations] CAPPING events from decorations provider vscode.git 280
2024-11-29 20:49:34.001 [warning] [Decorations] CAPPING events from decorations provider vscode.git 280
2024-11-29 20:49:39.073 [warning] [Decorations] CAPPING events from decorations provider vscode.git 280
2024-11-29 20:49:44.148 [warning] [Decorations] CAPPING events from decorations provider vscode.git 280
2024-11-29 20:49:49.218 [warning] [Decorations] CAPPING events from decorations provider vscode.git 280
2024-11-29 20:49:54.288 [warning] [Decorations] CAPPING events from decorations provider vscode.git 280
2024-11-29 20:49:59.361 [warning] [Decorations] CAPPING events from decorations provider vscode.git 280
2024-11-29 20:50:04.435 [warning] [Decorations] CAPPING events from decorations provider vscode.git 280
2024-11-29 20:50:09.502 [warning] [Decorations] CAPPING events from decorations provider vscode.git 280
2024-11-29 20:50:14.577 [warning] [Decorations] CAPPING events from decorations provider vscode.git 280
2024-11-29 20:50:19.648 [warning] [Decorations] CAPPING events from decorations provider vscode.git 280
2024-11-29 20:50:24.719 [warning] [Decorations] CAPPING events from decorations provider vscode.git 280
2024-11-29 20:50:29.789 [warning] [Decorations] CAPPING events from decorations provider vscode.git 280
2024-11-29 20:50:34.861 [warning] [Decorations] CAPPING events from decorations provider vscode.git 280
2024-11-29 20:50:39.926 [warning] [Decorations] CAPPING events from decorations provider vscode.git 280
2024-11-29 20:50:45.001 [warning] [Decorations] CAPPING events from decorations provider vscode.git 280
2024-11-29 20:50:50.075 [warning] [Decorations] CAPPING events from decorations provider vscode.git 280
2024-11-29 20:50:55.141 [warning] [Decorations] CAPPING events from decorations provider vscode.git 280
2024-11-29 20:51:00.213 [warning] [Decorations] CAPPING events from decorations provider vscode.git 280
2024-11-29 20:51:05.289 [warning] [Decorations] CAPPING events from decorations provider vscode.git 280
2024-11-29 20:51:10.360 [warning] [Decorations] CAPPING events from decorations provider vscode.git 280
2024-11-29 20:51:15.421 [warning] [Decorations] CAPPING events from decorations provider vscode.git 280
2024-11-29 20:51:20.491 [warning] [Decorations] CAPPING events from decorations provider vscode.git 280
2024-11-29 20:51:25.564 [warning] [Decorations] CAPPING events from decorations provider vscode.git 280
2024-11-29 20:51:30.633 [warning] [Decorations] CAPPING events from decorations provider vscode.git 280
2024-11-29 20:51:35.697 [warning] [Decorations] CAPPING events from decorations provider vscode.git 280
2024-11-29 20:51:40.770 [warning] [Decorations] CAPPING events from decorations provider vscode.git 280
2024-11-29 20:51:45.840 [warning] [Decorations] CAPPING events from decorations provider vscode.git 280
2024-11-29 20:51:50.910 [warning] [Decorations] CAPPING events from decorations provider vscode.git 280
2024-11-29 20:51:55.981 [warning] [Decorations] CAPPING events from decorations provider vscode.git 280
2024-11-29 20:52:01.055 [warning] [Decorations] CAPPING events from decorations provider vscode.git 280
2024-11-29 20:52:06.127 [warning] [Decorations] CAPPING events from decorations provider vscode.git 280
2024-11-29 20:52:11.197 [warning] [Decorations] CAPPING events from decorations provider vscode.git 280
2024-11-29 20:52:16.269 [warning] [Decorations] CAPPING events from decorations provider vscode.git 280
2024-11-29 20:52:21.335 [warning] [Decorations] CAPPING events from decorations provider vscode.git 280
2024-11-29 20:52:26.402 [warning] [Decorations] CAPPING events from decorations provider vscode.git 280
2024-11-29 20:52:31.466 [warning] [Decorations] CAPPING events from decorations provider vscode.git 280
2024-11-29 20:52:36.531 [warning] [Decorations] CAPPING events from decorations provider vscode.git 280
2024-11-29 20:52:41.601 [warning] [Decorations] CAPPING events from decorations provider vscode.git 280
2024-11-29 20:52:46.674 [warning] [Decorations] CAPPING events from decorations provider vscode.git 280
2024-11-29 20:52:51.740 [warning] [Decorations] CAPPING events from decorations provider vscode.git 280
2024-11-29 20:52:56.801 [warning] [Decorations] CAPPING events from decorations provider vscode.git 280
2024-11-29 20:53:01.868 [warning] [Decorations] CAPPING events from decorations provider vscode.git 280
2024-11-29 20:53:06.932 [warning] [Decorations] CAPPING events from decorations provider vscode.git 280
2024-11-29 20:53:12.001 [warning] [Decorations] CAPPING events from decorations provider vscode.git 280
2024-11-29 20:53:17.071 [warning] [Decorations] CAPPING events from decorations provider vscode.git 280
2024-11-29 20:53:22.142 [warning] [Decorations] CAPPING events from decorations provider vscode.git 280
2024-11-29 20:53:27.203 [warning] [Decorations] CAPPING events from decorations provider vscode.git 280
2024-11-29 20:53:32.268 [warning] [Decorations] CAPPING events from decorations provider vscode.git 280
2024-11-29 20:53:37.333 [warning] [Decorations] CAPPING events from decorations provider vscode.git 281
2024-11-29 20:53:48.823 [warning] [Decorations] CAPPING events from decorations provider vscode.git 283
2024-11-29 20:53:53.885 [warning] [Decorations] CAPPING events from decorations provider vscode.git 281
2024-11-29 20:53:58.951 [warning] [Decorations] CAPPING events from decorations provider vscode.git 281
2024-11-29 20:54:04.025 [warning] [Decorations] CAPPING events from decorations provider vscode.git 281
2024-11-29 20:54:09.090 [warning] [Decorations] CAPPING events from decorations provider vscode.git 281
2024-11-29 20:54:14.169 [warning] [Decorations] CAPPING events from decorations provider vscode.git 281
2024-11-29 20:54:19.241 [warning] [Decorations] CAPPING events from decorations provider vscode.git 281
2024-11-29 20:54:24.317 [warning] [Decorations] CAPPING events from decorations provider vscode.git 281
2024-11-29 20:54:29.376 [warning] [Decorations] CAPPING events from decorations provider vscode.git 281
2024-11-29 20:54:34.446 [warning] [Decorations] CAPPING events from decorations provider vscode.git 281
2024-11-29 20:54:39.517 [warning] [Decorations] CAPPING events from decorations provider vscode.git 281
2024-11-29 20:54:44.586 [warning] [Decorations] CAPPING events from decorations provider vscode.git 281
2024-11-29 20:54:49.658 [warning] [Decorations] CAPPING events from decorations provider vscode.git 281
2024-11-29 20:54:54.720 [warning] [Decorations] CAPPING events from decorations provider vscode.git 282
2024-11-29 20:54:59.793 [warning] [Decorations] CAPPING events from decorations provider vscode.git 282
2024-11-29 20:55:09.118 [warning] [Decorations] CAPPING events from decorations provider vscode.git 283
2024-11-29 20:55:14.189 [warning] [Decorations] CAPPING events from decorations provider vscode.git 282
2024-11-29 20:55:19.267 [warning] [Decorations] CAPPING events from decorations provider vscode.git 282
2024-11-29 20:55:24.343 [warning] [Decorations] CAPPING events from decorations provider vscode.git 282
2024-11-29 20:55:29.415 [warning] [Decorations] CAPPING events from decorations provider vscode.git 282
2024-11-29 20:55:34.485 [warning] [Decorations] CAPPING events from decorations provider vscode.git 282
2024-11-29 20:55:39.556 [warning] [Decorations] CAPPING events from decorations provider vscode.git 282
2024-11-29 20:55:44.614 [warning] [Decorations] CAPPING events from decorations provider vscode.git 282
2024-11-29 20:55:49.685 [warning] [Decorations] CAPPING events from decorations provider vscode.git 282
2024-11-29 20:55:54.751 [warning] [Decorations] CAPPING events from decorations provider vscode.git 282
2024-11-29 20:55:59.819 [warning] [Decorations] CAPPING events from decorations provider vscode.git 282
2024-11-29 20:56:04.888 [warning] [Decorations] CAPPING events from decorations provider vscode.git 282
2024-11-29 20:56:09.944 [warning] [Decorations] CAPPING events from decorations provider vscode.git 282
2024-11-29 20:56:15.021 [warning] [Decorations] CAPPING events from decorations provider vscode.git 283
2024-11-29 20:56:20.091 [warning] [Decorations] CAPPING events from decorations provider vscode.git 283
2024-11-29 20:56:25.164 [warning] [Decorations] CAPPING events from decorations provider vscode.git 282
2024-11-29 20:56:30.241 [warning] [Decorations] CAPPING events from decorations provider vscode.git 283
2024-11-29 20:56:35.312 [warning] [Decorations] CAPPING events from decorations provider vscode.git 283
2024-11-29 20:56:40.388 [warning] [Decorations] CAPPING events from decorations provider vscode.git 283
2024-11-29 20:56:45.455 [warning] [Decorations] CAPPING events from decorations provider vscode.git 283
2024-11-29 20:56:50.527 [warning] [Decorations] CAPPING events from decorations provider vscode.git 283
2024-11-29 20:56:55.602 [warning] [Decorations] CAPPING events from decorations provider vscode.git 283
2024-11-29 20:57:00.673 [warning] [Decorations] CAPPING events from decorations provider vscode.git 283
2024-11-29 20:57:05.744 [warning] [Decorations] CAPPING events from decorations provider vscode.git 283
2024-11-29 20:57:10.811 [warning] [Decorations] CAPPING events from decorations provider vscode.git 283
2024-11-29 20:57:15.881 [warning] [Decorations] CAPPING events from decorations provider vscode.git 283
2024-11-29 20:57:58.078 [warning] [Decorations] CAPPING events from decorations provider vscode.git 284
2024-11-29 20:58:03.153 [warning] [Decorations] CAPPING events from decorations provider vscode.git 283
2024-11-29 20:59:26.898 [warning] [Decorations] CAPPING events from decorations provider vscode.git 287
2024-11-29 20:59:31.965 [warning] [Decorations] CAPPING events from decorations provider vscode.git 287
2024-11-29 20:59:37.037 [warning] [Decorations] CAPPING events from decorations provider vscode.git 288
2024-11-29 20:59:42.103 [warning] [Decorations] CAPPING events from decorations provider vscode.git 288
2024-11-29 20:59:47.187 [warning] [Decorations] CAPPING events from decorations provider vscode.git 288
2024-11-29 21:00:06.764 [warning] [Decorations] CAPPING events from decorations provider vscode.git 289
2024-11-29 21:00:11.839 [warning] [Decorations] CAPPING events from decorations provider vscode.git 288
2024-11-29 21:00:16.903 [warning] [Decorations] CAPPING events from decorations provider vscode.git 288
2024-11-29 21:00:21.979 [warning] [Decorations] CAPPING events from decorations provider vscode.git 288
2024-11-29 21:00:27.041 [warning] [Decorations] CAPPING events from decorations provider vscode.git 288
2024-11-29 21:00:52.712 [warning] [Decorations] CAPPING events from decorations provider vscode.git 288
2024-11-29 21:00:57.779 [warning] [Decorations] CAPPING events from decorations provider vscode.git 288
2024-11-29 21:01:02.844 [warning] [Decorations] CAPPING events from decorations provider vscode.git 288
2024-11-29 21:01:07.916 [warning] [Decorations] CAPPING events from decorations provider vscode.git 288
2024-11-29 21:01:12.992 [warning] [Decorations] CAPPING events from decorations provider vscode.git 289
2024-11-29 21:01:26.299 [warning] [Decorations] CAPPING events from decorations provider vscode.git 290
2024-11-29 21:01:31.370 [warning] [Decorations] CAPPING events from decorations provider vscode.git 289
2024-11-29 21:01:36.473 [warning] [Decorations] CAPPING events from decorations provider vscode.git 289
2024-11-29 21:01:41.545 [warning] [Decorations] CAPPING events from decorations provider vscode.git 289
2024-11-29 21:01:46.614 [warning] [Decorations] CAPPING events from decorations provider vscode.git 289
2024-11-29 21:01:51.686 [warning] [Decorations] CAPPING events from decorations provider vscode.git 289
2024-11-29 21:01:56.744 [warning] [Decorations] CAPPING events from decorations provider vscode.git 289
2024-11-29 21:02:01.811 [warning] [Decorations] CAPPING events from decorations provider vscode.git 290
2024-11-29 21:02:06.884 [warning] [Decorations] CAPPING events from decorations provider vscode.git 290
2024-11-29 21:02:11.939 [warning] [Decorations] CAPPING events from decorations provider vscode.git 290
2024-11-29 21:02:17.008 [warning] [Decorations] CAPPING events from decorations provider vscode.git 290
2024-11-29 21:02:22.086 [warning] [Decorations] CAPPING events from decorations provider vscode.git 290
2024-11-29 21:02:27.155 [warning] [Decorations] CAPPING events from decorations provider vscode.git 290
2024-11-29 21:02:32.225 [warning] [Decorations] CAPPING events from decorations provider vscode.git 291
2024-11-29 21:02:37.301 [warning] [Decorations] CAPPING events from decorations provider vscode.git 291
2024-11-29 21:02:42.370 [warning] [Decorations] CAPPING events from decorations provider vscode.git 291
2024-11-29 21:02:47.438 [warning] [Decorations] CAPPING events from decorations provider vscode.git 291
2024-11-29 21:02:54.487 [warning] [Decorations] CAPPING events from decorations provider vscode.git 292
2024-11-29 21:02:59.552 [warning] [Decorations] CAPPING events from decorations provider vscode.git 291
2024-11-29 21:03:42.557 [warning] [Decorations] CAPPING events from decorations provider vscode.git 293
2024-11-29 21:03:47.614 [warning] [Decorations] CAPPING events from decorations provider vscode.git 293
2024-11-29 21:03:52.685 [warning] [Decorations] CAPPING events from decorations provider vscode.git 293
2024-11-29 21:03:57.755 [warning] [Decorations] CAPPING events from decorations provider vscode.git 293
2024-11-29 21:04:02.822 [warning] [Decorations] CAPPING events from decorations provider vscode.git 293
2024-11-29 21:04:07.889 [warning] [Decorations] CAPPING events from decorations provider vscode.git 293
2024-11-29 21:04:12.955 [warning] [Decorations] CAPPING events from decorations provider vscode.git 293
2024-11-29 21:04:18.028 [warning] [Decorations] CAPPING events from decorations provider vscode.git 293
2024-11-29 21:04:23.096 [warning] [Decorations] CAPPING events from decorations provider vscode.git 293
2024-11-29 21:04:28.172 [warning] [Decorations] CAPPING events from decorations provider vscode.git 293
2024-11-29 21:05:01.706 [warning] [Decorations] CAPPING events from decorations provider vscode.git 293
2024-11-29 21:05:06.779 [warning] [Decorations] CAPPING events from decorations provider vscode.git 293
2024-11-29 21:05:11.842 [warning] [Decorations] CAPPING events from decorations provider vscode.git 293
2024-11-29 21:05:16.908 [warning] [Decorations] CAPPING events from decorations provider vscode.git 293
2024-11-29 21:05:21.973 [warning] [Decorations] CAPPING events from decorations provider vscode.git 294
2024-11-29 21:05:27.040 [warning] [Decorations] CAPPING events from decorations provider vscode.git 294
2024-11-29 21:05:32.111 [warning] [Decorations] CAPPING events from decorations provider vscode.git 294
2024-11-29 21:05:37.181 [warning] [Decorations] CAPPING events from decorations provider vscode.git 295
2024-11-29 21:05:42.288 [warning] [Decorations] CAPPING events from decorations provider vscode.git 294
2024-11-29 21:05:51.924 [warning] [Decorations] CAPPING events from decorations provider vscode.git 294
2024-11-29 21:05:56.989 [warning] [Decorations] CAPPING events from decorations provider vscode.git 294
2024-11-29 21:06:02.057 [warning] [Decorations] CAPPING events from decorations provider vscode.git 294
2024-11-29 21:06:07.122 [warning] [Decorations] CAPPING events from decorations provider vscode.git 294
2024-11-29 21:06:12.197 [warning] [Decorations] CAPPING events from decorations provider vscode.git 294
2024-11-29 21:06:17.267 [warning] [Decorations] CAPPING events from decorations provider vscode.git 294
2024-11-29 21:06:22.339 [warning] [Decorations] CAPPING events from decorations provider vscode.git 294
2024-11-29 21:06:27.407 [warning] [Decorations] CAPPING events from decorations provider vscode.git 294
2024-11-29 21:06:32.472 [warning] [Decorations] CAPPING events from decorations provider vscode.git 294
