2024-11-23 10:54:10.979 [info] Log level: Info
2024-11-23 10:54:10.979 [info] Validating found git in: "git"
2024-11-23 10:54:11.274 [info] Using git "2.43.0" from "git"
2024-11-23 10:54:11.437 [info] > git rev-parse --show-toplevel [139ms]
2024-11-23 10:54:11.456 [info] > git rev-parse --git-dir --git-common-dir [7ms]
2024-11-23 10:54:11.491 [info] Open repository: /mnt/hdd/HDD(lost+found)/maskura/project/Edge_project/baiust
2024-11-23 10:54:11.525 [info] > git rev-parse --show-toplevel [4ms]
2024-11-23 10:54:11.527 [info] > git config --get commit.template [18ms]
2024-11-23 10:54:11.557 [info] > git rev-parse --show-toplevel [14ms]
2024-11-23 10:54:11.608 [info] > git rev-parse --show-toplevel [39ms]
2024-11-23 10:54:11.683 [info] > git for-each-ref --format=%(refname)%00%(upstream:short)%00%(objectname)%00%(upstream:track)%00%(upstream:remotename)%00%(upstream:remoteref) refs/heads/main refs/remotes/main [129ms]
2024-11-23 10:54:11.710 [info] > git rev-parse --show-toplevel [30ms]
2024-11-23 10:54:11.750 [info] > git rev-parse --show-toplevel [28ms]
2024-11-23 10:54:12.152 [info] > git status -z -uall [416ms]
2024-11-23 10:54:12.203 [info] > git merge-base refs/heads/main refs/remotes/origin/main [33ms]
2024-11-23 10:54:12.258 [info] > git check-ignore -v -z --stdin [8ms]
2024-11-23 10:54:12.260 [info] > git rev-list --count --left-right refs/heads/main...refs/remotes/origin/main [33ms]
2024-11-23 10:54:12.286 [info] > git config --get commit.template [83ms]
2024-11-23 10:54:12.351 [info] > git diff --name-status -z --diff-filter=ADMR 54af85143dc155976b56b6bd70766770499bfe56...refs/remotes/origin/main [66ms]
2024-11-23 10:54:12.364 [info] > git for-each-ref --format=%(refname)%00%(upstream:short)%00%(objectname)%00%(upstream:track)%00%(upstream:remotename)%00%(upstream:remoteref) refs/heads/main refs/remotes/main [4ms]
2024-11-23 10:54:12.409 [info] > git status -z -uall [21ms]
2024-11-23 10:54:13.208 [info] > git ls-files --stage -- /mnt/hdd/HDD(lost+found)/maskura/project/Edge_project/baiust/baiust/urls.py [9ms]
2024-11-23 10:54:13.222 [info] > git cat-file -s 3b599b1bdc754fa102a89fca3f6ef02c8048be0c [4ms]
2024-11-23 10:54:13.226 [info] > git show --textconv :baiust/urls.py [35ms]
2024-11-23 10:54:15.928 [info] > git config --get commit.template [7ms]
2024-11-23 10:54:15.930 [info] > git for-each-ref --format=%(refname)%00%(upstream:short)%00%(objectname)%00%(upstream:track)%00%(upstream:remotename)%00%(upstream:remoteref) refs/heads/main refs/remotes/main [3ms]
2024-11-23 10:54:15.955 [info] > git status -z -uall [18ms]
2024-11-23 10:54:22.248 [info] Log level: Info
2024-11-23 10:54:22.248 [info] Validating found git in: "git"
2024-11-23 10:54:22.248 [info] Using git "2.43.0" from "git"
2024-11-23 10:54:22.248 [info] > git rev-parse --show-toplevel [11ms]
2024-11-23 10:54:22.248 [info] > git rev-parse --git-dir --git-common-dir [8ms]
2024-11-23 10:54:22.248 [info] Open repository: /mnt/hdd/HDD(lost+found)/maskura/project/Edge_project/baiust
2024-11-23 10:54:22.248 [info] > git rev-parse --show-toplevel [16ms]
2024-11-23 10:54:22.248 [info] > git config --get commit.template [34ms]
2024-11-23 10:54:22.251 [info] > git for-each-ref --format=%(refname)%00%(upstream:short)%00%(objectname)%00%(upstream:track)%00%(upstream:remotename)%00%(upstream:remoteref) refs/heads/main refs/remotes/main [7ms]
2024-11-23 10:54:22.252 [info] > git rev-parse --show-toplevel [20ms]
2024-11-23 10:54:22.279 [info] > git rev-parse --show-toplevel [14ms]
2024-11-23 10:54:22.313 [info] > git rev-parse --show-toplevel [3ms]
2024-11-23 10:54:22.553 [info] > git status -z -uall [258ms]
2024-11-23 10:54:22.678 [info] > git merge-base refs/heads/main refs/remotes/origin/main [105ms]
2024-11-23 10:54:22.688 [info] > git rev-parse --show-toplevel [137ms]
2024-11-23 10:54:22.745 [info] > git rev-list --count --left-right refs/heads/main...refs/remotes/origin/main [57ms]
2024-11-23 10:54:22.753 [info] > git config --get commit.template [91ms]
2024-11-23 10:54:22.780 [info] > git diff --name-status -z --diff-filter=ADMR 54af85143dc155976b56b6bd70766770499bfe56...refs/remotes/origin/main [28ms]
2024-11-23 10:54:22.801 [info] > git for-each-ref --format=%(refname)%00%(upstream:short)%00%(objectname)%00%(upstream:track)%00%(upstream:remotename)%00%(upstream:remoteref) refs/heads/main refs/remotes/main [5ms]
2024-11-23 10:54:22.869 [info] > git status -z -uall [57ms]
2024-11-23 10:54:23.128 [info] > git check-ignore -v -z --stdin [3ms]
2024-11-23 10:54:23.441 [info] > git show --textconv :baiust/urls.py [14ms]
2024-11-23 10:54:23.441 [info] > git ls-files --stage -- /mnt/hdd/HDD(lost+found)/maskura/project/Edge_project/baiust/baiust/urls.py [3ms]
2024-11-23 10:54:23.452 [info] > git cat-file -s 3b599b1bdc754fa102a89fca3f6ef02c8048be0c [3ms]
2024-11-23 10:54:25.812 [info] > git for-each-ref --format=%(refname)%00%(upstream:short)%00%(objectname)%00%(upstream:track)%00%(upstream:remotename)%00%(upstream:remoteref) refs/heads/main refs/remotes/main [2ms]
2024-11-23 10:54:25.813 [info] > git config --get commit.template [15ms]
2024-11-23 10:54:25.836 [info] > git status -z -uall [18ms]
2024-11-23 10:54:30.867 [info] > git config --get commit.template [10ms]
2024-11-23 10:54:30.870 [info] > git for-each-ref --format=%(refname)%00%(upstream:short)%00%(objectname)%00%(upstream:track)%00%(upstream:remotename)%00%(upstream:remoteref) refs/heads/main refs/remotes/main [4ms]
2024-11-23 10:54:30.894 [info] > git status -z -uall [16ms]
2024-11-23 10:54:35.920 [info] > git config --get commit.template [9ms]
2024-11-23 10:54:35.921 [info] > git for-each-ref --format=%(refname)%00%(upstream:short)%00%(objectname)%00%(upstream:track)%00%(upstream:remotename)%00%(upstream:remoteref) refs/heads/main refs/remotes/main [3ms]
2024-11-23 10:54:35.952 [info] > git status -z -uall [22ms]
2024-11-23 10:54:40.982 [info] > git config --get commit.template [11ms]
2024-11-23 10:54:40.985 [info] > git for-each-ref --format=%(refname)%00%(upstream:short)%00%(objectname)%00%(upstream:track)%00%(upstream:remotename)%00%(upstream:remoteref) refs/heads/main refs/remotes/main [3ms]
2024-11-23 10:54:41.013 [info] > git status -z -uall [20ms]
2024-11-23 10:54:47.008 [info] > git config --get commit.template [9ms]
2024-11-23 10:54:47.010 [info] > git for-each-ref --format=%(refname)%00%(upstream:short)%00%(objectname)%00%(upstream:track)%00%(upstream:remotename)%00%(upstream:remoteref) refs/heads/main refs/remotes/main [3ms]
2024-11-23 10:54:47.043 [info] > git status -z -uall [16ms]
2024-11-23 10:54:52.919 [info] > git config --get commit.template [7ms]
2024-11-23 10:54:52.920 [info] > git for-each-ref --format=%(refname)%00%(upstream:short)%00%(objectname)%00%(upstream:track)%00%(upstream:remotename)%00%(upstream:remoteref) refs/heads/main refs/remotes/main [3ms]
2024-11-23 10:54:52.943 [info] > git status -z -uall [18ms]
2024-11-23 10:54:57.972 [info] > git config --get commit.template [9ms]
2024-11-23 10:54:57.973 [info] > git for-each-ref --format=%(refname)%00%(upstream:short)%00%(objectname)%00%(upstream:track)%00%(upstream:remotename)%00%(upstream:remoteref) refs/heads/main refs/remotes/main [3ms]
2024-11-23 10:54:58.003 [info] > git status -z -uall [21ms]
2024-11-23 10:55:04.258 [info] > git config --get commit.template [9ms]
2024-11-23 10:55:04.260 [info] > git for-each-ref --format=%(refname)%00%(upstream:short)%00%(objectname)%00%(upstream:track)%00%(upstream:remotename)%00%(upstream:remoteref) refs/heads/main refs/remotes/main [3ms]
2024-11-23 10:55:04.290 [info] > git status -z -uall [20ms]
2024-11-23 10:55:09.324 [info] > git config --get commit.template [9ms]
2024-11-23 10:55:09.326 [info] > git for-each-ref --format=%(refname)%00%(upstream:short)%00%(objectname)%00%(upstream:track)%00%(upstream:remotename)%00%(upstream:remoteref) refs/heads/main refs/remotes/main [4ms]
2024-11-23 10:55:09.356 [info] > git status -z -uall [22ms]
2024-11-23 10:55:22.876 [info] > git config --get commit.template [11ms]
2024-11-23 10:55:22.878 [info] > git for-each-ref --format=%(refname)%00%(upstream:short)%00%(objectname)%00%(upstream:track)%00%(upstream:remotename)%00%(upstream:remoteref) refs/heads/main refs/remotes/main [4ms]
2024-11-23 10:55:22.911 [info] > git status -z -uall [25ms]
2024-11-23 10:55:27.944 [info] > git config --get commit.template [9ms]
2024-11-23 10:55:27.946 [info] > git for-each-ref --format=%(refname)%00%(upstream:short)%00%(objectname)%00%(upstream:track)%00%(upstream:remotename)%00%(upstream:remoteref) refs/heads/main refs/remotes/main [2ms]
2024-11-23 10:55:27.977 [info] > git status -z -uall [22ms]
2024-11-23 10:55:35.010 [info] > git config --get commit.template [10ms]
2024-11-23 10:55:35.012 [info] > git for-each-ref --format=%(refname)%00%(upstream:short)%00%(objectname)%00%(upstream:track)%00%(upstream:remotename)%00%(upstream:remoteref) refs/heads/main refs/remotes/main [3ms]
2024-11-23 10:55:35.041 [info] > git status -z -uall [21ms]
2024-11-23 10:55:40.072 [info] > git config --get commit.template [9ms]
2024-11-23 10:55:40.074 [info] > git for-each-ref --format=%(refname)%00%(upstream:short)%00%(objectname)%00%(upstream:track)%00%(upstream:remotename)%00%(upstream:remoteref) refs/heads/main refs/remotes/main [3ms]
2024-11-23 10:55:40.103 [info] > git status -z -uall [21ms]
2024-11-23 10:55:45.129 [info] > git config --get commit.template [9ms]
2024-11-23 10:55:45.131 [info] > git for-each-ref --format=%(refname)%00%(upstream:short)%00%(objectname)%00%(upstream:track)%00%(upstream:remotename)%00%(upstream:remoteref) refs/heads/main refs/remotes/main [3ms]
2024-11-23 10:55:45.161 [info] > git status -z -uall [21ms]
2024-11-23 10:55:55.954 [info] > git config --get commit.template [3ms]
2024-11-23 10:55:55.964 [info] > git for-each-ref --format=%(refname)%00%(upstream:short)%00%(objectname)%00%(upstream:track)%00%(upstream:remotename)%00%(upstream:remoteref) refs/heads/main refs/remotes/main [4ms]
2024-11-23 10:55:55.993 [info] > git status -z -uall [21ms]
2024-11-23 10:56:01.015 [info] > git config --get commit.template [7ms]
2024-11-23 10:56:01.016 [info] > git for-each-ref --format=%(refname)%00%(upstream:short)%00%(objectname)%00%(upstream:track)%00%(upstream:remotename)%00%(upstream:remoteref) refs/heads/main refs/remotes/main [2ms]
2024-11-23 10:56:01.039 [info] > git status -z -uall [17ms]
2024-11-23 10:56:06.064 [info] > git config --get commit.template [9ms]
2024-11-23 10:56:06.066 [info] > git for-each-ref --format=%(refname)%00%(upstream:short)%00%(objectname)%00%(upstream:track)%00%(upstream:remotename)%00%(upstream:remoteref) refs/heads/main refs/remotes/main [2ms]
2024-11-23 10:56:06.090 [info] > git status -z -uall [16ms]
2024-11-23 10:56:11.118 [info] > git config --get commit.template [9ms]
2024-11-23 10:56:11.120 [info] > git for-each-ref --format=%(refname)%00%(upstream:short)%00%(objectname)%00%(upstream:track)%00%(upstream:remotename)%00%(upstream:remoteref) refs/heads/main refs/remotes/main [2ms]
2024-11-23 10:56:11.142 [info] > git status -z -uall [17ms]
2024-11-23 10:56:22.633 [info] > git config --get commit.template [9ms]
2024-11-23 10:56:22.636 [info] > git for-each-ref --format=%(refname)%00%(upstream:short)%00%(objectname)%00%(upstream:track)%00%(upstream:remotename)%00%(upstream:remoteref) refs/heads/main refs/remotes/main [3ms]
2024-11-23 10:56:22.664 [info] > git status -z -uall [20ms]
2024-11-23 10:56:53.292 [info] > git config --get commit.template [9ms]
2024-11-23 10:56:53.294 [info] > git for-each-ref --format=%(refname)%00%(upstream:short)%00%(objectname)%00%(upstream:track)%00%(upstream:remotename)%00%(upstream:remoteref) refs/heads/main refs/remotes/main [3ms]
2024-11-23 10:56:53.323 [info] > git status -z -uall [21ms]
2024-11-23 10:56:58.351 [info] > git config --get commit.template [8ms]
2024-11-23 10:56:58.353 [info] > git for-each-ref --format=%(refname)%00%(upstream:short)%00%(objectname)%00%(upstream:track)%00%(upstream:remotename)%00%(upstream:remoteref) refs/heads/main refs/remotes/main [3ms]
2024-11-23 10:56:58.383 [info] > git status -z -uall [20ms]
2024-11-23 10:57:06.391 [info] > git config --get commit.template [8ms]
2024-11-23 10:57:06.392 [info] > git for-each-ref --format=%(refname)%00%(upstream:short)%00%(objectname)%00%(upstream:track)%00%(upstream:remotename)%00%(upstream:remoteref) refs/heads/main refs/remotes/main [3ms]
2024-11-23 10:57:06.414 [info] > git status -z -uall [17ms]
2024-11-23 10:57:11.436 [info] > git for-each-ref --format=%(refname)%00%(upstream:short)%00%(objectname)%00%(upstream:track)%00%(upstream:remotename)%00%(upstream:remoteref) refs/heads/main refs/remotes/main [2ms]
2024-11-23 10:57:11.436 [info] > git config --get commit.template [11ms]
2024-11-23 10:57:11.467 [info] > git status -z -uall [21ms]
2024-11-23 10:57:16.493 [info] > git config --get commit.template [9ms]
2024-11-23 10:57:16.495 [info] > git for-each-ref --format=%(refname)%00%(upstream:short)%00%(objectname)%00%(upstream:track)%00%(upstream:remotename)%00%(upstream:remoteref) refs/heads/main refs/remotes/main [3ms]
2024-11-23 10:57:16.522 [info] > git status -z -uall [20ms]
