2024-11-29 19:42:30.522 [info] Reading sessions from keychain...
2024-11-29 19:42:30.522 [info] Getting sessions for all scopes...
2024-11-29 19:42:30.522 [info] Getting sessions for all scopes...
2024-11-29 19:42:30.530 [info] Got 0 sessions for ...
2024-11-29 19:42:30.531 [info] Got 0 sessions for ...
2024-11-29 19:42:30.747 [info] Getting sessions for read:user,repo,user:email,workflow...
2024-11-29 19:42:30.747 [info] Got 0 sessions for read:user,repo,user:email,workflow...
2024-11-29 19:42:30.808 [info] Getting sessions for all scopes...
2024-11-29 19:42:30.809 [info] Got 0 sessions for ...
2024-11-29 19:42:32.049 [info] Getting sessions for all scopes...
2024-11-29 19:42:32.049 [info] Got 0 sessions for ...
2024-11-29 19:42:40.542 [info] Reading sessions from keychain...
2024-11-29 19:42:40.542 [info] Getting sessions for all scopes...
2024-11-29 19:42:40.542 [info] Getting sessions for all scopes...
2024-11-29 19:42:40.648 [info] Getting sessions for read:user,repo,user:email,workflow...
2024-11-29 19:42:40.669 [info] Got 0 sessions for ...
2024-11-29 19:42:40.669 [info] Got 0 sessions for ...
2024-11-29 19:42:40.669 [info] Got 0 sessions for read:user,repo,user:email,workflow...
2024-11-29 19:42:40.928 [info] Getting sessions for all scopes...
2024-11-29 19:42:40.928 [info] Got 0 sessions for ...
