2024-11-29 19:42:04.835 [info] Log level: Info
2024-11-29 19:42:04.835 [info] Validating found git in: "git"
2024-11-29 19:42:04.835 [info] Using git "2.43.0" from "git"
2024-11-29 19:42:10.334 [info] Log level: Info
2024-11-29 19:42:10.334 [info] Validating found git in: "git"
2024-11-29 19:42:10.334 [info] Using git "2.43.0" from "git"
2024-11-29 19:42:29.733 [info] Log level: Info
2024-11-29 19:42:29.733 [info] Validating found git in: "git"
2024-11-29 19:42:29.733 [info] Using git "2.43.0" from "git"
2024-11-29 19:42:29.733 [info] > git rev-parse --show-toplevel [5ms]
2024-11-29 19:42:29.733 [info] > git rev-parse --git-dir --git-common-dir [4ms]
2024-11-29 19:42:29.733 [info] Open repository: /mnt/hdd/HDD(lost+found)/maskura/project/jango_git/BAISUT_project1
2024-11-29 19:42:29.772 [info] > git rev-parse --show-toplevel [8ms]
2024-11-29 19:42:29.777 [info] > git config --get commit.template [27ms]
2024-11-29 19:42:29.812 [info] > git for-each-ref --format=%(refname)%00%(upstream:short)%00%(objectname)%00%(upstream:track)%00%(upstream:remotename)%00%(upstream:remoteref) refs/heads/master refs/remotes/master [7ms]
2024-11-29 19:42:29.814 [info] > git rev-parse --show-toplevel [18ms]
2024-11-29 19:42:29.835 [info] > git rev-parse --show-toplevel [4ms]
2024-11-29 19:42:29.862 [info] > git rev-parse --show-toplevel [13ms]
2024-11-29 19:42:29.900 [info] > git status -z -uall [40ms]
2024-11-29 19:42:29.981 [info] > git rev-parse --show-toplevel [95ms]
2024-11-29 19:42:30.019 [info] > git merge-base refs/heads/master refs/remotes/origin/master [96ms]
2024-11-29 19:42:30.203 [info] > git rev-list --count --left-right refs/heads/master...refs/remotes/origin/master [173ms]
2024-11-29 19:42:30.214 [info] > git rev-parse --show-toplevel [206ms]
2024-11-29 19:42:30.216 [info] > git config --get commit.template [219ms]
2024-11-29 19:42:30.260 [info] > git diff --name-status -z --diff-filter=ADMR 9678bf9c543e3361be0aa420ed9b2d996f2c9b03...refs/remotes/origin/master [47ms]
2024-11-29 19:42:30.325 [info] > git rev-parse --show-toplevel [65ms]
2024-11-29 19:42:30.343 [info] > git for-each-ref --format=%(refname)%00%(upstream:short)%00%(objectname)%00%(upstream:track)%00%(upstream:remotename)%00%(upstream:remoteref) refs/heads/master refs/remotes/master [25ms]
2024-11-29 19:42:30.404 [info] > git rev-parse --show-toplevel [63ms]
2024-11-29 19:42:30.471 [info] > git rev-parse --show-toplevel [14ms]
2024-11-29 19:42:30.482 [info] > git status -z -uall [16ms]
2024-11-29 19:42:30.768 [info] > git check-ignore -v -z --stdin [6ms]
2024-11-29 19:42:32.521 [info] > git show --textconv :form_auth/views.py [14ms]
2024-11-29 19:42:32.522 [info] > git ls-files --stage -- /mnt/hdd/HDD(lost+found)/maskura/project/jango_git/BAISUT_project1/form_auth/views.py [2ms]
2024-11-29 19:42:32.531 [info] > git cat-file -s 367dadf7301b93aa0528f74fee62d41dfb8c1de9 [3ms]
2024-11-29 19:42:38.937 [info] Log level: Info
2024-11-29 19:42:38.937 [info] Validating found git in: "git"
2024-11-29 19:42:38.937 [info] Using git "2.43.0" from "git"
2024-11-29 19:42:38.937 [info] > git rev-parse --show-toplevel [16ms]
2024-11-29 19:42:38.937 [info] > git rev-parse --git-dir --git-common-dir [5ms]
2024-11-29 19:42:38.937 [info] Open repository: /mnt/hdd/HDD(lost+found)/maskura/project/jango_git/BAISUT_project1
2024-11-29 19:42:38.937 [info] > git rev-parse --show-toplevel [18ms]
2024-11-29 19:42:38.937 [info] > git config --get commit.template [28ms]
2024-11-29 19:42:38.937 [info] > git rev-parse --show-toplevel [17ms]
2024-11-29 19:42:38.937 [info] > git for-each-ref --format=%(refname)%00%(upstream:short)%00%(objectname)%00%(upstream:track)%00%(upstream:remotename)%00%(upstream:remoteref) refs/heads/master refs/remotes/master [29ms]
2024-11-29 19:42:39.084 [info] > git rev-parse --show-toplevel [72ms]
2024-11-29 19:42:39.159 [info] > git rev-parse --show-toplevel [46ms]
2024-11-29 19:42:39.187 [info] > git status -z -uall [31ms]
2024-11-29 19:42:39.308 [info] > git merge-base refs/heads/master refs/remotes/origin/master [97ms]
2024-11-29 19:42:39.329 [info] > git rev-parse --show-toplevel [144ms]
2024-11-29 19:42:39.625 [info] > git rev-list --count --left-right refs/heads/master...refs/remotes/origin/master [297ms]
2024-11-29 19:42:39.668 [info] > git config --get commit.template [363ms]
2024-11-29 19:42:39.731 [info] > git check-ignore -v -z --stdin [11ms]
2024-11-29 19:42:39.735 [info] > git diff --name-status -z --diff-filter=ADMR 9678bf9c543e3361be0aa420ed9b2d996f2c9b03...refs/remotes/origin/master [68ms]
2024-11-29 19:42:39.736 [info] > git rev-parse --show-toplevel [130ms]
2024-11-29 19:42:39.794 [info] > git rev-parse --show-toplevel [30ms]
2024-11-29 19:42:39.795 [info] > git for-each-ref --format=%(refname)%00%(upstream:short)%00%(objectname)%00%(upstream:track)%00%(upstream:remotename)%00%(upstream:remoteref) refs/heads/master refs/remotes/master [45ms]
2024-11-29 19:42:39.844 [info] > git rev-parse --show-toplevel [8ms]
2024-11-29 19:42:39.872 [info] > git rev-parse --show-toplevel [14ms]
2024-11-29 19:42:39.881 [info] > git status -z -uall [11ms]
2024-11-29 19:42:41.152 [info] > git show --textconv :form_auth/views.py [10ms]
2024-11-29 19:42:41.155 [info] > git ls-files --stage -- /mnt/hdd/HDD(lost+found)/maskura/project/jango_git/BAISUT_project1/form_auth/views.py [4ms]
2024-11-29 19:42:41.163 [info] > git cat-file -s 367dadf7301b93aa0528f74fee62d41dfb8c1de9 [2ms]
2024-11-29 19:43:40.573 [info] > git show --textconv :form_auth/forms.py [9ms]
2024-11-29 19:43:40.574 [info] > git ls-files --stage -- /mnt/hdd/HDD(lost+found)/maskura/project/jango_git/BAISUT_project1/form_auth/forms.py [3ms]
2024-11-29 19:43:40.584 [info] > git cat-file -s 84480c86e79d16c0b9e694b60bce8c50dcdbde57 [0ms]
2024-11-29 19:46:42.978 [info] > git show --textconv :form_auth/views.py [8ms]
2024-11-29 19:46:42.980 [info] > git ls-files --stage -- /mnt/hdd/HDD(lost+found)/maskura/project/jango_git/BAISUT_project1/form_auth/views.py [3ms]
2024-11-29 19:46:42.988 [info] > git cat-file -s 367dadf7301b93aa0528f74fee62d41dfb8c1de9 [3ms]
2024-11-29 19:49:04.029 [info] > git show --textconv :form_auth/models.py [10ms]
2024-11-29 19:49:04.031 [info] > git ls-files --stage -- /mnt/hdd/HDD(lost+found)/maskura/project/jango_git/BAISUT_project1/form_auth/models.py [3ms]
2024-11-29 19:49:04.041 [info] > git cat-file -s 6a9b450d61c328ce3b538dc1bf7ea43815919437 [3ms]
2024-11-29 19:49:11.385 [info] > git show --textconv :form_auth/views.py [9ms]
2024-11-29 19:49:11.387 [info] > git ls-files --stage -- /mnt/hdd/HDD(lost+found)/maskura/project/jango_git/BAISUT_project1/form_auth/views.py [4ms]
2024-11-29 19:49:11.395 [info] > git cat-file -s 367dadf7301b93aa0528f74fee62d41dfb8c1de9 [3ms]
2024-11-29 19:59:46.588 [info] > git check-ignore -v -z --stdin [3ms]
2024-11-29 19:59:48.013 [info] > git show --textconv :templates/form_auth/login.html [11ms]
2024-11-29 19:59:48.016 [info] > git ls-files --stage -- /mnt/hdd/HDD(lost+found)/maskura/project/jango_git/BAISUT_project1/templates/form_auth/login.html [4ms]
2024-11-29 19:59:48.025 [info] > git cat-file -s 8b9e7f5d8ca2f2924976d7cda694d7174c760633 [2ms]
2024-11-29 20:15:11.775 [info] > git show --textconv :templates/form_auth/register.html [6ms]
2024-11-29 20:15:11.777 [info] > git ls-files --stage -- /mnt/hdd/HDD(lost+found)/maskura/project/jango_git/BAISUT_project1/templates/form_auth/register.html [3ms]
2024-11-29 20:15:11.783 [info] > git cat-file -s 1901927248d31acd984c030346bd82f0f7d68c0b [2ms]
2024-11-29 20:15:39.718 [info] > git show --textconv :form_auth/forms.py [7ms]
2024-11-29 20:15:39.721 [info] > git ls-files --stage -- /mnt/hdd/HDD(lost+found)/maskura/project/jango_git/BAISUT_project1/form_auth/forms.py [4ms]
2024-11-29 20:15:39.732 [info] > git cat-file -s 84480c86e79d16c0b9e694b60bce8c50dcdbde57 [2ms]
2024-11-29 20:15:56.595 [info] > git show --textconv :templates/form_auth/register.html [9ms]
2024-11-29 20:15:56.597 [info] > git ls-files --stage -- /mnt/hdd/HDD(lost+found)/maskura/project/jango_git/BAISUT_project1/templates/form_auth/register.html [3ms]
2024-11-29 20:15:56.606 [info] > git cat-file -s 1901927248d31acd984c030346bd82f0f7d68c0b [3ms]
2024-11-29 20:16:57.806 [info] > git ls-files --stage -- /mnt/hdd/HDD(lost+found)/maskura/project/jango_git/BAISUT_project1/form_auth/urls.py [2ms]
2024-11-29 20:16:57.881 [info] > git show --textconv :form_auth/urls.py [84ms]
2024-11-29 20:16:57.881 [info] > git cat-file -s 61ab3689510fa143bb53ec9e9f8e520ecf9b2348 [68ms]
2024-11-29 20:19:08.732 [info] > git show --textconv :form_auth/views.py [9ms]
2024-11-29 20:19:08.733 [info] > git ls-files --stage -- /mnt/hdd/HDD(lost+found)/maskura/project/jango_git/BAISUT_project1/form_auth/views.py [2ms]
2024-11-29 20:19:08.742 [info] > git cat-file -s 367dadf7301b93aa0528f74fee62d41dfb8c1de9 [3ms]
2024-11-29 20:24:37.316 [info] > git show --textconv :templates/form_auth/home.html [7ms]
2024-11-29 20:24:37.318 [info] > git ls-files --stage -- /mnt/hdd/HDD(lost+found)/maskura/project/jango_git/BAISUT_project1/templates/form_auth/home.html [2ms]
2024-11-29 20:24:37.324 [info] > git cat-file -s 41d5420e01648b26ebc080b1197ce425a7fa7e6c [1ms]
2024-11-29 20:29:59.649 [info] > git show --textconv :form_auth/views.py [11ms]
2024-11-29 20:29:59.650 [info] > git ls-files --stage -- /mnt/hdd/HDD(lost+found)/maskura/project/jango_git/BAISUT_project1/form_auth/views.py [2ms]
2024-11-29 20:29:59.659 [info] > git cat-file -s 367dadf7301b93aa0528f74fee62d41dfb8c1de9 [3ms]
