2024-11-11 11:55:55.896 [info] Extension host with pid 4770 started
2024-11-11 11:55:56.134 [info] ExtensionService#_doActivateExtension vscode.git-base, startup: true, activationEvent: '*', root cause: vscode.git
2024-11-11 11:55:56.297 [info] ExtensionService#_doActivateExtension vscode.git, startup: true, activationEvent: '*'
2024-11-11 11:55:56.555 [info] ExtensionService#_doActivateExtension vscode.github, startup: true, activationEvent: '*'
2024-11-11 11:55:57.190 [info] Eager extensions activated
2024-11-11 11:55:57.222 [info] ExtensionService#_doActivateExtension vscode.debug-auto-launch, startup: false, activationEvent: 'onStartupFinished'
2024-11-11 11:55:57.260 [info] ExtensionService#_doActivateExtension vscode.merge-conflict, startup: false, activationEvent: 'onStartupFinished'
2024-11-11 11:56:04.944 [info] Extension host terminating: renderer closed the MessagePort
2024-11-11 11:56:04.970 [info] Extension host with pid 4770 exiting with code 0
2024-11-11 11:56:06.925 [info] Extension host with pid 4838 started
2024-11-11 11:56:06.988 [info] ExtensionService#_doActivateExtension vscode.git-base, startup: true, activationEvent: '*', root cause: vscode.git
2024-11-11 11:56:07.014 [info] ExtensionService#_doActivateExtension mcright.auto-save, startup: true, activationEvent: '*'
2024-11-11 11:56:07.086 [info] ExtensionService#_doActivateExtension vscode.git, startup: true, activationEvent: '*'
2024-11-11 11:56:07.166 [info] ExtensionService#_doActivateExtension vscode.github, startup: true, activationEvent: '*'
2024-11-11 11:56:07.522 [info] Eager extensions activated
2024-11-11 11:56:07.559 [info] ExtensionService#_doActivateExtension vscode.debug-auto-launch, startup: false, activationEvent: 'onStartupFinished'
2024-11-11 11:56:07.568 [info] ExtensionService#_doActivateExtension vscode.merge-conflict, startup: false, activationEvent: 'onStartupFinished'
2024-11-11 11:56:07.623 [info] ExtensionService#_doActivateExtension bradlc.vscode-tailwindcss, startup: false, activationEvent: 'onStartupFinished'
2024-11-11 11:56:07.731 [info] ExtensionService#_doActivateExtension ritwickdey.LiveServer, startup: false, activationEvent: 'onStartupFinished'
2024-11-11 11:56:50.349 [info] Extension host terminating: renderer closed the MessagePort
2024-11-11 11:56:50.385 [info] Extension host with pid 4838 exiting with code 0
2024-11-11 11:56:52.187 [info] Extension host with pid 4945 started
2024-11-11 11:56:52.187 [info] Skipping acquiring lock for /mnt/hdd/HDD(lost+found)/maskura/project/Edge_project/baiust/~/vscode-safe-mode/User/workspaceStorage/63183d9655ba2003e860cb602198bc81.
2024-11-11 11:56:52.256 [info] ExtensionService#_doActivateExtension vscode.git-base, startup: true, activationEvent: '*'
2024-11-11 11:56:52.265 [info] ExtensionService#_doActivateExtension vscode.github, startup: true, activationEvent: '*'
2024-11-11 11:56:52.317 [info] Eager extensions activated
2024-11-11 11:56:52.343 [info] ExtensionService#_doActivateExtension vscode.debug-auto-launch, startup: false, activationEvent: 'onStartupFinished'
2024-11-11 11:56:52.349 [info] ExtensionService#_doActivateExtension vscode.merge-conflict, startup: false, activationEvent: 'onStartupFinished'
2024-11-11 11:56:56.324 [info] ExtensionService#_doActivateExtension vscode.git, startup: false, activationEvent: 'api', root cause: vscode.github
2024-11-11 11:56:58.275 [info] Extension host terminating: renderer closed the MessagePort
2024-11-11 11:56:58.320 [error] ProxyResolver#addCertificatesV1 Canceled: Canceled
	at new O (/usr/share/code/resources/app/out/vs/workbench/api/node/extensionHostProcess.js:143:47131)
	at c.U (/usr/share/code/resources/app/out/vs/workbench/api/node/extensionHostProcess.js:150:5542)
	at F.<computed>.z.charCodeAt.F.<computed> (/usr/share/code/resources/app/out/vs/workbench/api/node/extensionHostProcess.js:150:2993)
	at C.loadCertificates (/usr/share/code/resources/app/out/vs/workbench/api/node/extensionHostProcess.js:156:41276)
	at Object.loadAdditionalCertificates (/usr/share/code/resources/app/out/vs/workbench/api/node/extensionHostProcess.js:138:34340)
	at /usr/share/code/resources/app/node_modules.asar/@vscode/proxy-agent/out/index.js:475:53
	at Generator.next (<anonymous>)
	at /usr/share/code/resources/app/node_modules.asar/@vscode/proxy-agent/out/index.js:35:71
	at new Promise (<anonymous>)
	at __awaiter (/usr/share/code/resources/app/node_modules.asar/@vscode/proxy-agent/out/index.js:31:12)
	at /usr/share/code/resources/app/node_modules.asar/@vscode/proxy-agent/out/index.js:474:43
	at /usr/share/code/resources/app/node_modules.asar/@vscode/proxy-agent/out/index.js:476:16
	at Generator.next (<anonymous>)
	at /usr/share/code/resources/app/node_modules.asar/@vscode/proxy-agent/out/index.js:35:71
	at new Promise (<anonymous>)
	at __awaiter (/usr/share/code/resources/app/node_modules.asar/@vscode/proxy-agent/out/index.js:31:12)
	at getOrLoadAdditionalCertificates (/usr/share/code/resources/app/node_modules.asar/@vscode/proxy-agent/out/index.js:472:12)
	at addCertificatesV1 (/usr/share/code/resources/app/node_modules.asar/@vscode/proxy-agent/out/index.js:456:9)
	at resolveProxy (/usr/share/code/resources/app/node_modules.asar/@vscode/proxy-agent/out/index.js:112:9)
	at /usr/share/code/resources/app/node_modules.asar/@vscode/proxy-agent/out/index.js:303:77
	at new Promise (<anonymous>)
	at _PacProxyAgent.resolveP [as resolver] (/usr/share/code/resources/app/node_modules.asar/@vscode/proxy-agent/out/index.js:303:54)
	at _PacProxyAgent.<anonymous> (/usr/share/code/resources/app/node_modules.asar/@vscode/proxy-agent/out/agent.js:70:37)
	at Generator.next (<anonymous>)
	at /usr/share/code/resources/app/node_modules.asar/@vscode/proxy-agent/out/agent.js:8:71
	at new Promise (<anonymous>)
	at __awaiter (/usr/share/code/resources/app/node_modules.asar/@vscode/proxy-agent/out/agent.js:4:12)
	at _PacProxyAgent.connect (/usr/share/code/resources/app/node_modules.asar/@vscode/proxy-agent/out/agent.js:52:16)
	at /usr/share/code/resources/app/node_modules.asar/agent-base/dist/index.js:73:30
2024-11-11 11:56:58.320 [info] Extension host with pid 4945 exiting with code 0
2024-11-11 11:56:59.971 [info] Extension host with pid 4995 started
2024-11-11 11:56:59.971 [info] Skipping acquiring lock for /mnt/hdd/HDD(lost+found)/maskura/project/Edge_project/baiust/~/vscode-safe-mode/User/workspaceStorage/63183d9655ba2003e860cb602198bc81.
2024-11-11 11:57:00.074 [info] ExtensionService#_doActivateExtension vscode.git-base, startup: true, activationEvent: '*', root cause: vscode.git
2024-11-11 11:57:00.092 [info] ExtensionService#_doActivateExtension mcright.auto-save, startup: true, activationEvent: '*'
2024-11-11 11:57:00.101 [info] ExtensionService#_doActivateExtension ms-python.python, startup: true, activationEvent: 'workspaceContains:manage.py'
2024-11-11 11:57:00.923 [info] ExtensionService#_doActivateExtension vscode.git, startup: true, activationEvent: '*'
2024-11-11 11:57:00.983 [info] ExtensionService#_doActivateExtension vscode.github, startup: true, activationEvent: '*'
2024-11-11 11:57:04.616 [info] Eager extensions activated
2024-11-11 11:57:04.728 [info] ExtensionService#_doActivateExtension vscode.debug-auto-launch, startup: false, activationEvent: 'onStartupFinished'
2024-11-11 11:57:04.737 [info] ExtensionService#_doActivateExtension vscode.merge-conflict, startup: false, activationEvent: 'onStartupFinished'
2024-11-11 11:57:04.768 [info] ExtensionService#_doActivateExtension bradlc.vscode-tailwindcss, startup: false, activationEvent: 'onStartupFinished'
2024-11-11 11:57:04.812 [info] ExtensionService#_doActivateExtension ritwickdey.LiveServer, startup: false, activationEvent: 'onStartupFinished'
2024-11-11 11:57:05.303 [info] ExtensionService#_doActivateExtension ms-python.vscode-pylance, startup: false, activationEvent: 'api', root cause: ms-python.python
2024-11-11 11:57:07.816 [error] Error: The language client requires VS Code version ^1.91.0 but received version 1.89.1
	at P.checkVersion (/home/maskura/.vscode/extensions/ms-python.python-2024.14.0-linux-x64/out/client/extension.js:2:2307252)
	at new P (/home/maskura/.vscode/extensions/ms-python.python-2024.14.0-linux-x64/out/client/extension.js:2:2306957)
	at Object.createClient (/home/maskura/.vscode/extensions/ms-python.python-2024.14.0-linux-x64/out/client/extension.js:2:52239)
	at _0x500d80 (/home/maskura/.vscode/extensions/ms-python.vscode-pylance-2024.8.2/dist/extension.bundle.js:1:214371)
	at process.processTicksAndRejections (node:internal/process/task_queues:95:5)
	at async _0x5446db (/home/maskura/.vscode/extensions/ms-python.vscode-pylance-2024.8.2/dist/extension.bundle.js:1:218069)
	at async _0x1d21da._startClient (/home/maskura/.vscode/extensions/ms-python.vscode-pylance-2024.8.2/dist/extension.bundle.js:1:167360)
	at async _0x1d21da._createNewRequest (/home/maskura/.vscode/extensions/ms-python.vscode-pylance-2024.8.2/dist/extension.bundle.js:1:166885)
	at async _0x1d21da._enqueueRequestAndWaitForRun (/home/maskura/.vscode/extensions/ms-python.vscode-pylance-2024.8.2/dist/extension.bundle.js:1:166089)
	at async _0x1d21da.startClient (/home/maskura/.vscode/extensions/ms-python.vscode-pylance-2024.8.2/dist/extension.bundle.js:1:165605)
	at async h.start (/home/maskura/.vscode/extensions/ms-python.python-2024.14.0-linux-x64/out/client/extension.js:2:39659)
2024-11-11 11:59:35.830 [info] ExtensionService#_doActivateExtension vscode.npm, startup: false, activationEvent: 'onTerminalQuickFixRequest:ms-vscode.npm-command'
2024-11-11 12:02:18.352 [info] ExtensionService#_doActivateExtension batisteo.vscode-django, startup: false, activationEvent: 'onLanguage:python'
2024-11-11 12:02:18.417 [info] ExtensionService#_doActivateExtension ms-python.debugpy, startup: false, activationEvent: 'onLanguage:python'
2024-11-11 12:02:18.612 [info] ExtensionService#_doActivateExtension vscode.emmet, startup: false, activationEvent: 'onLanguage'
2024-11-11 12:14:31.091 [warning] [Decorations] CAPPING events from decorations provider vscode.git 356
2024-11-11 12:14:31.357 [warning] [Decorations] CAPPING events from decorations provider vscode.git 357
2024-11-11 12:14:32.853 [warning] [Decorations] CAPPING events from decorations provider vscode.git 357
2024-11-11 12:14:37.907 [warning] [Decorations] CAPPING events from decorations provider vscode.git 356
2024-11-11 12:14:43.198 [warning] [Decorations] CAPPING events from decorations provider vscode.git 356
2024-11-11 12:14:48.260 [warning] [Decorations] CAPPING events from decorations provider vscode.git 356
2024-11-11 12:14:57.333 [warning] [Decorations] CAPPING events from decorations provider vscode.git 356
2024-11-11 12:15:02.418 [warning] [Decorations] CAPPING events from decorations provider vscode.git 357
2024-11-11 12:15:07.477 [warning] [Decorations] CAPPING events from decorations provider vscode.git 357
2024-11-11 12:15:12.546 [warning] [Decorations] CAPPING events from decorations provider vscode.git 356
2024-11-11 12:15:17.608 [warning] [Decorations] CAPPING events from decorations provider vscode.git 356
2024-11-11 12:15:22.659 [warning] [Decorations] CAPPING events from decorations provider vscode.git 357
2024-11-11 13:04:05.383 [info] Extension host terminating: renderer closed the MessagePort
2024-11-11 13:04:05.452 [error] Canceled: Canceled
	at new O (/usr/share/code/resources/app/out/vs/workbench/api/node/extensionHostProcess.js:143:47131)
	at c.U (/usr/share/code/resources/app/out/vs/workbench/api/node/extensionHostProcess.js:150:5542)
	at F.<computed>.z.charCodeAt.F.<computed> (/usr/share/code/resources/app/out/vs/workbench/api/node/extensionHostProcess.js:150:2993)
	at r.g (/usr/share/code/resources/app/out/vs/workbench/api/node/extensionHostProcess.js:153:188926)
	at r.executeCommand (/usr/share/code/resources/app/out/vs/workbench/api/node/extensionHostProcess.js:153:188364)
	at k.registerCommand.description (/usr/share/code/resources/app/out/vs/workbench/api/node/extensionHostProcess.js:153:187688)
	at r.h (/usr/share/code/resources/app/out/vs/workbench/api/node/extensionHostProcess.js:153:189465)
	at r.g (/usr/share/code/resources/app/out/vs/workbench/api/node/extensionHostProcess.js:153:188457)
	at r.executeCommand (/usr/share/code/resources/app/out/vs/workbench/api/node/extensionHostProcess.js:153:188364)
	at Object.executeCommand (/usr/share/code/resources/app/out/vs/workbench/api/node/extensionHostProcess.js:163:22673)
	at a.O [as value] (/usr/share/code/resources/app/extensions/git/dist/main.js:2:945138)
	at o.y (/usr/share/code/resources/app/out/vs/workbench/api/node/extensionHostProcess.js:82:660)
	at o.z (/usr/share/code/resources/app/out/vs/workbench/api/node/extensionHostProcess.js:82:730)
	at o.fire (/usr/share/code/resources/app/out/vs/workbench/api/node/extensionHostProcess.js:82:946)
	at Object.p [as dispose] (/usr/share/code/resources/app/extensions/git/dist/main.js:2:964222)
	at /usr/share/code/resources/app/extensions/git/dist/main.js:2:970260
	at Array.forEach (<anonymous>)
	at f.dispose (/usr/share/code/resources/app/extensions/git/dist/main.js:2:970246)
	at h.<anonymous> (/usr/share/code/resources/app/out/vs/workbench/api/node/extensionHostProcess.js:151:3955)
	at h.dispose (/usr/share/code/resources/app/out/vs/workbench/api/node/extensionHostProcess.js:151:4052)
	at h.<anonymous> (/usr/share/code/resources/app/extensions/git/dist/main.js:2:947395)
	at h.dispose (/usr/share/code/resources/app/out/vs/workbench/api/node/extensionHostProcess.js:151:4052)
	at a (/usr/share/code/resources/app/out/vs/workbench/api/node/extensionHostProcess.js:30:744)
	at f.eb (/usr/share/code/resources/app/out/vs/workbench/api/node/extensionHostProcess.js:159:9975)
	at /usr/share/code/resources/app/out/vs/workbench/api/node/extensionHostProcess.js:159:7824
	at Array.map (<anonymous>)
	at f.$ (/usr/share/code/resources/app/out/vs/workbench/api/node/extensionHostProcess.js:159:7811)
	at f.terminate (/usr/share/code/resources/app/out/vs/workbench/api/node/extensionHostProcess.js:159:8085)
	at a.terminate (/usr/share/code/resources/app/out/vs/workbench/api/node/extensionHostProcess.js:163:1513)
	at t (/usr/share/code/resources/app/out/vs/workbench/api/node/extensionHostProcess.js:176:9922)
	at MessagePortMain.<anonymous> (/usr/share/code/resources/app/out/vs/workbench/api/node/extensionHostProcess.js:176:6347)
	at MessagePortMain.emit (node:events:517:28)
	at MessagePortMain._internalPort.emit (node:electron/js2c/utility_init:2:2285) setContext undefined
2024-11-11 13:04:05.453 [error] Canceled: Canceled
	at new O (/usr/share/code/resources/app/out/vs/workbench/api/node/extensionHostProcess.js:143:47131)
	at c.U (/usr/share/code/resources/app/out/vs/workbench/api/node/extensionHostProcess.js:150:5542)
	at F.<computed>.z.charCodeAt.F.<computed> (/usr/share/code/resources/app/out/vs/workbench/api/node/extensionHostProcess.js:150:2993)
	at r.g (/usr/share/code/resources/app/out/vs/workbench/api/node/extensionHostProcess.js:153:188926)
	at r.executeCommand (/usr/share/code/resources/app/out/vs/workbench/api/node/extensionHostProcess.js:153:188364)
	at k.registerCommand.description (/usr/share/code/resources/app/out/vs/workbench/api/node/extensionHostProcess.js:153:187688)
	at r.h (/usr/share/code/resources/app/out/vs/workbench/api/node/extensionHostProcess.js:153:189465)
	at r.g (/usr/share/code/resources/app/out/vs/workbench/api/node/extensionHostProcess.js:153:188457)
	at r.executeCommand (/usr/share/code/resources/app/out/vs/workbench/api/node/extensionHostProcess.js:153:188364)
	at Object.executeCommand (/usr/share/code/resources/app/out/vs/workbench/api/node/extensionHostProcess.js:163:22673)
	at set hasGitHubRepositories [as hasGitHubRepositories] (/usr/share/code/resources/app/extensions/github/dist/extension.js:2:322969)
	at /usr/share/code/resources/app/extensions/github/dist/extension.js:2:323928
	at a.value (/usr/share/code/resources/app/extensions/git/dist/main.js:2:1050711)
	at o.y (/usr/share/code/resources/app/out/vs/workbench/api/node/extensionHostProcess.js:82:660)
	at o.z (/usr/share/code/resources/app/out/vs/workbench/api/node/extensionHostProcess.js:82:730)
	at o.fire (/usr/share/code/resources/app/out/vs/workbench/api/node/extensionHostProcess.js:82:946)
	at Object.p [as dispose] (/usr/share/code/resources/app/extensions/git/dist/main.js:2:964222)
	at /usr/share/code/resources/app/extensions/git/dist/main.js:2:970260
	at Array.forEach (<anonymous>)
	at f.dispose (/usr/share/code/resources/app/extensions/git/dist/main.js:2:970246)
	at h.<anonymous> (/usr/share/code/resources/app/out/vs/workbench/api/node/extensionHostProcess.js:151:3955)
	at h.dispose (/usr/share/code/resources/app/out/vs/workbench/api/node/extensionHostProcess.js:151:4052)
	at h.<anonymous> (/usr/share/code/resources/app/extensions/git/dist/main.js:2:947395)
	at h.dispose (/usr/share/code/resources/app/out/vs/workbench/api/node/extensionHostProcess.js:151:4052)
	at a (/usr/share/code/resources/app/out/vs/workbench/api/node/extensionHostProcess.js:30:744)
	at f.eb (/usr/share/code/resources/app/out/vs/workbench/api/node/extensionHostProcess.js:159:9975)
	at /usr/share/code/resources/app/out/vs/workbench/api/node/extensionHostProcess.js:159:7824
	at Array.map (<anonymous>)
	at f.$ (/usr/share/code/resources/app/out/vs/workbench/api/node/extensionHostProcess.js:159:7811)
	at f.terminate (/usr/share/code/resources/app/out/vs/workbench/api/node/extensionHostProcess.js:159:8085)
	at a.terminate (/usr/share/code/resources/app/out/vs/workbench/api/node/extensionHostProcess.js:163:1513)
	at t (/usr/share/code/resources/app/out/vs/workbench/api/node/extensionHostProcess.js:176:9922)
	at MessagePortMain.<anonymous> (/usr/share/code/resources/app/out/vs/workbench/api/node/extensionHostProcess.js:176:6347)
	at MessagePortMain.emit (node:events:517:28)
	at MessagePortMain._internalPort.emit (node:electron/js2c/utility_init:2:2285) setContext undefined
2024-11-11 13:04:05.454 [error] Error: The language client requires VS Code version ^1.91.0 but received version 1.89.1
	at P.checkVersion (/home/maskura/.vscode/extensions/ms-python.python-2024.14.0-linux-x64/out/client/extension.js:2:2307252)
	at new P (/home/maskura/.vscode/extensions/ms-python.python-2024.14.0-linux-x64/out/client/extension.js:2:2306957)
	at Object.createClient (/home/maskura/.vscode/extensions/ms-python.python-2024.14.0-linux-x64/out/client/extension.js:2:52239)
	at _0x500d80 (/home/maskura/.vscode/extensions/ms-python.vscode-pylance-2024.8.2/dist/extension.bundle.js:1:214371)
	at process.processTicksAndRejections (node:internal/process/task_queues:95:5)
	at async _0x5446db (/home/maskura/.vscode/extensions/ms-python.vscode-pylance-2024.8.2/dist/extension.bundle.js:1:218069)
	at async _0x1d21da._startClient (/home/maskura/.vscode/extensions/ms-python.vscode-pylance-2024.8.2/dist/extension.bundle.js:1:167360)
	at async _0x1d21da._createNewRequest (/home/maskura/.vscode/extensions/ms-python.vscode-pylance-2024.8.2/dist/extension.bundle.js:1:166885)
	at async _0x1d21da._enqueueRequestAndWaitForRun (/home/maskura/.vscode/extensions/ms-python.vscode-pylance-2024.8.2/dist/extension.bundle.js:1:166089)
	at async _0x1d21da.startClient (/home/maskura/.vscode/extensions/ms-python.vscode-pylance-2024.8.2/dist/extension.bundle.js:1:165605)
	at async h.start (/home/maskura/.vscode/extensions/ms-python.python-2024.14.0-linux-x64/out/client/extension.js:2:39659)
2024-11-11 13:04:05.454 [error] Error: The language client requires VS Code version ^1.91.0 but received version 1.89.1
	at P.checkVersion (/home/maskura/.vscode/extensions/ms-python.python-2024.14.0-linux-x64/out/client/extension.js:2:2307252)
	at new P (/home/maskura/.vscode/extensions/ms-python.python-2024.14.0-linux-x64/out/client/extension.js:2:2306957)
	at Object.createClient (/home/maskura/.vscode/extensions/ms-python.python-2024.14.0-linux-x64/out/client/extension.js:2:52239)
	at _0x500d80 (/home/maskura/.vscode/extensions/ms-python.vscode-pylance-2024.8.2/dist/extension.bundle.js:1:214371)
	at process.processTicksAndRejections (node:internal/process/task_queues:95:5)
	at async _0x5446db (/home/maskura/.vscode/extensions/ms-python.vscode-pylance-2024.8.2/dist/extension.bundle.js:1:218069)
	at async _0x1d21da._startClient (/home/maskura/.vscode/extensions/ms-python.vscode-pylance-2024.8.2/dist/extension.bundle.js:1:167360)
	at async _0x1d21da._createNewRequest (/home/maskura/.vscode/extensions/ms-python.vscode-pylance-2024.8.2/dist/extension.bundle.js:1:166885)
	at async _0x1d21da._enqueueRequestAndWaitForRun (/home/maskura/.vscode/extensions/ms-python.vscode-pylance-2024.8.2/dist/extension.bundle.js:1:166089)
	at async _0x1d21da.startClient (/home/maskura/.vscode/extensions/ms-python.vscode-pylance-2024.8.2/dist/extension.bundle.js:1:165605)
	at async h.start (/home/maskura/.vscode/extensions/ms-python.python-2024.14.0-linux-x64/out/client/extension.js:2:39659)
2024-11-11 13:04:05.456 [error] Canceled: Canceled
	at new O (/usr/share/code/resources/app/out/vs/workbench/api/node/extensionHostProcess.js:143:47131)
	at c.U (/usr/share/code/resources/app/out/vs/workbench/api/node/extensionHostProcess.js:150:5542)
	at F.<computed>.z.charCodeAt.F.<computed> (/usr/share/code/resources/app/out/vs/workbench/api/node/extensionHostProcess.js:150:2993)
	at r.g (/usr/share/code/resources/app/out/vs/workbench/api/node/extensionHostProcess.js:153:188926)
	at r.executeCommand (/usr/share/code/resources/app/out/vs/workbench/api/node/extensionHostProcess.js:153:188364)
	at k.registerCommand.description (/usr/share/code/resources/app/out/vs/workbench/api/node/extensionHostProcess.js:153:187688)
	at r.h (/usr/share/code/resources/app/out/vs/workbench/api/node/extensionHostProcess.js:153:189465)
	at r.g (/usr/share/code/resources/app/out/vs/workbench/api/node/extensionHostProcess.js:153:188457)
	at r.executeCommand (/usr/share/code/resources/app/out/vs/workbench/api/node/extensionHostProcess.js:153:188364)
	at Object.executeCommand (/usr/share/code/resources/app/out/vs/workbench/api/node/extensionHostProcess.js:163:22673)
	at pE (/home/maskura/.vscode/extensions/bradlc.vscode-tailwindcss-0.12.12/dist/extension.js:40:8772)
	at Ne (/home/maskura/.vscode/extensions/bradlc.vscode-tailwindcss-0.12.12/dist/extension.js:4:1357)
	at me (/home/maskura/.vscode/extensions/bradlc.vscode-tailwindcss-0.12.12/dist/extension.js:3:6845)
	at Immediate.<anonymous> (/home/maskura/.vscode/extensions/bradlc.vscode-tailwindcss-0.12.12/dist/extension.js:3:6723)
	at process.processImmediate (node:internal/timers:476:21) setContext undefined
2024-11-11 13:04:05.459 [info] Extension host with pid 4995 exiting with code 0
