2024-11-28 22:02:25.851 [info] Added views:workbench.panel.markers.view in workbench.panel.markers
2024-11-28 22:02:25.851 [info] Added views:workbench.panel.output in workbench.panel.output
2024-11-28 22:02:25.851 [info] Added views:terminal in terminal
2024-11-28 22:02:25.851 [info] Added views:outline in workbench.view.explorer
2024-11-28 22:02:25.851 [info] Added views:workbench.scm in workbench.view.scm
2024-11-28 22:02:25.851 [info] Added views:workbench.view.search in workbench.view.search
2024-11-28 22:02:25.851 [info] Added views:timeline in workbench.view.explorer
2024-11-28 22:02:25.851 [info] Added views:workbench.explorer.fileView in workbench.view.explorer
2024-11-28 22:02:26.555 [info] Added views:workbench.debug.welcome in workbench.view.debug
2024-11-28 22:02:28.960 [info] Added views:workbench.panel.repl.view in workbench.panel.repl
2024-11-28 22:02:32.197 [info] Added views:~remote.forwardedPorts in ~remote.forwardedPortsContainer
2024-11-28 22:03:01.143 [info] Added views:workbench.panel.markers.view in workbench.panel.markers
2024-11-28 22:03:01.143 [info] Added views:workbench.panel.output in workbench.panel.output
2024-11-28 22:03:01.143 [info] Added views:terminal in terminal
2024-11-28 22:03:01.143 [info] Added views:outline in workbench.view.explorer
2024-11-28 22:03:01.143 [info] Added views:workbench.scm in workbench.view.scm
2024-11-28 22:03:01.143 [info] Added views:workbench.view.search in workbench.view.search
2024-11-28 22:03:01.143 [info] Added views:timeline in workbench.view.explorer
2024-11-28 22:03:01.143 [info] Added views:workbench.explorer.fileView in workbench.view.explorer
2024-11-28 22:03:01.531 [info] Added views:workbench.debug.welcome in workbench.view.debug
2024-11-28 22:03:03.221 [info] Added views:workbench.panel.repl.view in workbench.panel.repl
2024-11-28 22:03:04.270 [info] Added views:workbench.view.testing in workbench.view.extension.test
2024-11-28 22:03:04.903 [info] Added views:~remote.forwardedPorts in ~remote.forwardedPortsContainer
2024-11-28 22:03:26.210 [info] Removed views:workbench.view.testing from workbench.view.extension.test
2024-11-28 22:03:27.209 [info] Added views:workbench.panel.markers.view in workbench.panel.markers
2024-11-28 22:03:27.209 [info] Added views:workbench.panel.output in workbench.panel.output
2024-11-28 22:03:27.209 [info] Added views:terminal in terminal
2024-11-28 22:03:27.209 [info] Added views:outline in workbench.view.explorer
2024-11-28 22:03:27.209 [info] Added views:workbench.scm in workbench.view.scm
2024-11-28 22:03:27.209 [info] Added views:workbench.view.search in workbench.view.search
2024-11-28 22:03:27.209 [info] Added views:timeline in workbench.view.explorer
2024-11-28 22:03:27.209 [info] Added views:workbench.explorer.fileView in workbench.view.explorer
2024-11-28 22:03:27.545 [info] Added views:workbench.debug.welcome in workbench.view.debug
2024-11-28 22:03:28.550 [info] Added views:workbench.panel.repl.view in workbench.panel.repl
2024-11-28 22:03:33.064 [info] Added views:workbench.panel.markers.view in workbench.panel.markers
2024-11-28 22:03:33.064 [info] Added views:workbench.panel.output in workbench.panel.output
2024-11-28 22:03:33.064 [info] Added views:terminal in terminal
2024-11-28 22:03:33.064 [info] Added views:outline in workbench.view.explorer
2024-11-28 22:03:33.064 [info] Added views:workbench.scm in workbench.view.scm
2024-11-28 22:03:33.064 [info] Added views:workbench.view.search in workbench.view.search
2024-11-28 22:03:33.064 [info] Added views:timeline in workbench.view.explorer
2024-11-28 22:03:33.064 [info] Added views:workbench.explorer.fileView in workbench.view.explorer
2024-11-28 22:03:33.677 [info] Added views:workbench.debug.welcome in workbench.view.debug
2024-11-28 22:03:34.388 [info] Added views:workbench.panel.repl.view in workbench.panel.repl
2024-11-28 22:03:35.246 [info] Added views:workbench.view.testing in workbench.view.extension.test
2024-11-28 22:03:38.664 [info] Added views:~remote.forwardedPorts in ~remote.forwardedPortsContainer
