2024-11-23 11:32:12.811 [info] Reading sessions from keychain...
2024-11-23 11:32:12.811 [info] Getting sessions for all scopes...
2024-11-23 11:32:12.811 [info] Getting sessions for all scopes...
2024-11-23 11:32:12.884 [info] Getting sessions for read:user,repo,user:email,workflow...
2024-11-23 11:32:12.924 [info] Got 0 sessions for ...
2024-11-23 11:32:12.924 [info] Got 0 sessions for ...
2024-11-23 11:32:12.925 [info] Got 0 sessions for read:user,repo,user:email,workflow...
2024-11-23 11:32:13.415 [info] Getting sessions for all scopes...
2024-11-23 11:32:13.415 [info] Got 0 sessions for ...
2024-11-23 11:32:13.665 [info] Getting sessions for all scopes...
2024-11-23 11:32:13.665 [info] Got 0 sessions for ...
2024-11-23 11:32:22.549 [info] Reading sessions from keychain...
2024-11-23 11:32:22.557 [info] Getting sessions for all scopes...
2024-11-23 11:32:22.557 [info] Getting sessions for all scopes...
2024-11-23 11:32:22.576 [info] Got 0 sessions for ...
2024-11-23 11:32:22.576 [info] Got 0 sessions for ...
2024-11-23 11:32:22.577 [info] Getting sessions for read:user,repo,user:email,workflow...
2024-11-23 11:32:22.577 [info] Got 0 sessions for read:user,repo,user:email,workflow...
2024-11-23 11:32:22.782 [info] Getting sessions for all scopes...
2024-11-23 11:32:22.782 [info] Got 0 sessions for ...
2024-11-23 11:33:09.503 [info] Reading sessions from keychain...
2024-11-23 11:33:09.503 [info] Getting sessions for all scopes...
2024-11-23 11:33:09.503 [info] Getting sessions for all scopes...
2024-11-23 11:33:09.503 [info] Got 0 sessions for ...
2024-11-23 11:33:09.503 [info] Got 0 sessions for ...
2024-11-23 11:33:09.503 [info] Getting sessions for all scopes...
2024-11-23 11:33:09.503 [info] Got 0 sessions for ...
2024-11-23 11:33:09.503 [info] Getting sessions for read:user,repo,user:email,workflow...
2024-11-23 11:33:09.503 [info] Got 0 sessions for read:user,repo,user:email,workflow...
2024-11-23 11:33:14.214 [info] Reading sessions from keychain...
2024-11-23 11:33:14.215 [info] Getting sessions for all scopes...
2024-11-23 11:33:14.215 [info] Getting sessions for all scopes...
2024-11-23 11:33:14.215 [info] Got 0 sessions for ...
2024-11-23 11:33:14.215 [info] Got 0 sessions for ...
2024-11-23 11:33:14.215 [info] Getting sessions for all scopes...
2024-11-23 11:33:14.215 [info] Got 0 sessions for ...
2024-11-23 11:33:14.257 [info] Getting sessions for read:user,repo,user:email,workflow...
2024-11-23 11:33:14.257 [info] Got 0 sessions for read:user,repo,user:email,workflow...
