2024-11-28 22:02:31.795 [info] Reading sessions from keychain...
2024-11-28 22:02:31.795 [info] Getting sessions for all scopes...
2024-11-28 22:02:31.795 [info] Getting sessions for all scopes...
2024-11-28 22:02:31.922 [info] Getting sessions for read:user,repo,user:email,workflow...
2024-11-28 22:02:31.935 [info] Got 0 sessions for ...
2024-11-28 22:02:31.935 [info] Got 0 sessions for ...
2024-11-28 22:02:31.935 [info] Got 0 sessions for read:user,repo,user:email,workflow...
2024-11-28 22:02:32.151 [info] Getting sessions for all scopes...
2024-11-28 22:02:32.151 [info] Got 0 sessions for ...
2024-11-28 22:03:06.973 [info] Reading sessions from keychain...
2024-11-28 22:03:06.973 [info] Getting sessions for all scopes...
2024-11-28 22:03:06.973 [info] Getting sessions for all scopes...
2024-11-28 22:03:07.091 [info] Got 0 sessions for ...
2024-11-28 22:03:07.091 [info] Got 0 sessions for ...
2024-11-28 22:03:07.129 [info] Getting sessions for read:user,repo,user:email,workflow...
2024-11-28 22:03:07.129 [info] Got 0 sessions for read:user,repo,user:email,workflow...
2024-11-28 22:03:07.257 [info] Getting sessions for all scopes...
2024-11-28 22:03:07.257 [info] Got 0 sessions for ...
2024-11-28 22:03:30.097 [info] Reading sessions from keychain...
2024-11-28 22:03:30.097 [info] Getting sessions for all scopes...
2024-11-28 22:03:30.097 [info] Getting sessions for all scopes...
2024-11-28 22:03:30.097 [info] Got 0 sessions for ...
2024-11-28 22:03:30.097 [info] Got 0 sessions for ...
2024-11-28 22:03:30.153 [info] Getting sessions for read:user,repo,user:email,workflow...
2024-11-28 22:03:30.156 [info] Got 0 sessions for read:user,repo,user:email,workflow...
2024-11-28 22:03:30.255 [info] Getting sessions for all scopes...
2024-11-28 22:03:30.255 [info] Got 0 sessions for ...
2024-11-28 22:03:32.145 [info] Getting sessions for all scopes...
2024-11-28 22:03:32.145 [info] Got 0 sessions for ...
2024-11-28 22:03:38.450 [info] Reading sessions from keychain...
2024-11-28 22:03:38.451 [info] Getting sessions for all scopes...
2024-11-28 22:03:38.451 [info] Getting sessions for all scopes...
2024-11-28 22:03:38.451 [info] Got 0 sessions for ...
2024-11-28 22:03:38.451 [info] Got 0 sessions for ...
2024-11-28 22:03:38.469 [info] Getting sessions for read:user,repo,user:email,workflow...
2024-11-28 22:03:38.469 [info] Got 0 sessions for read:user,repo,user:email,workflow...
2024-11-28 22:03:38.474 [info] Getting sessions for all scopes...
2024-11-28 22:03:38.474 [info] Got 0 sessions for ...
2024-11-28 22:03:38.596 [info] Getting sessions for all scopes...
2024-11-28 22:03:38.596 [info] Got 0 sessions for ...
