2024-11-23 11:32:19.977 [info] Experiment 'pythonRecommendTensorboardExt' is active
2024-11-23 11:32:19.977 [info] Experiment 'pythonTerminalEnvVarActivation' is active
2024-11-23 11:32:19.977 [info] Experiment 'pythonTestAdapter' is active
2024-11-23 11:32:19.977 [info] Native locator: Refresh started
2024-11-23 11:32:19.977 [info] Default formatter is set to null for workspace /mnt/hdd/HDD(lost+found)/maskura/project/Edge_project/baiust
2024-11-23 11:32:20.005 [info] Native locator: Refresh finished in 629 ms
2024-11-23 11:32:20.008 [info] Python interpreter path: /mnt/hdd/HDD(lost+found)/maskura/project/Edge_project/myenv/bin/python
2024-11-23 11:32:20.237 [info] > pyenv which python
2024-11-23 11:32:20.237 [info] cwd: .
2024-11-23 11:32:20.825 [info] > pixi --version
2024-11-23 11:32:20.829 [warning] could not find a pixi interpreter for the interpreter at /mnt/hdd/HDD(lost+found)/maskura/project/Edge_project/myenv/bin/python
2024-11-23 11:32:21.224 [error] [
  `Failed to start language server, Class name = h, completed in 449ms, has a falsy return value, Arg 1: <Uri:/mnt/hdd/HDD(lost+found)/maskura/project/Edge_project/baiust>, Arg 2: {"id":"/mnt/hdd/HDD(lost+found)/maskura/project/Edge_project/myenv/bin/python","sysPrefix":"/mnt/hdd/HDD(lost+found)/maskura/project/Edge_project/myenv","envType":"Venv","envName":"myenv","envPath":"/mnt/hdd/HDD(lost+found)/maskura/project/Edge_project/myenv/bin/python","path":"/mnt/hdd/HDD(lost+found)/maskura/project/Edge_project/myenv/bin/python","architecture":3,"sysVersion":"","version":{"raw":"3.12.3","major":3,"minor":12,"patch":3,"build":[],"prerelease":[]},"displayName":"Python 3.12.3 ('myenv')","detailedDisplayName":"Python 3.12.3 ('myenv')","type":"Virtual"}, Arg 3: {"documentSelector":[{"scheme":"file","language":"python"},{"scheme":"untitled","language":"python"},{"scheme":"vscode-notebook","language":"python"},{"scheme":"vscode-notebook-cell","language":"python"},{"scheme":"vscode-interactive-input","language":"python"}],"synchronize":{"configurationSection":["python","jupyter.runStartupCommands"]},"outputChannel":{"name":"Python Language Server","logLevel":3},"revealOutputChannelOn":4,"initializationOptions":{"experimentationSupport":true,"trustedWorkspaceSupport":true},"middleware":{"serviceContainer":{"container":{"options":{"autoBindInjectable":false,"defaultScope":"Transient","skipBaseClassChecks":true},"id":0,"_bindingDictionary":{"_map":{}},"_snapshots":[],"_middleware":null,"_activations":{"_map":{}},"_deactivations":{"_map":{}},"parent":null,"_metadataReader":{},"_moduleActivationStore":{"_map":{}}}},"serverVersion":"2024.8.2","lastCaptured":{},"nextWindow":0,"eventCount":0,"workspace":{},"connectedPromise":{"scope":null,"_resolved":false,"_rejected":false,"_promise":{}},"notebooks":{},"eventName":"LANGUAGE_SERVER.REQUEST"}}, Return Value: undefined`,
  [Error: The language client requires VS Code version ^1.91.0 but received version 1.89.1
  	at P.checkVersion (/home/maskura/.vscode/extensions/ms-python.python-2024.14.0-linux-x64/out/client/extension.js:2:2307252)
  	at new P (/home/maskura/.vscode/extensions/ms-python.python-2024.14.0-linux-x64/out/client/extension.js:2:2306957)
  	at Object.createClient (/home/maskura/.vscode/extensions/ms-python.python-2024.14.0-linux-x64/out/client/extension.js:2:52239)
  	at _0x500d80 (/home/maskura/.vscode/extensions/ms-python.vscode-pylance-2024.8.2/dist/extension.bundle.js:1:214371)
  	at async _0x5446db (/home/maskura/.vscode/extensions/ms-python.vscode-pylance-2024.8.2/dist/extension.bundle.js:1:218069)
  	at async _0x1d21da._startClient (/home/maskura/.vscode/extensions/ms-python.vscode-pylance-2024.8.2/dist/extension.bundle.js:1:167360)
  	at async _0x1d21da._createNewRequest (/home/maskura/.vscode/extensions/ms-python.vscode-pylance-2024.8.2/dist/extension.bundle.js:1:166885)
  	at async _0x1d21da._enqueueRequestAndWaitForRun (/home/maskura/.vscode/extensions/ms-python.vscode-pylance-2024.8.2/dist/extension.bundle.js:1:166089)
  	at async _0x1d21da.startClient (/home/maskura/.vscode/extensions/ms-python.vscode-pylance-2024.8.2/dist/extension.bundle.js:1:165605)
  	at async h.start (/home/maskura/.vscode/extensions/ms-python.python-2024.14.0-linux-x64/out/client/extension.js:2:39659)]
]
2024-11-23 11:32:21.225 [error] [
  'Starting language server, Class name = d, completed in 454ms, has a falsy return value, , Return Value: undefined',
  [Error: The language client requires VS Code version ^1.91.0 but received version 1.89.1
  	at P.checkVersion (/home/maskura/.vscode/extensions/ms-python.python-2024.14.0-linux-x64/out/client/extension.js:2:2307252)
  	at new P (/home/maskura/.vscode/extensions/ms-python.python-2024.14.0-linux-x64/out/client/extension.js:2:2306957)
  	at Object.createClient (/home/maskura/.vscode/extensions/ms-python.python-2024.14.0-linux-x64/out/client/extension.js:2:52239)
  	at _0x500d80 (/home/maskura/.vscode/extensions/ms-python.vscode-pylance-2024.8.2/dist/extension.bundle.js:1:214371)
  	at async _0x5446db (/home/maskura/.vscode/extensions/ms-python.vscode-pylance-2024.8.2/dist/extension.bundle.js:1:218069)
  	at async _0x1d21da._startClient (/home/maskura/.vscode/extensions/ms-python.vscode-pylance-2024.8.2/dist/extension.bundle.js:1:167360)
  	at async _0x1d21da._createNewRequest (/home/maskura/.vscode/extensions/ms-python.vscode-pylance-2024.8.2/dist/extension.bundle.js:1:166885)
  	at async _0x1d21da._enqueueRequestAndWaitForRun (/home/maskura/.vscode/extensions/ms-python.vscode-pylance-2024.8.2/dist/extension.bundle.js:1:166089)
  	at async _0x1d21da.startClient (/home/maskura/.vscode/extensions/ms-python.vscode-pylance-2024.8.2/dist/extension.bundle.js:1:165605)
  	at async h.start (/home/maskura/.vscode/extensions/ms-python.python-2024.14.0-linux-x64/out/client/extension.js:2:39659)]
]
2024-11-23 11:32:21.229 [error] [
  `Failed to start language server, Class name = d, completed in 455ms, has a falsy return value, Arg 1: <Uri:/mnt/hdd/HDD(lost+found)/maskura/project/Edge_project/baiust>, Arg 2: {"id":"/mnt/hdd/HDD(lost+found)/maskura/project/Edge_project/myenv/bin/python","sysPrefix":"/mnt/hdd/HDD(lost+found)/maskura/project/Edge_project/myenv","envType":"Venv","envName":"myenv","envPath":"/mnt/hdd/HDD(lost+found)/maskura/project/Edge_project/myenv/bin/python","path":"/mnt/hdd/HDD(lost+found)/maskura/project/Edge_project/myenv/bin/python","architecture":3,"sysVersion":"","version":{"raw":"3.12.3","major":3,"minor":12,"patch":3,"build":[],"prerelease":[]},"displayName":"Python 3.12.3 ('myenv')","detailedDisplayName":"Python 3.12.3 ('myenv')","type":"Virtual"}, Return Value: undefined`,
  [Error: The language client requires VS Code version ^1.91.0 but received version 1.89.1
  	at P.checkVersion (/home/maskura/.vscode/extensions/ms-python.python-2024.14.0-linux-x64/out/client/extension.js:2:2307252)
  	at new P (/home/maskura/.vscode/extensions/ms-python.python-2024.14.0-linux-x64/out/client/extension.js:2:2306957)
  	at Object.createClient (/home/maskura/.vscode/extensions/ms-python.python-2024.14.0-linux-x64/out/client/extension.js:2:52239)
  	at _0x500d80 (/home/maskura/.vscode/extensions/ms-python.vscode-pylance-2024.8.2/dist/extension.bundle.js:1:214371)
  	at async _0x5446db (/home/maskura/.vscode/extensions/ms-python.vscode-pylance-2024.8.2/dist/extension.bundle.js:1:218069)
  	at async _0x1d21da._startClient (/home/maskura/.vscode/extensions/ms-python.vscode-pylance-2024.8.2/dist/extension.bundle.js:1:167360)
  	at async _0x1d21da._createNewRequest (/home/maskura/.vscode/extensions/ms-python.vscode-pylance-2024.8.2/dist/extension.bundle.js:1:166885)
  	at async _0x1d21da._enqueueRequestAndWaitForRun (/home/maskura/.vscode/extensions/ms-python.vscode-pylance-2024.8.2/dist/extension.bundle.js:1:166089)
  	at async _0x1d21da.startClient (/home/maskura/.vscode/extensions/ms-python.vscode-pylance-2024.8.2/dist/extension.bundle.js:1:165605)
  	at async h.start (/home/maskura/.vscode/extensions/ms-python.python-2024.14.0-linux-x64/out/client/extension.js:2:39659)]
]
2024-11-23 11:32:21.230 [error] [
  'Failed to activate a workspace, Class name = v, completed in 1270ms, has a falsy return value, Arg 1: <Uri:/mnt/hdd/HDD(lost+found)/maskura/project/Edge_project/baiust/baiust/urls.py>, Arg 2: {"started":1732339939239}, Return Value: undefined',
  [Error: The language client requires VS Code version ^1.91.0 but received version 1.89.1
  	at P.checkVersion (/home/maskura/.vscode/extensions/ms-python.python-2024.14.0-linux-x64/out/client/extension.js:2:2307252)
  	at new P (/home/maskura/.vscode/extensions/ms-python.python-2024.14.0-linux-x64/out/client/extension.js:2:2306957)
  	at Object.createClient (/home/maskura/.vscode/extensions/ms-python.python-2024.14.0-linux-x64/out/client/extension.js:2:52239)
  	at _0x500d80 (/home/maskura/.vscode/extensions/ms-python.vscode-pylance-2024.8.2/dist/extension.bundle.js:1:214371)
  	at async _0x5446db (/home/maskura/.vscode/extensions/ms-python.vscode-pylance-2024.8.2/dist/extension.bundle.js:1:218069)
  	at async _0x1d21da._startClient (/home/maskura/.vscode/extensions/ms-python.vscode-pylance-2024.8.2/dist/extension.bundle.js:1:167360)
  	at async _0x1d21da._createNewRequest (/home/maskura/.vscode/extensions/ms-python.vscode-pylance-2024.8.2/dist/extension.bundle.js:1:166885)
  	at async _0x1d21da._enqueueRequestAndWaitForRun (/home/maskura/.vscode/extensions/ms-python.vscode-pylance-2024.8.2/dist/extension.bundle.js:1:166089)
  	at async _0x1d21da.startClient (/home/maskura/.vscode/extensions/ms-python.vscode-pylance-2024.8.2/dist/extension.bundle.js:1:165605)
  	at async h.start (/home/maskura/.vscode/extensions/ms-python.python-2024.14.0-linux-x64/out/client/extension.js:2:39659)]
]
2024-11-23 11:32:21.230 [error] Failure during activation. [Error: The language client requires VS Code version ^1.91.0 but received version 1.89.1
	at P.checkVersion (/home/maskura/.vscode/extensions/ms-python.python-2024.14.0-linux-x64/out/client/extension.js:2:2307252)
	at new P (/home/maskura/.vscode/extensions/ms-python.python-2024.14.0-linux-x64/out/client/extension.js:2:2306957)
	at Object.createClient (/home/maskura/.vscode/extensions/ms-python.python-2024.14.0-linux-x64/out/client/extension.js:2:52239)
	at _0x500d80 (/home/maskura/.vscode/extensions/ms-python.vscode-pylance-2024.8.2/dist/extension.bundle.js:1:214371)
	at async _0x5446db (/home/maskura/.vscode/extensions/ms-python.vscode-pylance-2024.8.2/dist/extension.bundle.js:1:218069)
	at async _0x1d21da._startClient (/home/maskura/.vscode/extensions/ms-python.vscode-pylance-2024.8.2/dist/extension.bundle.js:1:167360)
	at async _0x1d21da._createNewRequest (/home/maskura/.vscode/extensions/ms-python.vscode-pylance-2024.8.2/dist/extension.bundle.js:1:166885)
	at async _0x1d21da._enqueueRequestAndWaitForRun (/home/maskura/.vscode/extensions/ms-python.vscode-pylance-2024.8.2/dist/extension.bundle.js:1:166089)
	at async _0x1d21da.startClient (/home/maskura/.vscode/extensions/ms-python.vscode-pylance-2024.8.2/dist/extension.bundle.js:1:165605)
	at async h.start (/home/maskura/.vscode/extensions/ms-python.python-2024.14.0-linux-x64/out/client/extension.js:2:39659)]
2024-11-23 11:32:21.230 [error] sendStartupTelemetry() failed. [Error: The language client requires VS Code version ^1.91.0 but received version 1.89.1
	at P.checkVersion (/home/maskura/.vscode/extensions/ms-python.python-2024.14.0-linux-x64/out/client/extension.js:2:2307252)
	at new P (/home/maskura/.vscode/extensions/ms-python.python-2024.14.0-linux-x64/out/client/extension.js:2:2306957)
	at Object.createClient (/home/maskura/.vscode/extensions/ms-python.python-2024.14.0-linux-x64/out/client/extension.js:2:52239)
	at _0x500d80 (/home/maskura/.vscode/extensions/ms-python.vscode-pylance-2024.8.2/dist/extension.bundle.js:1:214371)
	at async _0x5446db (/home/maskura/.vscode/extensions/ms-python.vscode-pylance-2024.8.2/dist/extension.bundle.js:1:218069)
	at async _0x1d21da._startClient (/home/maskura/.vscode/extensions/ms-python.vscode-pylance-2024.8.2/dist/extension.bundle.js:1:167360)
	at async _0x1d21da._createNewRequest (/home/maskura/.vscode/extensions/ms-python.vscode-pylance-2024.8.2/dist/extension.bundle.js:1:166885)
	at async _0x1d21da._enqueueRequestAndWaitForRun (/home/maskura/.vscode/extensions/ms-python.vscode-pylance-2024.8.2/dist/extension.bundle.js:1:166089)
	at async _0x1d21da.startClient (/home/maskura/.vscode/extensions/ms-python.vscode-pylance-2024.8.2/dist/extension.bundle.js:1:165605)
	at async h.start (/home/maskura/.vscode/extensions/ms-python.python-2024.14.0-linux-x64/out/client/extension.js:2:39659)]
2024-11-23 11:32:21.333 [info] > . "/mnt/hdd/HDD(lost+found)/maskura/project/Edge_project/myenv/bin/activate" && echo 'e8b39361-0157-4923-80e1-22d70d46dee6' && python ~/.vscode/extensions/ms-python.python-2024.14.0-linux-x64/python_files/printEnvVariables.py
2024-11-23 11:32:21.333 [info] shell: bash
2024-11-23 11:32:21.543 [info] > /bin/python3 ~/.vscode/extensions/ms-python.python-2024.14.0-linux-x64/python_files/printEnvVariables.py
2024-11-23 11:32:21.543 [info] shell: bash
2024-11-23 11:32:21.645 [info] Setting environment variable VIRTUAL_ENV in collection to /mnt/hdd/HDD(lost+found)/maskura/project/Edge_project/myenv {"applyAtShellIntegration":true,"applyAtProcessCreation":true}
2024-11-23 11:32:21.645 [info] Setting environment variable VIRTUAL_ENV_PROMPT in collection to (myenv)  {"applyAtShellIntegration":true,"applyAtProcessCreation":true}
2024-11-23 11:32:21.645 [info] Prepending environment variable PS1 in collection with (myenv)  {"applyAtShellIntegration":true,"applyAtProcessCreation":false}
2024-11-23 11:32:21.645 [info] Prepending environment variable PATH in collection with /home/maskura/.vscode/extensions/ms-python.python-2024.14.0-linux-x64/python_files/deactivate/bash:/mnt/hdd/HDD(lost+found)/maskura/project/Edge_project/myenv/bin: {"applyAtShellIntegration":true,"applyAtProcessCreation":true}
2024-11-23 11:32:21.647 [info] Send text to terminal: /bin/python3 /home/maskura/.vscode/extensions/ms-python.python-2024.14.0-linux-x64/python_files/printEnvVariablesToFile.py /home/maskura/.vscode/extensions/ms-python.python-2024.14.0-linux-x64/python_files/deactivate/bash/envVars.txt
2024-11-23 11:33:13.244 [info] Experiment 'pythonRecommendTensorboardExt' is active
2024-11-23 11:33:13.244 [info] Experiment 'pythonTerminalEnvVarActivation' is active
2024-11-23 11:33:13.244 [info] Experiment 'pythonTestAdapter' is active
2024-11-23 11:33:13.244 [info] Native locator: Refresh started
2024-11-23 11:33:13.244 [info] Default formatter is set to null for workspace /mnt/hdd/HDD(lost+found)/maskura/project/jango_git/BAISUT_project1
2024-11-23 11:33:13.244 [info] Native locator: Refresh started
2024-11-23 11:33:13.244 [info] Native locator: Refresh started
2024-11-23 11:33:14.218 [info] Native locator: Refresh finished in 1360 ms
2024-11-23 11:33:14.229 [info] > pyenv which python
2024-11-23 11:33:14.229 [info] cwd: .
2024-11-23 11:33:14.266 [info] > pixi --version
2024-11-23 11:33:14.268 [warning] could not find a pixi interpreter for the interpreter at /usr/bin/python3
2024-11-23 11:33:14.380 [info] Python interpreter path: /usr/bin/python3
2024-11-23 11:33:14.400 [warning] could not find a pixi interpreter for the interpreter at /usr/bin/python3
2024-11-23 11:33:14.737 [error] [
  'Failed to start language server, Class name = h, completed in 336ms, has a falsy return value, Arg 1: <Uri:/mnt/hdd/HDD(lost+found)/maskura/project/jango_git/BAISUT_project1>, Arg 2: {"id":"/usr/bin/python3","sysPrefix":"/usr","envType":"System","envName":"","envPath":"/usr/bin/python3","path":"/usr/bin/python3","architecture":3,"sysVersion":"","version":{"raw":"3.12.3","major":3,"minor":12,"patch":3,"build":[],"prerelease":[]},"displayName":"Python 3.12.3","detailedDisplayName":"Python 3.12.3"}, Arg 3: {"documentSelector":[{"scheme":"file","language":"python"},{"scheme":"untitled","language":"python"},{"scheme":"vscode-notebook","language":"python"},{"scheme":"vscode-notebook-cell","language":"python"},{"scheme":"vscode-interactive-input","language":"python"}],"synchronize":{"configurationSection":["python","jupyter.runStartupCommands"]},"outputChannel":{"name":"Python Language Server","logLevel":3},"revealOutputChannelOn":4,"initializationOptions":{"experimentationSupport":true,"trustedWorkspaceSupport":true},"middleware":{"serviceContainer":{"container":{"options":{"autoBindInjectable":false,"defaultScope":"Transient","skipBaseClassChecks":true},"id":0,"_bindingDictionary":{"_map":{}},"_snapshots":[],"_middleware":null,"_activations":{"_map":{}},"_deactivations":{"_map":{}},"parent":null,"_metadataReader":{},"_moduleActivationStore":{"_map":{}}}},"serverVersion":"2024.8.2","lastCaptured":{},"nextWindow":0,"eventCount":0,"workspace":{},"connectedPromise":{"scope":null,"_resolved":false,"_rejected":false,"_promise":{}},"notebooks":{},"eventName":"LANGUAGE_SERVER.REQUEST"}}, Return Value: undefined',
  [Error: The language client requires VS Code version ^1.91.0 but received version 1.89.1
  	at P.checkVersion (/home/maskura/.vscode/extensions/ms-python.python-2024.14.0-linux-x64/out/client/extension.js:2:2307252)
  	at new P (/home/maskura/.vscode/extensions/ms-python.python-2024.14.0-linux-x64/out/client/extension.js:2:2306957)
  	at Object.createClient (/home/maskura/.vscode/extensions/ms-python.python-2024.14.0-linux-x64/out/client/extension.js:2:52239)
  	at _0x500d80 (/home/maskura/.vscode/extensions/ms-python.vscode-pylance-2024.8.2/dist/extension.bundle.js:1:214371)
  	at async _0x5446db (/home/maskura/.vscode/extensions/ms-python.vscode-pylance-2024.8.2/dist/extension.bundle.js:1:218069)
  	at async _0x1d21da._startClient (/home/maskura/.vscode/extensions/ms-python.vscode-pylance-2024.8.2/dist/extension.bundle.js:1:167360)
  	at async _0x1d21da._createNewRequest (/home/maskura/.vscode/extensions/ms-python.vscode-pylance-2024.8.2/dist/extension.bundle.js:1:166885)
  	at async _0x1d21da._enqueueRequestAndWaitForRun (/home/maskura/.vscode/extensions/ms-python.vscode-pylance-2024.8.2/dist/extension.bundle.js:1:166089)
  	at async _0x1d21da.startClient (/home/maskura/.vscode/extensions/ms-python.vscode-pylance-2024.8.2/dist/extension.bundle.js:1:165605)
  	at async h.start (/home/maskura/.vscode/extensions/ms-python.python-2024.14.0-linux-x64/out/client/extension.js:2:39659)]
]
2024-11-23 11:33:14.738 [error] [
  'Starting language server, Class name = d, completed in 338ms, has a falsy return value, , Return Value: undefined',
  [Error: The language client requires VS Code version ^1.91.0 but received version 1.89.1
  	at P.checkVersion (/home/maskura/.vscode/extensions/ms-python.python-2024.14.0-linux-x64/out/client/extension.js:2:2307252)
  	at new P (/home/maskura/.vscode/extensions/ms-python.python-2024.14.0-linux-x64/out/client/extension.js:2:2306957)
  	at Object.createClient (/home/maskura/.vscode/extensions/ms-python.python-2024.14.0-linux-x64/out/client/extension.js:2:52239)
  	at _0x500d80 (/home/maskura/.vscode/extensions/ms-python.vscode-pylance-2024.8.2/dist/extension.bundle.js:1:214371)
  	at async _0x5446db (/home/maskura/.vscode/extensions/ms-python.vscode-pylance-2024.8.2/dist/extension.bundle.js:1:218069)
  	at async _0x1d21da._startClient (/home/maskura/.vscode/extensions/ms-python.vscode-pylance-2024.8.2/dist/extension.bundle.js:1:167360)
  	at async _0x1d21da._createNewRequest (/home/maskura/.vscode/extensions/ms-python.vscode-pylance-2024.8.2/dist/extension.bundle.js:1:166885)
  	at async _0x1d21da._enqueueRequestAndWaitForRun (/home/maskura/.vscode/extensions/ms-python.vscode-pylance-2024.8.2/dist/extension.bundle.js:1:166089)
  	at async _0x1d21da.startClient (/home/maskura/.vscode/extensions/ms-python.vscode-pylance-2024.8.2/dist/extension.bundle.js:1:165605)
  	at async h.start (/home/maskura/.vscode/extensions/ms-python.python-2024.14.0-linux-x64/out/client/extension.js:2:39659)]
]
2024-11-23 11:33:14.738 [error] [
  'Failed to start language server, Class name = d, completed in 341ms, has a falsy return value, Arg 1: <Uri:/mnt/hdd/HDD(lost+found)/maskura/project/jango_git/BAISUT_project1>, Arg 2: {"id":"/usr/bin/python3","sysPrefix":"/usr","envType":"System","envName":"","envPath":"/usr/bin/python3","path":"/usr/bin/python3","architecture":3,"sysVersion":"","version":{"raw":"3.12.3","major":3,"minor":12,"patch":3,"build":[],"prerelease":[]},"displayName":"Python 3.12.3","detailedDisplayName":"Python 3.12.3"}, Return Value: undefined',
  [Error: The language client requires VS Code version ^1.91.0 but received version 1.89.1
  	at P.checkVersion (/home/maskura/.vscode/extensions/ms-python.python-2024.14.0-linux-x64/out/client/extension.js:2:2307252)
  	at new P (/home/maskura/.vscode/extensions/ms-python.python-2024.14.0-linux-x64/out/client/extension.js:2:2306957)
  	at Object.createClient (/home/maskura/.vscode/extensions/ms-python.python-2024.14.0-linux-x64/out/client/extension.js:2:52239)
  	at _0x500d80 (/home/maskura/.vscode/extensions/ms-python.vscode-pylance-2024.8.2/dist/extension.bundle.js:1:214371)
  	at async _0x5446db (/home/maskura/.vscode/extensions/ms-python.vscode-pylance-2024.8.2/dist/extension.bundle.js:1:218069)
  	at async _0x1d21da._startClient (/home/maskura/.vscode/extensions/ms-python.vscode-pylance-2024.8.2/dist/extension.bundle.js:1:167360)
  	at async _0x1d21da._createNewRequest (/home/maskura/.vscode/extensions/ms-python.vscode-pylance-2024.8.2/dist/extension.bundle.js:1:166885)
  	at async _0x1d21da._enqueueRequestAndWaitForRun (/home/maskura/.vscode/extensions/ms-python.vscode-pylance-2024.8.2/dist/extension.bundle.js:1:166089)
  	at async _0x1d21da.startClient (/home/maskura/.vscode/extensions/ms-python.vscode-pylance-2024.8.2/dist/extension.bundle.js:1:165605)
  	at async h.start (/home/maskura/.vscode/extensions/ms-python.python-2024.14.0-linux-x64/out/client/extension.js:2:39659)]
]
2024-11-23 11:33:14.739 [error] [
  'Failed to activate a workspace, Class name = v, completed in 1614ms, has a falsy return value, Arg 1: <Uri:/mnt/hdd/HDD(lost+found)/maskura/project/jango_git/BAISUT_project1>, Arg 2: {"started":1732339992735}, Return Value: undefined',
  [Error: The language client requires VS Code version ^1.91.0 but received version 1.89.1
  	at P.checkVersion (/home/maskura/.vscode/extensions/ms-python.python-2024.14.0-linux-x64/out/client/extension.js:2:2307252)
  	at new P (/home/maskura/.vscode/extensions/ms-python.python-2024.14.0-linux-x64/out/client/extension.js:2:2306957)
  	at Object.createClient (/home/maskura/.vscode/extensions/ms-python.python-2024.14.0-linux-x64/out/client/extension.js:2:52239)
  	at _0x500d80 (/home/maskura/.vscode/extensions/ms-python.vscode-pylance-2024.8.2/dist/extension.bundle.js:1:214371)
  	at async _0x5446db (/home/maskura/.vscode/extensions/ms-python.vscode-pylance-2024.8.2/dist/extension.bundle.js:1:218069)
  	at async _0x1d21da._startClient (/home/maskura/.vscode/extensions/ms-python.vscode-pylance-2024.8.2/dist/extension.bundle.js:1:167360)
  	at async _0x1d21da._createNewRequest (/home/maskura/.vscode/extensions/ms-python.vscode-pylance-2024.8.2/dist/extension.bundle.js:1:166885)
  	at async _0x1d21da._enqueueRequestAndWaitForRun (/home/maskura/.vscode/extensions/ms-python.vscode-pylance-2024.8.2/dist/extension.bundle.js:1:166089)
  	at async _0x1d21da.startClient (/home/maskura/.vscode/extensions/ms-python.vscode-pylance-2024.8.2/dist/extension.bundle.js:1:165605)
  	at async h.start (/home/maskura/.vscode/extensions/ms-python.python-2024.14.0-linux-x64/out/client/extension.js:2:39659)]
]
2024-11-23 11:33:14.739 [error] Failure during activation. [Error: The language client requires VS Code version ^1.91.0 but received version 1.89.1
	at P.checkVersion (/home/maskura/.vscode/extensions/ms-python.python-2024.14.0-linux-x64/out/client/extension.js:2:2307252)
	at new P (/home/maskura/.vscode/extensions/ms-python.python-2024.14.0-linux-x64/out/client/extension.js:2:2306957)
	at Object.createClient (/home/maskura/.vscode/extensions/ms-python.python-2024.14.0-linux-x64/out/client/extension.js:2:52239)
	at _0x500d80 (/home/maskura/.vscode/extensions/ms-python.vscode-pylance-2024.8.2/dist/extension.bundle.js:1:214371)
	at async _0x5446db (/home/maskura/.vscode/extensions/ms-python.vscode-pylance-2024.8.2/dist/extension.bundle.js:1:218069)
	at async _0x1d21da._startClient (/home/maskura/.vscode/extensions/ms-python.vscode-pylance-2024.8.2/dist/extension.bundle.js:1:167360)
	at async _0x1d21da._createNewRequest (/home/maskura/.vscode/extensions/ms-python.vscode-pylance-2024.8.2/dist/extension.bundle.js:1:166885)
	at async _0x1d21da._enqueueRequestAndWaitForRun (/home/maskura/.vscode/extensions/ms-python.vscode-pylance-2024.8.2/dist/extension.bundle.js:1:166089)
	at async _0x1d21da.startClient (/home/maskura/.vscode/extensions/ms-python.vscode-pylance-2024.8.2/dist/extension.bundle.js:1:165605)
	at async h.start (/home/maskura/.vscode/extensions/ms-python.python-2024.14.0-linux-x64/out/client/extension.js:2:39659)]
2024-11-23 11:33:14.739 [error] sendStartupTelemetry() failed. [Error: The language client requires VS Code version ^1.91.0 but received version 1.89.1
	at P.checkVersion (/home/maskura/.vscode/extensions/ms-python.python-2024.14.0-linux-x64/out/client/extension.js:2:2307252)
	at new P (/home/maskura/.vscode/extensions/ms-python.python-2024.14.0-linux-x64/out/client/extension.js:2:2306957)
	at Object.createClient (/home/maskura/.vscode/extensions/ms-python.python-2024.14.0-linux-x64/out/client/extension.js:2:52239)
	at _0x500d80 (/home/maskura/.vscode/extensions/ms-python.vscode-pylance-2024.8.2/dist/extension.bundle.js:1:214371)
	at async _0x5446db (/home/maskura/.vscode/extensions/ms-python.vscode-pylance-2024.8.2/dist/extension.bundle.js:1:218069)
	at async _0x1d21da._startClient (/home/maskura/.vscode/extensions/ms-python.vscode-pylance-2024.8.2/dist/extension.bundle.js:1:167360)
	at async _0x1d21da._createNewRequest (/home/maskura/.vscode/extensions/ms-python.vscode-pylance-2024.8.2/dist/extension.bundle.js:1:166885)
	at async _0x1d21da._enqueueRequestAndWaitForRun (/home/maskura/.vscode/extensions/ms-python.vscode-pylance-2024.8.2/dist/extension.bundle.js:1:166089)
	at async _0x1d21da.startClient (/home/maskura/.vscode/extensions/ms-python.vscode-pylance-2024.8.2/dist/extension.bundle.js:1:165605)
	at async h.start (/home/maskura/.vscode/extensions/ms-python.python-2024.14.0-linux-x64/out/client/extension.js:2:39659)]
