2024-11-23 11:32:12.077 [info] Log level: Info
2024-11-23 11:32:12.077 [info] Validating found git in: "git"
2024-11-23 11:32:12.077 [info] Using git "2.43.0" from "git"
2024-11-23 11:32:12.077 [info] > git rev-parse --show-toplevel [13ms]
2024-11-23 11:32:12.078 [info] > git rev-parse --git-dir --git-common-dir [5ms]
2024-11-23 11:32:12.095 [info] Open repository: /mnt/hdd/HDD(lost+found)/maskura/project/Edge_project/baiust
2024-11-23 11:32:12.146 [info] > git config --get commit.template [13ms]
2024-11-23 11:32:12.153 [info] > git rev-parse --show-toplevel [9ms]
2024-11-23 11:32:12.189 [info] > git rev-parse --show-toplevel [8ms]
2024-11-23 11:32:12.189 [info] > git for-each-ref --format=%(refname)%00%(upstream:short)%00%(objectname)%00%(upstream:track)%00%(upstream:remotename)%00%(upstream:remoteref) refs/heads/main refs/remotes/main [24ms]
2024-11-23 11:32:12.208 [info] > git rev-parse --show-toplevel [9ms]
2024-11-23 11:32:12.221 [info] > git rev-parse --show-toplevel [6ms]
2024-11-23 11:32:12.266 [info] > git status -z -uall [60ms]
2024-11-23 11:32:12.365 [info] > git merge-base refs/heads/main refs/remotes/origin/main [82ms]
2024-11-23 11:32:12.378 [info] > git rev-parse --show-toplevel [116ms]
2024-11-23 11:32:12.484 [info] > git rev-list --count --left-right refs/heads/main...refs/remotes/origin/main [106ms]
2024-11-23 11:32:12.495 [info] > git config --get commit.template [140ms]
2024-11-23 11:32:12.502 [info] > git diff --name-status -z --diff-filter=ADMR 54af85143dc155976b56b6bd70766770499bfe56...refs/remotes/origin/main [8ms]
2024-11-23 11:32:12.550 [info] > git for-each-ref --format=%(refname)%00%(upstream:short)%00%(objectname)%00%(upstream:track)%00%(upstream:remotename)%00%(upstream:remoteref) refs/heads/main refs/remotes/main [35ms]
2024-11-23 11:32:12.623 [info] > git status -z -uall [59ms]
2024-11-23 11:32:12.718 [info] > git check-ignore -v -z --stdin [6ms]
2024-11-23 11:32:14.147 [info] > git show --textconv :baiust/urls.py [17ms]
2024-11-23 11:32:14.148 [info] > git ls-files --stage -- /mnt/hdd/HDD(lost+found)/maskura/project/Edge_project/baiust/baiust/urls.py [2ms]
2024-11-23 11:32:14.160 [info] > git cat-file -s 3b599b1bdc754fa102a89fca3f6ef02c8048be0c [5ms]
2024-11-23 11:32:15.796 [info] > git config --get commit.template [7ms]
2024-11-23 11:32:15.799 [info] > git for-each-ref --format=%(refname)%00%(upstream:short)%00%(objectname)%00%(upstream:track)%00%(upstream:remotename)%00%(upstream:remoteref) refs/heads/main refs/remotes/main [3ms]
2024-11-23 11:32:15.823 [info] > git status -z -uall [19ms]
2024-11-23 11:32:20.994 [info] Log level: Info
2024-11-23 11:32:20.994 [info] Validating found git in: "git"
2024-11-23 11:32:20.994 [info] Using git "2.43.0" from "git"
2024-11-23 11:32:20.994 [info] > git rev-parse --show-toplevel [16ms]
2024-11-23 11:32:21.343 [info] > git rev-parse --git-dir --git-common-dir [100ms]
2024-11-23 11:32:21.435 [info] Open repository: /mnt/hdd/HDD(lost+found)/maskura/project/Edge_project/baiust
2024-11-23 11:32:21.516 [info] > git rev-parse --show-toplevel [37ms]
2024-11-23 11:32:21.523 [info] > git config --get commit.template [50ms]
2024-11-23 11:32:21.613 [info] > git rev-parse --show-toplevel [35ms]
2024-11-23 11:32:21.638 [info] > git for-each-ref --format=%(refname)%00%(upstream:short)%00%(objectname)%00%(upstream:track)%00%(upstream:remotename)%00%(upstream:remoteref) refs/heads/main refs/remotes/main [29ms]
2024-11-23 11:32:21.667 [info] > git rev-parse --show-toplevel [34ms]
2024-11-23 11:32:21.691 [info] > git rev-parse --show-toplevel [13ms]
2024-11-23 11:32:21.704 [info] > git rev-parse --show-toplevel [2ms]
2024-11-23 11:32:21.738 [info] > git status -z -uall [49ms]
2024-11-23 11:32:21.799 [info] > git merge-base refs/heads/main refs/remotes/origin/main [43ms]
2024-11-23 11:32:21.814 [info] > git config --get commit.template [17ms]
2024-11-23 11:32:21.817 [info] > git rev-list --count --left-right refs/heads/main...refs/remotes/origin/main [6ms]
2024-11-23 11:32:21.917 [info] > git for-each-ref --format=%(refname)%00%(upstream:short)%00%(objectname)%00%(upstream:track)%00%(upstream:remotename)%00%(upstream:remoteref) refs/heads/main refs/remotes/main [68ms]
2024-11-23 11:32:21.917 [info] > git diff --name-status -z --diff-filter=ADMR 54af85143dc155976b56b6bd70766770499bfe56...refs/remotes/origin/main [88ms]
2024-11-23 11:32:21.957 [info] > git status -z -uall [30ms]
2024-11-23 11:32:22.166 [info] > git check-ignore -v -z --stdin [5ms]
2024-11-23 11:32:23.018 [info] > git show --textconv :baiust/urls.py [12ms]
2024-11-23 11:32:23.023 [info] > git ls-files --stage -- /mnt/hdd/HDD(lost+found)/maskura/project/Edge_project/baiust/baiust/urls.py [7ms]
2024-11-23 11:32:23.034 [info] > git cat-file -s 3b599b1bdc754fa102a89fca3f6ef02c8048be0c [3ms]
2024-11-23 11:32:24.995 [info] > git config --get commit.template [10ms]
2024-11-23 11:32:24.997 [info] > git for-each-ref --format=%(refname)%00%(upstream:short)%00%(objectname)%00%(upstream:track)%00%(upstream:remotename)%00%(upstream:remoteref) refs/heads/main refs/remotes/main [4ms]
2024-11-23 11:32:25.027 [info] > git status -z -uall [21ms]
2024-11-23 11:32:34.694 [info] > git config --get commit.template [9ms]
2024-11-23 11:32:34.696 [info] > git for-each-ref --format=%(refname)%00%(upstream:short)%00%(objectname)%00%(upstream:track)%00%(upstream:remotename)%00%(upstream:remoteref) refs/heads/main refs/remotes/main [3ms]
2024-11-23 11:32:34.724 [info] > git status -z -uall [21ms]
2024-11-23 11:32:39.748 [info] > git config --get commit.template [7ms]
2024-11-23 11:32:39.750 [info] > git for-each-ref --format=%(refname)%00%(upstream:short)%00%(objectname)%00%(upstream:track)%00%(upstream:remotename)%00%(upstream:remoteref) refs/heads/main refs/remotes/main [3ms]
2024-11-23 11:32:39.779 [info] > git status -z -uall [23ms]
2024-11-23 11:32:44.809 [info] > git config --get commit.template [9ms]
2024-11-23 11:32:44.811 [info] > git for-each-ref --format=%(refname)%00%(upstream:short)%00%(objectname)%00%(upstream:track)%00%(upstream:remotename)%00%(upstream:remoteref) refs/heads/main refs/remotes/main [3ms]
2024-11-23 11:32:44.842 [info] > git status -z -uall [21ms]
2024-11-23 11:32:49.879 [info] > git config --get commit.template [9ms]
2024-11-23 11:32:49.880 [info] > git for-each-ref --format=%(refname)%00%(upstream:short)%00%(objectname)%00%(upstream:track)%00%(upstream:remotename)%00%(upstream:remoteref) refs/heads/main refs/remotes/main [3ms]
2024-11-23 11:32:49.913 [info] > git status -z -uall [25ms]
2024-11-23 11:33:08.590 [info] Log level: Info
2024-11-23 11:33:08.591 [info] Validating found git in: "git"
2024-11-23 11:33:08.591 [info] Using git "2.43.0" from "git"
2024-11-23 11:33:08.631 [info] > git rev-parse --show-toplevel [49ms]
2024-11-23 11:33:08.638 [info] > git rev-parse --git-dir --git-common-dir [2ms]
2024-11-23 11:33:08.657 [info] Open repository: /mnt/hdd/HDD(lost+found)/maskura/project/jango_git/BAISUT_project1
2024-11-23 11:33:08.681 [info] > git rev-parse --show-toplevel [9ms]
2024-11-23 11:33:08.682 [info] > git config --get commit.template [16ms]
2024-11-23 11:33:08.699 [info] > git rev-parse --show-toplevel [7ms]
2024-11-23 11:33:08.706 [info] > git rev-parse --show-toplevel [2ms]
2024-11-23 11:33:08.713 [info] > git rev-parse --show-toplevel [2ms]
2024-11-23 11:33:08.721 [info] > git rev-parse --show-toplevel [2ms]
2024-11-23 11:33:08.728 [info] > git rev-parse --show-toplevel [2ms]
2024-11-23 11:33:08.735 [info] > git rev-parse --show-toplevel [2ms]
2024-11-23 11:33:09.124 [info] > git for-each-ref --format=%(refname)%00%(upstream:short)%00%(objectname)%00%(upstream:track)%00%(upstream:remotename)%00%(upstream:remoteref) refs/heads/master refs/remotes/master [427ms]
2024-11-23 11:33:09.247 [info] > git check-ignore -v -z --stdin [48ms]
2024-11-23 11:33:09.256 [info] > git status -z -uall [124ms]
2024-11-23 11:33:09.347 [info] > git merge-base refs/heads/master refs/remotes/origin/master [69ms]
2024-11-23 11:33:09.355 [info] > git config --get commit.template [9ms]
2024-11-23 11:33:09.445 [info] > git for-each-ref --format=%(refname)%00%(upstream:short)%00%(objectname)%00%(upstream:track)%00%(upstream:remotename)%00%(upstream:remoteref) refs/heads/master refs/remotes/master [78ms]
2024-11-23 11:33:09.445 [info] > git rev-list --count --left-right refs/heads/master...refs/remotes/origin/master [91ms]
2024-11-23 11:33:09.480 [info] > git diff --name-status -z --diff-filter=ADMR c0fcf4c8c6c672cae71b2ba51e1fa305be7060bf...refs/remotes/origin/master [27ms]
2024-11-23 11:33:09.508 [info] > git status -z -uall [7ms]
2024-11-23 11:33:13.413 [info] Log level: Info
2024-11-23 11:33:13.413 [info] Validating found git in: "git"
2024-11-23 11:33:13.413 [info] Using git "2.43.0" from "git"
2024-11-23 11:33:13.413 [info] > git rev-parse --show-toplevel [22ms]
2024-11-23 11:33:13.568 [info] > git rev-parse --git-dir --git-common-dir [137ms]
2024-11-23 11:33:13.599 [info] Open repository: /mnt/hdd/HDD(lost+found)/maskura/project/jango_git/BAISUT_project1
2024-11-23 11:33:13.695 [info] > git rev-parse --show-toplevel [13ms]
2024-11-23 11:33:13.697 [info] > git config --get commit.template [28ms]
2024-11-23 11:33:13.731 [info] > git for-each-ref --format=%(refname)%00%(upstream:short)%00%(objectname)%00%(upstream:track)%00%(upstream:remotename)%00%(upstream:remoteref) refs/heads/master refs/remotes/master [7ms]
2024-11-23 11:33:13.732 [info] > git rev-parse --show-toplevel [19ms]
2024-11-23 11:33:13.763 [info] > git rev-parse --show-toplevel [8ms]
2024-11-23 11:33:13.796 [info] > git rev-parse --show-toplevel [16ms]
2024-11-23 11:33:13.812 [info] > git status -z -uall [20ms]
2024-11-23 11:33:13.812 [info] > git rev-parse --show-toplevel [3ms]
2024-11-23 11:33:13.896 [info] > git merge-base refs/heads/master refs/remotes/origin/master [65ms]
2024-11-23 11:33:13.922 [info] > git config --get commit.template [29ms]
2024-11-23 11:33:13.923 [info] > git rev-parse --show-toplevel [40ms]
2024-11-23 11:33:14.099 [info] > git rev-list --count --left-right refs/heads/master...refs/remotes/origin/master [182ms]
2024-11-23 11:33:14.125 [info] > git check-ignore -v -z --stdin [10ms]
2024-11-23 11:33:14.128 [info] > git diff --name-status -z --diff-filter=ADMR c0fcf4c8c6c672cae71b2ba51e1fa305be7060bf...refs/remotes/origin/master [19ms]
2024-11-23 11:33:14.129 [info] > git rev-parse --show-toplevel [31ms]
2024-11-23 11:33:14.141 [info] > git for-each-ref --format=%(refname)%00%(upstream:short)%00%(objectname)%00%(upstream:track)%00%(upstream:remotename)%00%(upstream:remoteref) refs/heads/master refs/remotes/master [18ms]
2024-11-23 11:33:14.190 [info] > git status -z -uall [10ms]
2024-11-23 11:33:47.980 [info] > git config --get commit.template [11ms]
2024-11-23 11:33:47.981 [info] > git for-each-ref --format=%(refname)%00%(upstream:short)%00%(objectname)%00%(upstream:track)%00%(upstream:remotename)%00%(upstream:remoteref) refs/heads/master refs/remotes/master [3ms]
2024-11-23 11:33:47.994 [info] > git status -z -uall [7ms]
2024-11-23 11:33:50.598 [info] > git check-ignore -v -z --stdin [3ms]
2024-11-23 11:33:53.047 [info] > git config --get commit.template [10ms]
2024-11-23 11:33:53.048 [info] > git for-each-ref --format=%(refname)%00%(upstream:short)%00%(objectname)%00%(upstream:track)%00%(upstream:remotename)%00%(upstream:remoteref) refs/heads/master refs/remotes/master [3ms]
2024-11-23 11:33:53.066 [info] > git status -z -uall [8ms]
2024-11-23 11:33:53.111 [info] > git merge-base refs/heads/master refs/remotes/origin/master [32ms]
2024-11-23 11:33:53.128 [info] > git rev-list --count --left-right refs/heads/master...refs/remotes/origin/master [8ms]
2024-11-23 11:33:53.137 [info] > git diff --name-status -z --diff-filter=ADMR 9678bf9c543e3361be0aa420ed9b2d996f2c9b03...refs/remotes/origin/master [2ms]
2024-11-23 11:34:02.939 [info] > git check-ignore -v -z --stdin [3ms]
2024-11-23 11:34:05.854 [info] > git show --textconv :form_auth/forms.py [36ms]
2024-11-23 11:34:05.854 [info] > git ls-files --stage -- /mnt/hdd/HDD(lost+found)/maskura/project/jango_git/BAISUT_project1/form_auth/forms.py [17ms]
2024-11-23 11:34:05.883 [info] > git cat-file -s 84480c86e79d16c0b9e694b60bce8c50dcdbde57 [15ms]
2024-11-23 11:34:45.073 [info] > git show --textconv :form_auth/views.py [11ms]
2024-11-23 11:34:45.075 [info] > git ls-files --stage -- /mnt/hdd/HDD(lost+found)/maskura/project/jango_git/BAISUT_project1/form_auth/views.py [5ms]
2024-11-23 11:34:45.085 [info] > git cat-file -s 367dadf7301b93aa0528f74fee62d41dfb8c1de9 [3ms]
2024-11-23 11:53:38.546 [info] > git show --textconv :form_auth/forms.py [7ms]
2024-11-23 11:53:38.547 [info] > git ls-files --stage -- /mnt/hdd/HDD(lost+found)/maskura/project/jango_git/BAISUT_project1/form_auth/forms.py [2ms]
2024-11-23 11:53:38.554 [info] > git cat-file -s 84480c86e79d16c0b9e694b60bce8c50dcdbde57 [2ms]
2024-11-23 11:53:41.448 [info] > git show --textconv :form_auth/views.py [10ms]
2024-11-23 11:53:41.450 [info] > git ls-files --stage -- /mnt/hdd/HDD(lost+found)/maskura/project/jango_git/BAISUT_project1/form_auth/views.py [5ms]
2024-11-23 11:53:41.459 [info] > git cat-file -s 367dadf7301b93aa0528f74fee62d41dfb8c1de9 [2ms]
2024-11-23 11:54:39.573 [info] > git check-ignore -v -z --stdin [3ms]
2024-11-23 11:54:41.397 [info] > git check-ignore -v -z --stdin [2ms]
