Locating server…
Booting server...
Setting up server…
Listening for messages…
Searching for Tailwind CSS projects in the workspace's folders.
[Global] Creating projects: []
[Global] Preparing projects...
[Global] Initializing projects...
[Global] Initialized 0 projects
[Info  - 12:06:39 PM] [GLOBAL] No matching project for document {
  fsPath: '/mnt/hdd/HDD(lost+found)/maskura/project/Edge_project/baiust/app_edge/models.py',
  normalPath: '/mnt/hdd/HDD(lost+found)/maskura/project/Edge_project/baiust/app_edge/models.py'
}
[Info  - 12:08:11 PM] [GLOBAL] No matching project for document {
  fsPath: '/mnt/hdd/HDD(lost+found)/maskura/project/Edge_project/baiust/app_edge/views/cviews.py',
  normalPath: '/mnt/hdd/HDD(lost+found)/maskura/project/Edge_project/baiust/app_edge/views/cviews.py'
}
[Info  - 12:09:01 PM] [GLOBAL] No matching project for document {
  fsPath: '/mnt/hdd/HDD(lost+found)/maskura/project/Edge_project/baiust/app_edge/models.py',
  normalPath: '/mnt/hdd/HDD(lost+found)/maskura/project/Edge_project/baiust/app_edge/models.py'
}
[Info  - 12:09:03 PM] [GLOBAL] No matching project for document {
  fsPath: '/mnt/hdd/HDD(lost+found)/maskura/project/Edge_project/baiust/app_edge/views/cviews.py',
  normalPath: '/mnt/hdd/HDD(lost+found)/maskura/project/Edge_project/baiust/app_edge/views/cviews.py'
}
[Info  - 12:11:41 PM] [GLOBAL] No matching project for document {
  fsPath: '/mnt/hdd/HDD(lost+found)/maskura/project/Edge_project/baiust/app_edge/views/url.py',
  normalPath: '/mnt/hdd/HDD(lost+found)/maskura/project/Edge_project/baiust/app_edge/views/url.py'
}
[Info  - 12:12:31 PM] [GLOBAL] No matching project for document {
  fsPath: '/mnt/hdd/HDD(lost+found)/maskura/project/Edge_project/baiust/app_edge/views/cviews.py',
  normalPath: '/mnt/hdd/HDD(lost+found)/maskura/project/Edge_project/baiust/app_edge/views/cviews.py'
}
[Info  - 12:13:05 PM] [GLOBAL] No matching project for document {
  fsPath: '/mnt/hdd/HDD(lost+found)/maskura/project/Edge_project/baiust/app_edge/views/url.py',
  normalPath: '/mnt/hdd/HDD(lost+found)/maskura/project/Edge_project/baiust/app_edge/views/url.py'
}
[Info  - 12:15:43 PM] [GLOBAL] No matching project for document {
  fsPath: '/mnt/hdd/HDD(lost+found)/maskura/project/Edge_project/baiust/baiust/urls.py',
  normalPath: '/mnt/hdd/HDD(lost+found)/maskura/project/Edge_project/baiust/baiust/urls.py'
}
[Info  - 12:18:18 PM] [GLOBAL] No matching project for document {
  fsPath: '/mnt/hdd/HDD(lost+found)/maskura/project/Edge_project/baiust/app_edge/views/url.py',
  normalPath: '/mnt/hdd/HDD(lost+found)/maskura/project/Edge_project/baiust/app_edge/views/url.py'
}
[Info  - 12:18:30 PM] [GLOBAL] No matching project for document {
  fsPath: '/mnt/hdd/HDD(lost+found)/maskura/project/Edge_project/baiust/app_edge/views/cviews.py',
  normalPath: '/mnt/hdd/HDD(lost+found)/maskura/project/Edge_project/baiust/app_edge/views/cviews.py'
}
[Info  - 12:19:33 PM] [GLOBAL] No matching project for document {
  fsPath: '/mnt/hdd/HDD(lost+found)/maskura/project/Edge_project/baiust/app_edge/models.py',
  normalPath: '/mnt/hdd/HDD(lost+found)/maskura/project/Edge_project/baiust/app_edge/models.py'
}
[Info  - 12:19:36 PM] [GLOBAL] No matching project for document {
  fsPath: '/mnt/hdd/HDD(lost+found)/maskura/project/Edge_project/baiust/app_edge/views/cviews.py',
  normalPath: '/mnt/hdd/HDD(lost+found)/maskura/project/Edge_project/baiust/app_edge/views/cviews.py'
}
[Info  - 12:19:44 PM] [GLOBAL] No matching project for document {
  fsPath: '/mnt/hdd/HDD(lost+found)/maskura/project/Edge_project/baiust/baiust/urls.py',
  normalPath: '/mnt/hdd/HDD(lost+found)/maskura/project/Edge_project/baiust/baiust/urls.py'
}
[Info  - 12:53:57 PM] [GLOBAL] No matching project for document {
  fsPath: '/mnt/hdd/HDD(lost+found)/maskura/project/Edge_project/baiust/app_edge/views/url.py',
  normalPath: '/mnt/hdd/HDD(lost+found)/maskura/project/Edge_project/baiust/app_edge/views/url.py'
}
[Info  - 12:57:13 PM] [GLOBAL] No matching project for document {
  fsPath: '/mnt/hdd/HDD(lost+found)/maskura/project/Edge_project/baiust/app_edge/models.py',
  normalPath: '/mnt/hdd/HDD(lost+found)/maskura/project/Edge_project/baiust/app_edge/models.py'
}
[Info  - 1:10:19 PM] [GLOBAL] No matching project for document {
  fsPath: '/mnt/hdd/HDD(lost+found)/maskura/project/Edge_project/baiust/app_edge/views/url.py',
  normalPath: '/mnt/hdd/HDD(lost+found)/maskura/project/Edge_project/baiust/app_edge/views/url.py'
}
[Info  - 1:10:31 PM] [GLOBAL] No matching project for document {
  fsPath: '/mnt/hdd/HDD(lost+found)/maskura/project/Edge_project/baiust/baiust/urls.py',
  normalPath: '/mnt/hdd/HDD(lost+found)/maskura/project/Edge_project/baiust/baiust/urls.py'
}
[Info  - 1:11:02 PM] [GLOBAL] No matching project for document {
  fsPath: '/mnt/hdd/HDD(lost+found)/maskura/project/Edge_project/baiust/app_edge/views/url.py',
  normalPath: '/mnt/hdd/HDD(lost+found)/maskura/project/Edge_project/baiust/app_edge/views/url.py'
}
[Info  - 1:11:16 PM] [GLOBAL] No matching project for document {
  fsPath: '/mnt/hdd/HDD(lost+found)/maskura/project/Edge_project/baiust/app_edge/views/cviews.py',
  normalPath: '/mnt/hdd/HDD(lost+found)/maskura/project/Edge_project/baiust/app_edge/views/cviews.py'
}
[Info  - 1:11:24 PM] [GLOBAL] No matching project for document {
  fsPath: '/mnt/hdd/HDD(lost+found)/maskura/project/Edge_project/baiust/baiust/urls.py',
  normalPath: '/mnt/hdd/HDD(lost+found)/maskura/project/Edge_project/baiust/baiust/urls.py'
}
[Info  - 1:12:02 PM] [GLOBAL] No matching project for document {
  fsPath: '/mnt/hdd/HDD(lost+found)/maskura/project/Edge_project/baiust/app_edge/views/urls.py',
  normalPath: '/mnt/hdd/HDD(lost+found)/maskura/project/Edge_project/baiust/app_edge/views/urls.py'
}
[Info  - 1:12:09 PM] [GLOBAL] No matching project for document {
  fsPath: '/mnt/hdd/HDD(lost+found)/maskura/project/Edge_project/baiust/baiust/urls.py',
  normalPath: '/mnt/hdd/HDD(lost+found)/maskura/project/Edge_project/baiust/baiust/urls.py'
}
[Info  - 1:12:49 PM] [GLOBAL] No matching project for document {
  fsPath: '/mnt/hdd/HDD(lost+found)/maskura/project/Edge_project/baiust/baiust/settings.py',
  normalPath: '/mnt/hdd/HDD(lost+found)/maskura/project/Edge_project/baiust/baiust/settings.py'
}
[Info  - 1:12:59 PM] [GLOBAL] No matching project for document {
  fsPath: '/mnt/hdd/HDD(lost+found)/maskura/project/Edge_project/baiust/app_edge/views/urls.py',
  normalPath: '/mnt/hdd/HDD(lost+found)/maskura/project/Edge_project/baiust/app_edge/views/urls.py'
}
[Info  - 1:13:15 PM] [GLOBAL] No matching project for document {
  fsPath: '/mnt/hdd/HDD(lost+found)/maskura/project/Edge_project/baiust/baiust/urls.py',
  normalPath: '/mnt/hdd/HDD(lost+found)/maskura/project/Edge_project/baiust/baiust/urls.py'
}
[Info  - 1:13:53 PM] [GLOBAL] No matching project for document {
  fsPath: '/mnt/hdd/HDD(lost+found)/maskura/project/Edge_project/baiust/app_edge/views/urls.py',
  normalPath: '/mnt/hdd/HDD(lost+found)/maskura/project/Edge_project/baiust/app_edge/views/urls.py'
}
[Info  - 1:14:27 PM] [GLOBAL] No matching project for document {
  fsPath: '/mnt/hdd/HDD(lost+found)/maskura/project/Edge_project/baiust/baiust/urls.py',
  normalPath: '/mnt/hdd/HDD(lost+found)/maskura/project/Edge_project/baiust/baiust/urls.py'
}
[Info  - 1:14:42 PM] [GLOBAL] No matching project for document {
  fsPath: '/mnt/hdd/HDD(lost+found)/maskura/project/Edge_project/baiust/app_edge/views/urls.py',
  normalPath: '/mnt/hdd/HDD(lost+found)/maskura/project/Edge_project/baiust/app_edge/views/urls.py'
}
[Info  - 1:14:52 PM] [GLOBAL] No matching project for document {
  fsPath: '/mnt/hdd/HDD(lost+found)/maskura/project/Edge_project/baiust/app_edge/views/cviews.py',
  normalPath: '/mnt/hdd/HDD(lost+found)/maskura/project/Edge_project/baiust/app_edge/views/cviews.py'
}
[Info  - 1:15:00 PM] [GLOBAL] No matching project for document {
  fsPath: '/mnt/hdd/HDD(lost+found)/maskura/project/Edge_project/baiust/baiust/urls.py',
  normalPath: '/mnt/hdd/HDD(lost+found)/maskura/project/Edge_project/baiust/baiust/urls.py'
}
[Info  - 1:15:02 PM] [GLOBAL] No matching project for document {
  fsPath: '/mnt/hdd/HDD(lost+found)/maskura/project/Edge_project/baiust/app_edge/views/urls.py',
  normalPath: '/mnt/hdd/HDD(lost+found)/maskura/project/Edge_project/baiust/app_edge/views/urls.py'
}
[Info  - 1:16:55 PM] [GLOBAL] No matching project for document {
  fsPath: '/mnt/hdd/HDD(lost+found)/maskura/project/Edge_project/baiust/baiust/urls.py',
  normalPath: '/mnt/hdd/HDD(lost+found)/maskura/project/Edge_project/baiust/baiust/urls.py'
}
