2024-11-23 11:32:08.447 [info] Added views:workbench.panel.markers.view in workbench.panel.markers
2024-11-23 11:32:08.447 [info] Added views:workbench.panel.output in workbench.panel.output
2024-11-23 11:32:08.447 [info] Added views:terminal in terminal
2024-11-23 11:32:08.447 [info] Added views:outline in workbench.view.explorer
2024-11-23 11:32:08.447 [info] Added views:workbench.scm in workbench.view.scm
2024-11-23 11:32:08.447 [info] Added views:workbench.view.search in workbench.view.search
2024-11-23 11:32:08.447 [info] Added views:timeline in workbench.view.explorer
2024-11-23 11:32:08.447 [info] Added views:workbench.explorer.fileView in workbench.view.explorer
2024-11-23 11:32:09.216 [info] Added views:workbench.debug.welcome in workbench.view.debug
2024-11-23 11:32:11.081 [info] Added views:workbench.panel.repl.view in workbench.panel.repl
2024-11-23 11:32:13.710 [info] Added views:~remote.forwardedPorts in ~remote.forwardedPortsContainer
2024-11-23 11:32:17.788 [info] Added views:workbench.panel.markers.view in workbench.panel.markers
2024-11-23 11:32:17.789 [info] Added views:workbench.panel.output in workbench.panel.output
2024-11-23 11:32:17.789 [info] Added views:terminal in terminal
2024-11-23 11:32:17.789 [info] Added views:outline in workbench.view.explorer
2024-11-23 11:32:17.789 [info] Added views:workbench.scm in workbench.view.scm
2024-11-23 11:32:17.789 [info] Added views:workbench.view.search in workbench.view.search
2024-11-23 11:32:17.789 [info] Added views:timeline in workbench.view.explorer
2024-11-23 11:32:17.789 [info] Added views:workbench.explorer.fileView in workbench.view.explorer
2024-11-23 11:32:18.129 [info] Added views:workbench.debug.welcome in workbench.view.debug
2024-11-23 11:32:18.968 [info] Added views:workbench.panel.repl.view in workbench.panel.repl
2024-11-23 11:32:20.192 [info] Added views:workbench.view.testing in workbench.view.extension.test
2024-11-23 11:32:22.723 [info] Added views:~remote.forwardedPorts in ~remote.forwardedPortsContainer
2024-11-23 11:33:02.783 [info] Removed views:workbench.view.testing from workbench.view.extension.test
2024-11-23 11:33:04.441 [info] Added views:workbench.panel.markers.view in workbench.panel.markers
2024-11-23 11:33:04.441 [info] Added views:workbench.panel.output in workbench.panel.output
2024-11-23 11:33:04.441 [info] Added views:terminal in terminal
2024-11-23 11:33:04.441 [info] Added views:outline in workbench.view.explorer
2024-11-23 11:33:04.441 [info] Added views:workbench.scm in workbench.view.scm
2024-11-23 11:33:04.441 [info] Added views:workbench.view.search in workbench.view.search
2024-11-23 11:33:04.441 [info] Added views:timeline in workbench.view.explorer
2024-11-23 11:33:04.441 [info] Added views:workbench.explorer.fileView in workbench.view.explorer
2024-11-23 11:33:05.167 [info] Added views:workbench.debug.variablesView,workbench.debug.watchExpressionsView,workbench.debug.callStackView,workbench.debug.breakPointsView in workbench.view.debug
2024-11-23 11:33:05.624 [info] Added views:workbench.panel.repl.view in workbench.panel.repl
2024-11-23 11:33:05.628 [info] Removed views:workbench.debug.breakPointsView,workbench.debug.callStackView,workbench.debug.watchExpressionsView,workbench.debug.variablesView from workbench.view.debug
2024-11-23 11:33:05.630 [info] Added views:workbench.debug.welcome in workbench.view.debug
2024-11-23 11:33:05.878 [info] Added views:~remote.forwardedPorts in ~remote.forwardedPortsContainer
2024-11-23 11:33:11.722 [info] Added views:workbench.panel.markers.view in workbench.panel.markers
2024-11-23 11:33:11.722 [info] Added views:workbench.panel.output in workbench.panel.output
2024-11-23 11:33:11.722 [info] Added views:terminal in terminal
2024-11-23 11:33:11.722 [info] Added views:outline in workbench.view.explorer
2024-11-23 11:33:11.722 [info] Added views:workbench.scm in workbench.view.scm
2024-11-23 11:33:11.722 [info] Added views:workbench.view.search in workbench.view.search
2024-11-23 11:33:11.722 [info] Added views:timeline in workbench.view.explorer
2024-11-23 11:33:11.722 [info] Added views:workbench.explorer.fileView in workbench.view.explorer
2024-11-23 11:33:12.470 [info] Added views:workbench.debug.welcome in workbench.view.debug
2024-11-23 11:33:12.593 [info] Added views:workbench.panel.repl.view in workbench.panel.repl
2024-11-23 11:33:13.138 [info] Added views:workbench.view.testing in workbench.view.extension.test
2024-11-23 11:33:13.518 [info] Added views:~remote.forwardedPorts in ~remote.forwardedPortsContainer
2024-11-23 12:53:10.847 [info] Removed views:workbench.view.testing from workbench.view.extension.test
