2024-11-23 10:54:07.174 [info] Added views:workbench.panel.markers.view in workbench.panel.markers
2024-11-23 10:54:07.174 [info] Added views:workbench.panel.output in workbench.panel.output
2024-11-23 10:54:07.174 [info] Added views:terminal in terminal
2024-11-23 10:54:07.174 [info] Added views:outline in workbench.view.explorer
2024-11-23 10:54:07.174 [info] Added views:workbench.scm in workbench.view.scm
2024-11-23 10:54:07.174 [info] Added views:workbench.view.search in workbench.view.search
2024-11-23 10:54:07.175 [info] Added views:timeline in workbench.view.explorer
2024-11-23 10:54:07.175 [info] Added views:workbench.explorer.fileView in workbench.view.explorer
2024-11-23 10:54:08.060 [info] Added views:workbench.debug.welcome in workbench.view.debug
2024-11-23 10:54:09.803 [info] Added views:workbench.panel.repl.view in workbench.panel.repl
2024-11-23 10:54:12.939 [info] Added views:~remote.forwardedPorts in ~remote.forwardedPortsContainer
2024-11-23 10:54:18.295 [info] Added views:workbench.panel.markers.view in workbench.panel.markers
2024-11-23 10:54:18.295 [info] Added views:workbench.panel.output in workbench.panel.output
2024-11-23 10:54:18.295 [info] Added views:terminal in terminal
2024-11-23 10:54:18.295 [info] Added views:outline in workbench.view.explorer
2024-11-23 10:54:18.295 [info] Added views:workbench.scm in workbench.view.scm
2024-11-23 10:54:18.295 [info] Added views:workbench.view.search in workbench.view.search
2024-11-23 10:54:18.295 [info] Added views:timeline in workbench.view.explorer
2024-11-23 10:54:18.295 [info] Added views:workbench.explorer.fileView in workbench.view.explorer
2024-11-23 10:54:18.745 [info] Added views:workbench.debug.welcome in workbench.view.debug
2024-11-23 10:54:19.458 [info] Added views:workbench.panel.repl.view in workbench.panel.repl
2024-11-23 10:54:20.854 [info] Added views:workbench.view.testing in workbench.view.extension.test
2024-11-23 10:54:21.469 [info] Added views:~remote.forwardedPorts in ~remote.forwardedPortsContainer
2024-11-23 11:31:11.290 [info] Removed views:workbench.view.testing from workbench.view.extension.test
