2024-11-14 12:05:11.320 [info] Added views:workbench.panel.markers.view in workbench.panel.markers
2024-11-14 12:05:11.320 [info] Added views:workbench.panel.output in workbench.panel.output
2024-11-14 12:05:11.320 [info] Added views:terminal in terminal
2024-11-14 12:05:11.320 [info] Added views:outline in workbench.view.explorer
2024-11-14 12:05:11.320 [info] Added views:workbench.scm in workbench.view.scm
2024-11-14 12:05:11.320 [info] Added views:workbench.view.search in workbench.view.search
2024-11-14 12:05:11.320 [info] Added views:timeline in workbench.view.explorer
2024-11-14 12:05:11.320 [info] Added views:workbench.explorer.fileView in workbench.view.explorer
2024-11-14 12:05:11.997 [info] Added views:workbench.debug.welcome in workbench.view.debug
2024-11-14 12:05:14.628 [info] Added views:workbench.panel.repl.view in workbench.panel.repl
2024-11-14 12:05:14.916 [info] Added views:~remote.forwardedPorts in ~remote.forwardedPortsContainer
2024-11-14 12:05:18.361 [info] Added views:workbench.panel.markers.view in workbench.panel.markers
2024-11-14 12:05:18.361 [info] Added views:workbench.panel.output in workbench.panel.output
2024-11-14 12:05:18.361 [info] Added views:terminal in terminal
2024-11-14 12:05:18.361 [info] Added views:outline in workbench.view.explorer
2024-11-14 12:05:18.361 [info] Added views:workbench.scm in workbench.view.scm
2024-11-14 12:05:18.361 [info] Added views:workbench.view.search in workbench.view.search
2024-11-14 12:05:18.361 [info] Added views:timeline in workbench.view.explorer
2024-11-14 12:05:18.361 [info] Added views:workbench.explorer.fileView in workbench.view.explorer
2024-11-14 12:05:18.692 [info] Added views:workbench.debug.welcome in workbench.view.debug
2024-11-14 12:05:19.485 [info] Added views:workbench.panel.repl.view in workbench.panel.repl
2024-11-14 12:05:20.786 [info] Added views:workbench.view.testing in workbench.view.extension.test
2024-11-14 12:05:21.467 [info] Added views:~remote.forwardedPorts in ~remote.forwardedPortsContainer
2024-11-14 13:16:59.856 [info] Removed views:workbench.view.testing from workbench.view.extension.test
